#
# There is insufficient memory for the Java Runtime Environment to continue.
# Native memory allocation (mmap) failed to map 65536 bytes for Failed to commit metaspace.
# Possible reasons:
#   The system is out of physical RAM or swap space
#   The process is running with CompressedOops enabled, and the Java Heap may be blocking the growth of the native heap
# Possible solutions:
#   Reduce memory load on the system
#   Increase physical memory or swap space
#   Check if swap backing store is full
#   Decrease Java heap size (-Xmx/-Xms)
#   Decrease number of Java threads
#   Decrease Java thread stack sizes (-Xss)
#   Set larger code cache with -XX:ReservedCodeCacheSize=
#   JVM is running with Zero Based Compressed Oops mode in which the Java heap is
#     placed in the first 32GB address space. The Java Heap base address is the
#     maximum limit for the native heap growth. Please use -XX:HeapBaseMinAddress
#     to set the Java Heap base and to place the Java Heap above 32GB virtual address.
# This output file may be truncated or incomplete.
#
#  Out of Memory Error (virtualSpaceNode.cpp:112), pid=35608, tid=42436
#
# JRE version: Java(TM) SE Runtime Environment (21.0.2+13) (build 21.0.2+13-LTS-58)
# Java VM: Java HotSpot(TM) 64-Bit Server VM (21.0.2+13-LTS-58, mixed mode, sharing, tiered, compressed oops, compressed class ptrs, g1 gc, windows-amd64)
# No core dump will be written. Minidumps are not enabled by default on client versions of Windows
#

---------------  S U M M A R Y ------------

Command Line: -ea -Didea.test.cyclic.buffer.size=1048576 -javaagent:C:\Program Files\JetBrains\IntelliJ IDEA Community Edition 2024.1.1\lib\idea_rt.jar=55206:C:\Program Files\JetBrains\IntelliJ IDEA Community Edition 2024.1.1\bin -Dfile.encoding=UTF-8 -Dsun.stdout.encoding=UTF-8 -Dsun.stderr.encoding=UTF-8 com.intellij.rt.testng.RemoteTestNGStarter -usedefaultlisteners false -socket55205 @w@C:\Users\abdul\AppData\Local\Temp\idea_working_dirs_testng.tmp -temp C:\Users\abdul\AppData\Local\Temp\idea_testng.tmp

Host: 11th Gen Intel(R) Core(TM) i7-1165G7 @ 2.80GHz, 8 cores, 15G,  Windows 11 , 64 bit Build 22621 (10.0.22621.3672)
Time: Wed Jun 26 03:04:19 2024 Egypt Daylight Time elapsed time: 1.140447 seconds (0d 0h 0m 1s)

---------------  T H R E A D  ---------------

Current thread (0x0000020c5aab3b20):  JavaThread "Attach Listener" daemon [_thread_in_vm, id=42436, stack(0x000000c189600000,0x000000c189700000) (1024K)]

Stack: [0x000000c189600000,0x000000c189700000]
Native frames: (J=compiled Java code, j=interpreted, Vv=VM code, C=native code)
V  [jvm.dll+0x6cade9]
V  [jvm.dll+0x8569c1]
V  [jvm.dll+0x858d2e]
V  [jvm.dll+0x859413]
V  [jvm.dll+0x280e56]
V  [jvm.dll+0x8526ee]
V  [jvm.dll+0x66e705]
V  [jvm.dll+0x1e68cc]
V  [jvm.dll+0x1e669e]
V  [jvm.dll+0x67104c]
V  [jvm.dll+0x670e62]
V  [jvm.dll+0x66f0de]
V  [jvm.dll+0x26b47f]
V  [jvm.dll+0x679305]
V  [jvm.dll+0x217b73]
V  [jvm.dll+0x2180b5]
V  [jvm.dll+0x218ad1]
V  [jvm.dll+0x20dd9e]
V  [jvm.dll+0x5ad3dc]
V  [jvm.dll+0x21f76a]
V  [jvm.dll+0x7cec21]
V  [jvm.dll+0x7cfc85]
V  [jvm.dll+0x7d022f]
V  [jvm.dll+0x476ff6]
C  [java.dll+0x1a2d]

Java frames: (J=compiled Java code, j=interpreted, Vv=VM code)
J 887  java.lang.ClassLoader.findBootstrapClass(Ljava/lang/String;)Ljava/lang/Class; java.base@21.0.2 (0 bytes) @ 0x0000020c4b5cadaa [0x0000020c4b5cad40+0x000000000000006a]
J 566 c1 java.lang.System$2.findBootstrapClassOrNull(Ljava/lang/String;)Ljava/lang/Class; java.base@21.0.2 (5 bytes) @ 0x0000020c43b7d68c [0x0000020c43b7d560+0x000000000000012c]
j  jdk.internal.loader.BootLoader.loadClassOrNull(Ljava/lang/String;)Ljava/lang/Class;+4 java.base@21.0.2
j  jdk.internal.loader.BootLoader.loadClass(Ljava/lang/Module;Ljava/lang/String;)Ljava/lang/Class;+1 java.base@21.0.2
j  java.lang.Class.forName(Ljava/lang/Module;Ljava/lang/String;Ljava/lang/Class;)Ljava/lang/Class;+83 java.base@21.0.2
j  java.lang.Class.forName(Ljava/lang/Module;Ljava/lang/String;)Ljava/lang/Class;+17 java.base@21.0.2
j  sun.util.resources.Bundles.findBundleOf(Lsun/util/resources/Bundles$CacheKey;Lsun/util/resources/Bundles$Strategy;Ljava/lang/String;Ljava/util/List;I)Ljava/util/ResourceBundle;+205 java.base@21.0.2
j  sun.util.resources.Bundles.findBundleOf(Lsun/util/resources/Bundles$CacheKey;Lsun/util/resources/Bundles$Strategy;Ljava/lang/String;Ljava/util/List;I)Ljava/util/ResourceBundle;+37 java.base@21.0.2
j  sun.util.resources.Bundles.loadBundleOf(Ljava/lang/String;Ljava/util/Locale;Lsun/util/resources/Bundles$Strategy;)Ljava/util/ResourceBundle;+112 java.base@21.0.2
j  sun.util.resources.Bundles.of(Ljava/lang/String;Ljava/util/Locale;Lsun/util/resources/Bundles$Strategy;)Ljava/util/ResourceBundle;+3 java.base@21.0.2
j  sun.util.resources.LocaleData$1.run()Ljava/util/ResourceBundle;+11 java.base@21.0.2
j  sun.util.resources.LocaleData$1.run()Ljava/lang/Object;+1 java.base@21.0.2
J 1551 c1 java.security.AccessController.doPrivileged(Ljava/security/PrivilegedAction;)Ljava/lang/Object; java.base@21.0.2 (9 bytes) @ 0x0000020c43d471d4 [0x0000020c43d47060+0x0000000000000174]
j  sun.util.resources.LocaleData.getBundle(Ljava/lang/String;Ljava/util/Locale;)Ljava/util/ResourceBundle;+9 java.base@21.0.2
j  sun.util.resources.LocaleData.getTimeZoneNames(Ljava/util/Locale;)Lsun/util/resources/TimeZoneNamesBundle;+26 java.base@21.0.2
j  sun.util.locale.provider.LocaleResources.getTimeZoneNames(Ljava/lang/String;)Ljava/lang/Object;+70 java.base@21.0.2
j  sun.util.cldr.CLDRTimeZoneNameProviderImpl.deriveFallbackName([Ljava/lang/String;ILjava/util/Locale;Z)V+192 java.base@21.0.2
j  sun.util.cldr.CLDRTimeZoneNameProviderImpl.getDisplayNameArray(Ljava/lang/String;Ljava/util/Locale;)[Ljava/lang/String;+162 java.base@21.0.2
j  sun.util.locale.provider.TimeZoneNameProviderImpl.getDisplayName(Ljava/lang/String;ZILjava/util/Locale;)Ljava/lang/String;+4 java.base@21.0.2
j  sun.util.locale.provider.TimeZoneNameUtility$TimeZoneNameGetter.getName(Ljava/util/spi/TimeZoneNameProvider;Ljava/util/Locale;Ljava/lang/String;ILjava/lang/String;)Ljava/lang/String;+126 java.base@21.0.2
j  sun.util.locale.provider.TimeZoneNameUtility$TimeZoneNameGetter.getObject(Ljava/util/spi/TimeZoneNameProvider;Ljava/util/Locale;Ljava/lang/String;[Ljava/lang/Object;)Ljava/lang/String;+49 java.base@21.0.2
j  sun.util.locale.provider.TimeZoneNameUtility$TimeZoneNameGetter.getObject(Ljava/util/spi/LocaleServiceProvider;Ljava/util/Locale;Ljava/lang/String;[Ljava/lang/Object;)Ljava/lang/Object;+9 java.base@21.0.2
j  sun.util.locale.provider.LocaleServiceProviderPool.getLocalizedObjectImpl(Lsun/util/locale/provider/LocaleServiceProviderPool$LocalizedObjectGetter;Ljava/util/Locale;ZLjava/lang/String;[Ljava/lang/Object;)Ljava/lang/Object;+93 java.base@21.0.2
j  sun.util.locale.provider.LocaleServiceProviderPool.getLocalizedObject(Lsun/util/locale/provider/LocaleServiceProviderPool$LocalizedObjectGetter;Ljava/util/Locale;Ljava/lang/String;[Ljava/lang/Object;)Ljava/lang/Object;+7 java.base@21.0.2
j  sun.util.locale.provider.TimeZoneNameUtility.retrieveDisplayNamesImpl(Ljava/lang/String;Ljava/util/Locale;)[Ljava/lang/String;+140 java.base@21.0.2
j  sun.util.locale.provider.TimeZoneNameUtility.retrieveDisplayName(Ljava/lang/String;ZILjava/util/Locale;)Ljava/lang/String;+2 java.base@21.0.2
j  java.util.TimeZone.getDisplayName(ZILjava/util/Locale;)Ljava/lang/String;+47 java.base@21.0.2
j  java.util.Date.toString()Ljava/lang/String;+150 java.base@21.0.2
J 1626 c1 java.lang.String.valueOf(Ljava/lang/Object;)Ljava/lang/String; java.base@21.0.2 (15 bytes) @ 0x0000020c43d80a7c [0x0000020c43d80940+0x000000000000013c]
j  java.lang.StringBuilder.append(Ljava/lang/Object;)Ljava/lang/StringBuilder;+2 java.base@21.0.2
j  java.util.Properties.writeDateComment(Ljava/io/BufferedWriter;)V+43 java.base@21.0.2
j  java.util.Properties.store0(Ljava/io/BufferedWriter;Ljava/lang/String;Z)V+10 java.base@21.0.2
j  java.util.Properties.store(Ljava/io/OutputStream;Ljava/lang/String;)V+21 java.base@21.0.2
j  jdk.internal.vm.VMSupport.serializePropertiesToByteArray(Ljava/util/Properties;)[B+14 java.base@21.0.2
j  jdk.internal.vm.VMSupport.serializeAgentPropertiesToByteArray()[B+6 java.base@21.0.2
v  ~StubRoutines::call_stub 0x0000020c4afe10e7

Compiled method (n/a)    1154  887     n 0       java.lang.ClassLoader::findBootstrapClass (native)
 total in heap  [0x0000020c4b5cab90,0x0000020c4b5cb288] = 1784
 relocation     [0x0000020c4b5cacf0,0x0000020c4b5cad30] = 64
 main code      [0x0000020c4b5cad40,0x0000020c4b5cb284] = 1348
 stub code      [0x0000020c4b5cb284,0x0000020c4b5cb288] = 4

[Constant Pool (empty)]

[MachCode]
[Entry Point]
  # {method} {0x0000020c5b43cc00} 'findBootstrapClass' '(Ljava/lang/String;)Ljava/lang/Class;' in 'java/lang/ClassLoader'
  # parm0:    rdx:rdx   = 'java/lang/String'
  #           [sp+0x70]  (sp of caller)
  0x0000020c4b5cad40: 448b 5208 | 49bb 0000 | 005b 0c02 | 0000 4d03 | d349 3bc2 | 0f84 0600 

  0x0000020c4b5cad58: ;   {runtime_call ic_miss_stub}
  0x0000020c4b5cad58: 0000 e921 | 3ca6 ff90 
[Verified Entry Point]
  0x0000020c4b5cad60: 8984 2400 | 80ff ff55 | 488b ec48 | 83ec 6090 | 4181 7f20 | 0100 0000 

  0x0000020c4b5cad78: ;   {runtime_call StubRoutines (final stubs)}
  0x0000020c4b5cad78: 7405 e801 | b0a4 ff48 | 8954 2420 | 4883 fa00 | 4c8d 4424 | 204c 0f44 

  0x0000020c4b5cad90: ;   {oop(a 'java/lang/Class'{0x00000007127b4f28} = 'java/lang/ClassLoader')}
  0x0000020c4b5cad90: 4424 2049 | be28 4f7b | 1207 0000 | 004c 8974 | 2450 4c8d | 7424 5049 | 8bd6 c5f8 

  0x0000020c4b5cadac: ;   {internal_word}
  0x0000020c4b5cadac: 7749 baaa | ad5c 4b0c | 0200 004d | 8997 a003 | 0000 4989 | a798 0300 

  0x0000020c4b5cadc4: ;   {external_word}
  0x0000020c4b5cadc4: 0049 baf9 | 45b4 cefe | 7f00 0041 | 803a 000f | 844a 0000 | 0052 4150 

  0x0000020c4b5caddc: ;   {metadata({method} {0x0000020c5b43cc00} 'findBootstrapClass' '(Ljava/lang/String;)Ljava/lang/Class;' in 'java/lang/ClassLoader')}
  0x0000020c4b5caddc: 48ba f8cb | 435b 0c02 | 0000 498b | cf48 83ec | 2040 f6c4 | 0f0f 8419 | 0000 0048 

  0x0000020c4b5cadf8: ;   {runtime_call}
  0x0000020c4b5cadf8: 83ec 0848 | b840 0965 | cefe 7f00 | 00ff d048 | 83c4 08e9 | 0c00 0000 

  0x0000020c4b5cae10: ;   {runtime_call}
  0x0000020c4b5cae10: 48b8 4009 | 65ce fe7f | 0000 ffd0 | 4883 c420 | 4158 5a49 | 8d8f b803 | 0000 41c7 | 874c 0400 
  0x0000020c4b5cae30: 0004 0000 

  0x0000020c4b5cae34: ;   {runtime_call}
  0x0000020c4b5cae34: 0048 b8c0 | 19f3 73ff | 7f00 00ff | d0c5 f877 | 41c7 874c | 0400 0005 | 0000 00f0 | 8344 24c0 
  0x0000020c4b5cae54: 0049 3baf | 5004 0000 | 0f87 0e00 | 0000 4183 | bf48 0400 | 0000 0f84 | 2b00 0000 | c5f8 7748 
  0x0000020c4b5cae74: 8945 f849 | 8bcf 4c8b | e448 83ec | 2048 83e4 

  0x0000020c4b5cae84: ;   {runtime_call}
  0x0000020c4b5cae84: f048 b8d0 | c330 cefe | 7f00 00ff | d049 8be4 | 4d33 e448 | 8b45 f841 | c787 4c04 | 0000 0800 
  0x0000020c4b5caea4: 0000 4183 | bfc8 0400 | 0002 0f84 | a303 0000 

  0x0000020c4b5caeb4: ;   {external_word}
  0x0000020c4b5caeb4: 49ba f945 | b4ce fe7f | 0000 4180 | 3a00 0f84 | 4c00 0000 | 4889 45f8 

  0x0000020c4b5caecc: ;   {metadata({method} {0x0000020c5b43cc00} 'findBootstrapClass' '(Ljava/lang/String;)Ljava/lang/Class;' in 'java/lang/ClassLoader')}
  0x0000020c4b5caecc: 48ba f8cb | 435b 0c02 | 0000 498b | cf48 83ec | 2040 f6c4 | 0f0f 8419 | 0000 0048 

  0x0000020c4b5caee8: ;   {runtime_call}
  0x0000020c4b5caee8: 83ec 0848 | b840 0965 | cefe 7f00 | 00ff d048 | 83c4 08e9 | 0c00 0000 

  0x0000020c4b5caf00: ;   {runtime_call}
  0x0000020c4b5caf00: 48b8 4009 | 65ce fe7f | 0000 ffd0 | 4883 c420 | 488b 45f8 | 49c7 8798 | 0300 0000 | 0000 0049 
  0x0000020c4b5caf20: c787 a003 | 0000 0000 | 0000 c5f8 | 7748 85c0 | 0f84 fe02 | 0000 a803 | 0f85 0800 | 0000 488b 
  0x0000020c4b5caf40: 00e9 ee02 | 0000 a801 | 0f85 0900 | 0000 488b | 40fe e9dd | 0200 0048 | 8b40 ff41 | 807f 4000 
  0x0000020c4b5caf60: 0f84 ce02 | 0000 4883 | f800 0f84 | c402 0000 | 498b 4f28 | 4883 f900 | 0f84 1400 | 0000 4883 
  0x0000020c4b5caf80: e908 4989 | 4f28 4903 | 4f38 4889 | 01e9 a202 | 0000 4881 | ec50 0100 | 0048 8904 | 2448 894c 
  0x0000020c4b5cafa0: 2408 4889 | 5424 1048 | 8974 2418 | 4889 7c24 | 204c 8944 | 2428 4c89 | 4c24 304c | 8954 2438 
  0x0000020c4b5cafc0: 4c89 5c24 | 40c5 fb11 | 4424 50c5 | fb11 4c24 | 58c5 fb11 | 5424 60c5 | fb11 5c24 | 68c5 fb11 
  0x0000020c4b5cafe0: 6424 70c5 | fb11 6c24 | 78c5 fb11 | b424 8000 | 0000 c5fb | 11bc 2488 | 0000 00c5 

  0x0000020c4b5caffc: ;   {no_reloc}
  0x0000020c4b5caffc: 7b11 8424 | 9000 0000 | c57b 118c | 2498 0000 | 00c5 7b11 | 9424 a000 | 0000 c57b | 119c 24a8 
  0x0000020c4b5cb01c: 0000 00c5 | 7b11 a424 | b000 0000 | c57b 11ac | 24b8 0000 | 00c5 7b11 | b424 c000 | 0000 c57b 
  0x0000020c4b5cb03c: 11bc 24c8 | 0000 0062 | e1ff 0811 | 4424 1a62 | e1ff 0811 | 4c24 1b62 | e1ff 0811 | 5424 1c62 
  0x0000020c4b5cb05c: e1ff 0811 | 5c24 1d62 | e1ff 0811 | 6424 1e62 | e1ff 0811 | 6c24 1f62 | e1ff 0811 | 7424 2062 
  0x0000020c4b5cb07c: e1ff 0811 | 7c24 2162 | 61ff 0811 | 4424 2262 | 61ff 0811 | 4c24 2362 | 61ff 0811 | 5424 2462 
  0x0000020c4b5cb09c: 61ff 0811 | 5c24 2562 | 61ff 0811 | 6424 2662 | 61ff 0811 | 6c24 2762 | 61ff 0811 | 7424 2862 
  0x0000020c4b5cb0bc: 61ff 0811 | 7c24 2949 | 8bd7 488b | c848 83ec | 2040 f6c4 | 0f0f 8419 | 0000 0048 

  0x0000020c4b5cb0d8: ;   {runtime_call}
  0x0000020c4b5cb0d8: 83ec 0848 | b890 2624 | cefe 7f00 | 00ff d048 | 83c4 08e9 | 0c00 0000 

  0x0000020c4b5cb0f0: ;   {runtime_call}
  0x0000020c4b5cb0f0: 48b8 9026 | 24ce fe7f | 0000 ffd0 | 4883 c420 | 6261 ff08 | 107c 2429 | 6261 ff08 | 1074 2428 
  0x0000020c4b5cb110: 6261 ff08 | 106c 2427 | 6261 ff08 | 1064 2426 | 6261 ff08 | 105c 2425 | 6261 ff08 | 1054 2424 
  0x0000020c4b5cb130: 6261 ff08 | 104c 2423 | 6261 ff08 | 1044 2422 | 62e1 ff08 | 107c 2421 | 62e1 ff08 | 1074 2420 
  0x0000020c4b5cb150: 62e1 ff08 | 106c 241f | 62e1 ff08 | 1064 241e | 62e1 ff08 | 105c 241d | 62e1 ff08 | 1054 241c 
  0x0000020c4b5cb170: 62e1 ff08 | 104c 241b | 62e1 ff08 | 1044 241a | c57b 10bc | 24c8 0000 | 00c5 7b10 | b424 c000 
  0x0000020c4b5cb190: 0000 c57b | 10ac 24b8 | 0000 00c5 | 7b10 a424 | b000 0000 | c57b 109c | 24a8 0000 | 00c5 7b10 
  0x0000020c4b5cb1b0: 9424 a000 | 0000 c57b | 108c 2498 | 0000 00c5 | 7b10 8424 | 9000 0000 | c5fb 10bc | 2488 0000 
  0x0000020c4b5cb1d0: 00c5 fb10 | b424 8000 | 0000 c5fb | 106c 2478 | c5fb 1064 | 2470 c5fb | 105c 2468 

  0x0000020c4b5cb1ec: ;   {no_reloc}
  0x0000020c4b5cb1ec: c5fb 1054 | 2460 c5fb | 104c 2458 | c5fb 1044 | 2450 4c8b | 5c24 404c | 8b54 2438 | 4c8b 4c24 
  0x0000020c4b5cb20c: 304c 8b44 | 2428 488b | 7c24 2048 | 8b74 2418 | 488b 5424 | 1048 8b4c | 2408 488b | 0424 4881 
  0x0000020c4b5cb22c: c450 0100 | 00c5 f877 | 498b 8f28 | 0400 00c7 | 8100 0100 | 0000 0000 | 00c9 4983 | 7f08 000f 
  0x0000020c4b5cb24c: 8501 0000 

  0x0000020c4b5cb250: ;   {runtime_call StubRoutines (initial stubs)}
  0x0000020c4b5cb250: 00c3 e9a9 | 5ca1 ffc5 | f877 4889 | 45f8 4c8b | e448 83ec | 2048 83e4 

  0x0000020c4b5cb268: ;   {runtime_call}
  0x0000020c4b5cb268: f048 b870 | 4165 cefe | 7f00 00ff | d049 8be4 | 4d33 e448 | 8b45 f8e9 | 30fc ffff 
[Stub Code]
  0x0000020c4b5cb284: f4f4 f4f4 
[/MachCode]


Compiled method (c1)    1161  566       3       java.lang.System$2::findBootstrapClassOrNull (5 bytes)
 total in heap  [0x0000020c43b7d390,0x0000020c43b7d830] = 1184
 relocation     [0x0000020c43b7d4f0,0x0000020c43b7d548] = 88
 main code      [0x0000020c43b7d560,0x0000020c43b7d730] = 464
 stub code      [0x0000020c43b7d730,0x0000020c43b7d780] = 80
 metadata       [0x0000020c43b7d780,0x0000020c43b7d790] = 16
 scopes data    [0x0000020c43b7d790,0x0000020c43b7d7c8] = 56
 scopes pcs     [0x0000020c43b7d7c8,0x0000020c43b7d828] = 96
 dependencies   [0x0000020c43b7d828,0x0000020c43b7d830] = 8

[Constant Pool (empty)]

[MachCode]
[Entry Point]
  # {method} {0x0000020c5b019438} 'findBootstrapClassOrNull' '(Ljava/lang/String;)Ljava/lang/Class;' in 'java/lang/System$2'
  # this:     rdx:rdx   = 'java/lang/System$2'
  # parm0:    r8:r8     = 'java/lang/String'
  #           [sp+0x40]  (sp of caller)
  0x0000020c43b7d560: 448b 5208 | 49bb 0000 | 005b 0c02 | 0000 4d03 | d34c 3bd0 

  0x0000020c43b7d574: ;   {runtime_call ic_miss_stub}
  0x0000020c43b7d574: 0f85 0614 | 4b07 660f | 1f44 0000 
[Verified Entry Point]
  0x0000020c43b7d580: 8984 2400 | 80ff ff55 | 4883 ec30 | 4181 7f20 | 0100 0000 

  0x0000020c43b7d594: ;   {runtime_call StubRoutines (final stubs)}
  0x0000020c43b7d594: 7405 e8e5 

  0x0000020c43b7d598: ;   {metadata(method data for {method} {0x0000020c5b019438} 'findBootstrapClassOrNull' '(Ljava/lang/String;)Ljava/lang/Class;' in 'java/lang/System$2')}
  0x0000020c43b7d598: 8749 0748 | be70 b515 | 9c0c 0200 | 008b becc | 0000 0083 | c702 89be | cc00 0000 | 81e7 fe07 
  0x0000020c43b7d5b8: 0000 85ff | 0f84 eb00 

  0x0000020c43b7d5c0: ;   {metadata(method data for {method} {0x0000020c5b019438} 'findBootstrapClassOrNull' '(Ljava/lang/String;)Ljava/lang/Class;' in 'java/lang/System$2')}
  0x0000020c43b7d5c0: 0000 48ba | 70b5 159c | 0c02 0000 | 4883 8210 | 0100 0001 

  0x0000020c43b7d5d4: ;   {metadata(method data for {method} {0x0000020c5b43d1b0} 'findBootstrapClassOrNull' '(Ljava/lang/String;)Ljava/lang/Class;' in 'java/lang/ClassLoader')}
  0x0000020c43b7d5d4: 48ba d8b6 | 159c 0c02 | 0000 8bb2 | cc00 0000 | 83c6 0289 | b2cc 0000 | 0081 e6fe | ff1f 0085 
  0x0000020c43b7d5f4: f60f 84d3 

  0x0000020c43b7d5f8: ;   {metadata(method data for {method} {0x0000020c5b43d1b0} 'findBootstrapClassOrNull' '(Ljava/lang/String;)Ljava/lang/Class;' in 'java/lang/ClassLoader')}
  0x0000020c43b7d5f8: 0000 0048 | bad8 b615 | 9c0c 0200 | 0048 8382 | 1001 0000 | 0149 8bd0 | 4c89 4424 

  0x0000020c43b7d614: ;   {static_call}
  0x0000020c43b7d614: 2066 90e8 

  0x0000020c43b7d618: ; ImmutableOopMap {[32]=Oop }
                      ;*invokestatic checkName {reexecute=0 rethrow=0 return_oop=0}
                      ; - java.lang.ClassLoader::findBootstrapClassOrNull@1 (line 1275)
                      ; - java.lang.System$2::findBootstrapClassOrNull@1 (line 2397)
  0x0000020c43b7d618: 24eb f9ff 

  0x0000020c43b7d61c: ;   {other}
  0x0000020c43b7d61c: 0f1f 8400 | 8c02 0000 

  0x0000020c43b7d624: ;   {metadata(method data for {method} {0x0000020c5b43d1b0} 'findBootstrapClassOrNull' '(Ljava/lang/String;)Ljava/lang/Class;' in 'java/lang/ClassLoader')}
  0x0000020c43b7d624: 85c0 48ba | d8b6 159c | 0c02 0000 | 48be 2001 | 0000 0000 | 0000 750a | 48be 3001 | 0000 0000 
  0x0000020c43b7d644: 0000 488b | 3c32 488d | 7f01 4889 | 3c32 0f85 | 0f00 0000 

  0x0000020c43b7d658: ;   {oop(nullptr)}
  0x0000020c43b7d658: 48be 0000 | 0000 0000 | 0000 e930 | 0000 004c | 8b44 2420 

  0x0000020c43b7d66c: ;   {metadata(method data for {method} {0x0000020c5b43d1b0} 'findBootstrapClassOrNull' '(Ljava/lang/String;)Ljava/lang/Class;' in 'java/lang/ClassLoader')}
  0x0000020c43b7d66c: 48ba d8b6 | 159c 0c02 | 0000 4883 | 8240 0100 | 0001 498b | d066 0f1f 

  0x0000020c43b7d684: ;   {static_call}
  0x0000020c43b7d684: 4400 00e8 

  0x0000020c43b7d688: ; ImmutableOopMap {}
                      ;*invokestatic findBootstrapClass {reexecute=0 rethrow=0 return_oop=0}
                      ; - java.lang.ClassLoader::findBootstrapClassOrNull@10 (line 1277)
                      ; - java.lang.System$2::findBootstrapClassOrNull@1 (line 2397)
  0x0000020c43b7d688: d4d6 a407 

  0x0000020c43b7d68c: ;   {other}
  0x0000020c43b7d68c: 0f1f 8400 | fc02 0001 | 488b f048 | 8bc6 4883 

  0x0000020c43b7d69c: ;   {poll_return}
  0x0000020c43b7d69c: c430 5d49 | 3ba7 5004 | 0000 0f87 | 4300 0000 

  0x0000020c43b7d6ac: ;   {metadata({method} {0x0000020c5b019438} 'findBootstrapClassOrNull' '(Ljava/lang/String;)Ljava/lang/Class;' in 'java/lang/System$2')}
  0x0000020c43b7d6ac: c349 ba30 | 9401 5b0c | 0200 004c | 8954 2408 | 48c7 0424 | ffff ffff 

  0x0000020c43b7d6c4: ;   {runtime_call counter_overflow Runtime1 stub}
  0x0000020c43b7d6c4: e8b7 c758 

  0x0000020c43b7d6c8: ; ImmutableOopMap {rdx=Oop r8=Oop }
                      ;*synchronization entry
                      ; - java.lang.System$2::findBootstrapClassOrNull@-1 (line 2397)
  0x0000020c43b7d6c8: 07e9 f4fe 

  0x0000020c43b7d6cc: ;   {metadata({method} {0x0000020c5b43d1b0} 'findBootstrapClassOrNull' '(Ljava/lang/String;)Ljava/lang/Class;' in 'java/lang/ClassLoader')}
  0x0000020c43b7d6cc: ffff 49ba | a8d1 435b | 0c02 0000 | 4c89 5424 | 0848 c704 | 24ff ffff 

  0x0000020c43b7d6e4: ;   {runtime_call counter_overflow Runtime1 stub}
  0x0000020c43b7d6e4: ffe8 96c7 

  0x0000020c43b7d6e8: ; ImmutableOopMap {r8=Oop }
                      ;*synchronization entry
                      ; - java.lang.ClassLoader::findBootstrapClassOrNull@-1 (line 1275)
                      ; - java.lang.System$2::findBootstrapClassOrNull@1 (line 2397)
  0x0000020c43b7d6e8: 5807 e90c 

  0x0000020c43b7d6ec: ;   {internal_word}
  0x0000020c43b7d6ec: ffff ff49 | ba9f d6b7 | 430c 0200 | 004d 8997 | 6804 0000 

  0x0000020c43b7d700: ;   {runtime_call SafepointBlob}
  0x0000020c43b7d700: e97b 944b | 0749 8b87 | 0005 0000 | 49c7 8700 | 0500 0000 | 0000 0049 | c787 0805 | 0000 0000 
  0x0000020c43b7d720: 0000 4883 

  0x0000020c43b7d724: ;   {runtime_call unwind_exception Runtime1 stub}
  0x0000020c43b7d724: c430 5de9 | 5420 5807 | f4f4 f4f4 
[Stub Code]
  0x0000020c43b7d730: ;   {no_reloc}
  0x0000020c43b7d730: 48bb 0000 | 0000 0000 

  0x0000020c43b7d738: ;   {runtime_call}
  0x0000020c43b7d738: 0000 e9fb 

  0x0000020c43b7d73c: ;   {static_stub}
  0x0000020c43b7d73c: ffff ff48 | bbf8 cb43 | 5b0c 0200 

  0x0000020c43b7d748: ;   {runtime_call I2C/C2I adapters}
  0x0000020c43b7d748: 00e9 3567 

  0x0000020c43b7d74c: ;   {runtime_call handle_exception_from_callee Runtime1 stub}
  0x0000020c43b7d74c: 4b07 e8ad 

  0x0000020c43b7d750: ;   {external_word}
  0x0000020c43b7d750: 8458 0748 | b900 488c | cefe 7f00 | 0048 83e4 

  0x0000020c43b7d760: ;   {runtime_call}
  0x0000020c43b7d760: f048 b840 | 2454 cefe | 7f00 00ff 

  0x0000020c43b7d76c: ;   {section_word}
  0x0000020c43b7d76c: d0f4 49ba | 6ed7 b743 | 0c02 0000 

  0x0000020c43b7d778: ;   {runtime_call DeoptimizationBlob}
  0x0000020c43b7d778: 4152 e9a1 | a84b 07f4 
[/MachCode]


Compiled method (c1)    1164 1551       3       java.security.AccessController::doPrivileged (9 bytes)
 total in heap  [0x0000020c43d46e90,0x0000020c43d474d8] = 1608
 relocation     [0x0000020c43d46ff0,0x0000020c43d47060] = 112
 main code      [0x0000020c43d47060,0x0000020c43d47340] = 736
 stub code      [0x0000020c43d47340,0x0000020c43d47398] = 88
 metadata       [0x0000020c43d47398,0x0000020c43d473b0] = 24
 scopes data    [0x0000020c43d473b0,0x0000020c43d47430] = 128
 scopes pcs     [0x0000020c43d47430,0x0000020c43d474c0] = 144
 dependencies   [0x0000020c43d474c0,0x0000020c43d474c8] = 8
 nul chk table  [0x0000020c43d474c8,0x0000020c43d474d8] = 16

[Constant Pool (empty)]

[MachCode]
[Verified Entry Point]
  # {method} {0x0000020c5b4784e8} 'doPrivileged' '(Ljava/security/PrivilegedAction;)Ljava/lang/Object;' in 'java/security/AccessController'
  # parm0:    rdx:rdx   = 'java/security/PrivilegedAction'
  #           [sp+0x70]  (sp of caller)
  0x0000020c43d47060: 8984 2400 | 80ff ff55 | 4883 ec60 | 4181 7f20 | 0100 0000 

  0x0000020c43d47074: ;   {runtime_call StubRoutines (final stubs)}
  0x0000020c43d47074: 7405 e805 

  0x0000020c43d47078: ;   {metadata(method data for {method} {0x0000020c5b4784e8} 'doPrivileged' '(Ljava/security/PrivilegedAction;)Ljava/lang/Object;' in 'java/security/AccessController')}
  0x0000020c43d47078: ed2c 0748 | bec0 7b0a | 9c0c 0200 | 008b becc | 0000 0083 | c702 89be | cc00 0000 | 81e7 fe07 
  0x0000020c43d47098: 0000 85ff | 0f84 d401 | 0000 4889 

  0x0000020c43d470a4: ;   {metadata(method data for {method} {0x0000020c5b4784e8} 'doPrivileged' '(Ljava/security/PrivilegedAction;)Ljava/lang/Object;' in 'java/security/AccessController')}
  0x0000020c43d470a4: 5424 4048 | bec0 7b0a | 9c0c 0200 | 0048 8386 | 1001 0000 | 0166 0f1f 

  0x0000020c43d470bc: ;   {static_call}
  0x0000020c43d470bc: 4400 00e8 

  0x0000020c43d470c0: ; ImmutableOopMap {[64]=Oop }
                      ;*invokestatic getCallerClass {reexecute=0 rethrow=0 return_oop=0}
                      ; - java.security.AccessController::doPrivileged@2 (line 319)
  0x0000020c43d470c0: 9ca6 8707 

  0x0000020c43d470c4: ;   {other}
  0x0000020c43d470c4: 0f1f 8400 | 3402 0000 

  0x0000020c43d470cc: ;   {metadata(method data for {method} {0x0000020c5b4784e8} 'doPrivileged' '(Ljava/security/PrivilegedAction;)Ljava/lang/Object;' in 'java/security/AccessController')}
  0x0000020c43d470cc: 48ba c07b | 0a9c 0c02 | 0000 4883 | 8220 0100 

  0x0000020c43d470dc: ;   {metadata(method data for {method} {0x0000020c5b4788d0} 'executePrivileged' '(Ljava/security/PrivilegedAction;Ljava/security/AccessControlContext;Ljava/lang/Class;)Ljava/lang/Object;' in 'java/security/AccessController')}
  0x0000020c43d470dc: 0001 48ba | 488b 0a9c | 0c02 0000 | 8bb2 cc00 | 0000 83c6 | 0289 b2cc | 0000 0081 | e6fe ff1f 
  0x0000020c43d470fc: 0085 f60f | 8492 0100 

  0x0000020c43d47104: ;   {metadata(method data for {method} {0x0000020c5b4788d0} 'executePrivileged' '(Ljava/security/PrivilegedAction;Ljava/security/AccessControlContext;Ljava/lang/Class;)Ljava/lang/Object;' in 'java/security/AccessController')}
  0x0000020c43d47104: 0048 ba48 | 8b0a 9c0c | 0200 00ff | 8210 0100 

  0x0000020c43d47114: ;   {metadata(method data for {method} {0x0000020c5b4788d0} 'executePrivileged' '(Ljava/security/PrivilegedAction;Ljava/security/AccessControlContext;Ljava/lang/Class;)Ljava/lang/Object;' in 'java/security/AccessController')}
  0x0000020c43d47114: 0048 ba48 | 8b0a 9c0c | 0200 00ff | 8240 0100 | 0048 8944 | 2448 488b | 5424 4048 | 3b02 488b 
  0x0000020c43d47134: ;   {metadata(method data for {method} {0x0000020c5b4788d0} 'executePrivileged' '(Ljava/security/PrivilegedAction;Ljava/security/AccessControlContext;Ljava/lang/Class;)Ljava/lang/Object;' in 'java/security/AccessController')}
  0x0000020c43d47134: f248 bf48 | 8b0a 9c0c | 0200 008b | 7608 49ba | 0000 005b | 0c02 0000 | 4903 f248 | 3bb7 b001 
  0x0000020c43d47154: 0000 750d | 4883 87b8 | 0100 0001 | e960 0000 | 0048 3bb7 | c001 0000 | 750d 4883 | 87c8 0100 
  0x0000020c43d47174: 0001 e94a | 0000 0048 | 83bf b001 | 0000 0075 | 1748 89b7 | b001 0000 | 48c7 87b8 | 0100 0001 
  0x0000020c43d47194: 0000 00e9 | 2900 0000 | 4883 bfc0 | 0100 0000 | 7517 4889 | b7c0 0100 | 0048 c787 | c801 0000 
  0x0000020c43d471b4: 0100 0000 | e908 0000 | 0048 8387 | a001 0000 | 0148 b830 | c314 a10c 

  0x0000020c43d471cc: ;   {virtual_call}
  0x0000020c43d471cc: 0200 00e8 

  0x0000020c43d471d0: ; ImmutableOopMap {[72]=Oop }
                      ;*invokeinterface run {reexecute=0 rethrow=0 return_oop=0}
                      ; - java.security.AccessController::executePrivileged@29 (line 778)
                      ; - java.security.AccessController::doPrivileged@5 (line 319)
  0x0000020c43d471d0: 3cb1 3c07 

  0x0000020c43d471d4: ;   {other}
  0x0000020c43d471d4: 0f1f 8400 | 4403 0001 

  0x0000020c43d471dc: ;   {metadata(method data for {method} {0x0000020c5b4788d0} 'executePrivileged' '(Ljava/security/PrivilegedAction;Ljava/security/AccessControlContext;Ljava/lang/Class;)Ljava/lang/Object;' in 'java/security/AccessController')}
  0x0000020c43d471dc: 48be 488b | 0a9c 0c02 | 0000 ff86 | d801 0000 | 488b 7424 

  0x0000020c43d471f0: ;   {metadata(method data for {method} {0x0000020c5b4788d0} 'executePrivileged' '(Ljava/security/PrivilegedAction;Ljava/security/AccessControlContext;Ljava/lang/Class;)Ljava/lang/Object;' in 'java/security/AccessController')}
  0x0000020c43d471f0: 4848 bf48 | 8b0a 9c0c | 0200 0048 | 8387 3802 

  0x0000020c43d47200: ;   {metadata(method data for {method} {0x0000020c5b03d400} 'reachabilityFence' '(Ljava/lang/Object;)V' in 'java/lang/ref/Reference')}
  0x0000020c43d47200: 0000 0148 | bf30 940a | 9c0c 0200 | 008b 9fcc | 0000 0083 | c302 899f | cc00 0000 | 81e3 feff 
  0x0000020c43d47220: 1f00 85db | 0f84 9300 

  0x0000020c43d47228: ;   {metadata(method data for {method} {0x0000020c5b4788d0} 'executePrivileged' '(Ljava/security/PrivilegedAction;Ljava/security/AccessControlContext;Ljava/lang/Class;)Ljava/lang/Object;' in 'java/security/AccessController')}
  0x0000020c43d47228: 0000 48be | 488b 0a9c | 0c02 0000 | 4883 8648 | 0200 0001 

  0x0000020c43d4723c: ;   {metadata(method data for {method} {0x0000020c5b03d400} 'reachabilityFence' '(Ljava/lang/Object;)V' in 'java/lang/ref/Reference')}
  0x0000020c43d4723c: 48be 3094 | 0a9c 0c02 | 0000 8bbe | cc00 0000 | 83c7 0289 | becc 0000 | 0081 e7fe | ff1f 0085 
  0x0000020c43d4725c: ff0f 847b | 0000 0048 | 83c4 605d 

  0x0000020c43d47268: ;   {poll_return}
  0x0000020c43d47268: 493b a750 | 0400 000f | 878a 0000 

  0x0000020c43d47274: ;   {metadata({method} {0x0000020c5b4784e8} 'doPrivileged' '(Ljava/security/PrivilegedAction;)Ljava/lang/Object;' in 'java/security/AccessController')}
  0x0000020c43d47274: 00c3 49ba | e084 475b | 0c02 0000 | 4c89 5424 | 0848 c704 | 24ff ffff 

  0x0000020c43d4728c: ;   {runtime_call counter_overflow Runtime1 stub}
  0x0000020c43d4728c: ffe8 ee2b 

  0x0000020c43d47290: ; ImmutableOopMap {rdx=Oop }
                      ;*synchronization entry
                      ; - java.security.AccessController::doPrivileged@-1 (line 319)
  0x0000020c43d47290: 3c07 e90b 

  0x0000020c43d47294: ;   {metadata({method} {0x0000020c5b4788d0} 'executePrivileged' '(Ljava/security/PrivilegedAction;Ljava/security/AccessControlContext;Ljava/lang/Class;)Ljava/lang/Object;' in 'java/security/AccessController')}
  0x0000020c43d47294: feff ff49 | bac8 8847 | 5b0c 0200 | 004c 8954 | 2408 48c7 | 0424 ffff 

  0x0000020c43d472ac: ;   {runtime_call counter_overflow Runtime1 stub}
  0x0000020c43d472ac: ffff e8cd 

  0x0000020c43d472b0: ; ImmutableOopMap {rax=Oop [64]=Oop }
                      ;*synchronization entry
                      ; - java.security.AccessController::executePrivileged@-1 (line 773)
                      ; - java.security.AccessController::doPrivileged@5 (line 319)
  0x0000020c43d472b0: 2b3c 07e9 | 4dfe ffff 

  0x0000020c43d472b8: ;   {runtime_call throw_null_pointer_exception Runtime1 stub}
  0x0000020c43d472b8: e863 9f3b 

  0x0000020c43d472bc: ; ImmutableOopMap {rdx=Oop [72]=Oop }
                      ;*invokeinterface run {reexecute=0 rethrow=0 return_oop=0}
                      ; - java.security.AccessController::executePrivileged@29 (line 778)
                      ; - java.security.AccessController::doPrivileged@5 (line 319)
                      ;   {metadata({method} {0x0000020c5b03d400} 'reachabilityFence' '(Ljava/lang/Object;)V' in 'java/lang/ref/Reference')}
  0x0000020c43d472bc: 0749 baf8 | d303 5b0c | 0200 004c | 8954 2408 | 48c7 0424 | ffff ffff 

  0x0000020c43d472d4: ;   {runtime_call counter_overflow Runtime1 stub}
  0x0000020c43d472d4: e8a7 2b3c 

  0x0000020c43d472d8: ; ImmutableOopMap {rax=Oop rsi=Oop }
                      ;*synchronization entry
                      ; - java.lang.ref.Reference::reachabilityFence@-1 (line 628)
                      ; - java.security.AccessController::executePrivileged@56 (line 783)
                      ; - java.security.AccessController::doPrivileged@5 (line 319)
  0x0000020c43d472d8: 07e9 4cff 

  0x0000020c43d472dc: ;   {metadata({method} {0x0000020c5b03d400} 'reachabilityFence' '(Ljava/lang/Object;)V' in 'java/lang/ref/Reference')}
  0x0000020c43d472dc: ffff 49ba | f8d3 035b | 0c02 0000 | 4c89 5424 | 0848 c704 | 24ff ffff 

  0x0000020c43d472f4: ;   {runtime_call counter_overflow Runtime1 stub}
  0x0000020c43d472f4: ffe8 862b 

  0x0000020c43d472f8: ; ImmutableOopMap {rax=Oop }
                      ;*synchronization entry
                      ; - java.lang.ref.Reference::reachabilityFence@-1 (line 628)
                      ; - java.security.AccessController::executePrivileged@60 (line 784)
                      ; - java.security.AccessController::doPrivileged@5 (line 319)
  0x0000020c43d472f8: 3c07 e964 

  0x0000020c43d472fc: ;   {internal_word}
  0x0000020c43d472fc: ffff ff49 | ba68 72d4 | 430c 0200 | 004d 8997 | 6804 0000 

  0x0000020c43d47310: ;   {runtime_call SafepointBlob}
  0x0000020c43d47310: e96b f82e | 0749 8b87 | 0005 0000 | 49c7 8700 | 0500 0000 | 0000 0049 | c787 0805 | 0000 0000 
  0x0000020c43d47330: 0000 4883 

  0x0000020c43d47334: ;   {runtime_call unwind_exception Runtime1 stub}
  0x0000020c43d47334: c460 5de9 | 4484 3b07 | f4f4 f4f4 
[Stub Code]
  0x0000020c43d47340: ;   {no_reloc}
  0x0000020c43d47340: 0f1f 4400 

  0x0000020c43d47344: ;   {static_stub}
  0x0000020c43d47344: 0048 bb00 | 0000 0000 

  0x0000020c43d4734c: ;   {runtime_call}
  0x0000020c43d4734c: 0000 00e9 | fbff ffff 

  0x0000020c43d47354: ;   {static_stub}
  0x0000020c43d47354: 48bb 0000 | 0000 0000 

  0x0000020c43d4735c: ;   {runtime_call}
  0x0000020c43d4735c: 0000 e9fb 

  0x0000020c43d47360: ;   {runtime_call handle_exception_from_callee Runtime1 stub}
  0x0000020c43d47360: ffff ffe8 | 98e8 3b07 

  0x0000020c43d47368: ;   {external_word}
  0x0000020c43d47368: 48b9 0048 | 8cce fe7f | 0000 4883 

  0x0000020c43d47374: ;   {runtime_call}
  0x0000020c43d47374: e4f0 48b8 | 4024 54ce | fe7f 0000 

  0x0000020c43d47380: ;   {section_word}
  0x0000020c43d47380: ffd0 f449 | ba83 73d4 | 430c 0200 

  0x0000020c43d4738c: ;   {runtime_call DeoptimizationBlob}
  0x0000020c43d4738c: 0041 52e9 | 8c0c 2f07 | f4f4 f4f4 
[/MachCode]


---------------  P R O C E S S  ---------------

Threads class SMR info:
_java_thread_list=0x0000020ca027c630, length=14, elements={
0x0000020c39e7cd40, 0x0000020c5aaaf250, 0x0000020c5aab0170, 0x0000020c5aab28f0,
0x0000020c5aab3b20, 0x0000020c5aab7eb0, 0x0000020c5aab9350, 0x0000020c5aabd510,
0x0000020c5aacac20, 0x0000020c5aa79790, 0x0000020ca031de40, 0x0000020ca02c34a0,
0x0000020ca09381d0, 0x0000020ca0cb77f0
}

Java Threads: ( => current thread )
  0x0000020c39e7cd40 JavaThread "main"                              [_thread_in_vm, id=42388, stack(0x000000c188b00000,0x000000c188c00000) (1024K)]
  0x0000020c5aaaf250 JavaThread "Reference Handler"          daemon [_thread_blocked, id=41256, stack(0x000000c189300000,0x000000c189400000) (1024K)]
  0x0000020c5aab0170 JavaThread "Finalizer"                  daemon [_thread_blocked, id=46220, stack(0x000000c189400000,0x000000c189500000) (1024K)]
  0x0000020c5aab28f0 JavaThread "Signal Dispatcher"          daemon [_thread_blocked, id=40600, stack(0x000000c189500000,0x000000c189600000) (1024K)]
=>0x0000020c5aab3b20 JavaThread "Attach Listener"            daemon [_thread_in_vm, id=42436, stack(0x000000c189600000,0x000000c189700000) (1024K)]
  0x0000020c5aab7eb0 JavaThread "Service Thread"             daemon [_thread_blocked, id=43028, stack(0x000000c189700000,0x000000c189800000) (1024K)]
  0x0000020c5aab9350 JavaThread "Monitor Deflation Thread"   daemon [_thread_blocked, id=46144, stack(0x000000c189800000,0x000000c189900000) (1024K)]
  0x0000020c5aabd510 JavaThread "C2 CompilerThread0"         daemon [_thread_blocked, id=46136, stack(0x000000c189900000,0x000000c189a00000) (1024K)]
  0x0000020c5aacac20 JavaThread "C1 CompilerThread0"         daemon [_thread_in_vm, id=35244, stack(0x000000c189a00000,0x000000c189b00000) (1024K)]
  0x0000020c5aa79790 JavaThread "Common-Cleaner"             daemon [_thread_blocked, id=36260, stack(0x000000c189b00000,0x000000c189c00000) (1024K)]
  0x0000020ca031de40 JavaThread "Monitor Ctrl-Break"         daemon [_thread_in_native, id=40484, stack(0x000000c189c00000,0x000000c189d00000) (1024K)]
  0x0000020ca02c34a0 JavaThread "Notification Thread"        daemon [_thread_blocked, id=46792, stack(0x000000c189d00000,0x000000c189e00000) (1024K)]
  0x0000020ca09381d0 JavaThread "C2 CompilerThread1"         daemon [_thread_blocked, id=41168, stack(0x000000c189e00000,0x000000c189f00000) (1024K)]
  0x0000020ca0cb77f0 JavaThread "C2 CompilerThread2"         daemon [_thread_blocked, id=45076, stack(0x000000c189f00000,0x000000c18a000000) (1024K)]
Total: 14

Other Threads:
  0x0000020c5aa8ecb0 VMThread "VM Thread"                           [id=40608, stack(0x000000c189200000,0x000000c189300000) (1024K)]
  0x0000020c5aa78bb0 WatcherThread "VM Periodic Task Thread"        [id=30208, stack(0x000000c189100000,0x000000c189200000) (1024K)]
  0x0000020c39ee4130 WorkerThread "GC Thread#0"                     [id=44356, stack(0x000000c188c00000,0x000000c188d00000) (1024K)]
  0x0000020ca0cb4350 WorkerThread "GC Thread#1"                     [id=52864, stack(0x000000c18a000000,0x000000c18a100000) (1024K)]
  0x0000020ca0cb46f0 WorkerThread "GC Thread#2"                     [id=42740, stack(0x000000c18a100000,0x000000c18a200000) (1024K)]
  0x0000020ca0cb4a90 WorkerThread "GC Thread#3"                     [id=46316, stack(0x000000c18a200000,0x000000c18a300000) (1024K)]
  0x0000020ca10b6e50 WorkerThread "GC Thread#4"                     [id=25168, stack(0x000000c18a300000,0x000000c18a400000) (1024K)]
  0x0000020ca10b71f0 WorkerThread "GC Thread#5"                     [id=22420, stack(0x000000c18a400000,0x000000c18a500000) (1024K)]
  0x0000020ca118dbd0 WorkerThread "GC Thread#6"                     [id=45952, stack(0x000000c18a500000,0x000000c18a600000) (1024K)]
  0x0000020ca113b8d0 WorkerThread "GC Thread#7"                     [id=24016, stack(0x000000c18a600000,0x000000c18a700000) (1024K)]
  0x0000020c39ef72b0 ConcurrentGCThread "G1 Main Marker"            [id=45240, stack(0x000000c188d00000,0x000000c188e00000) (1024K)]
  0x0000020c39ef8550 WorkerThread "G1 Conc#0"                       [id=46444, stack(0x000000c188e00000,0x000000c188f00000) (1024K)]
  0x0000020c5a947ff0 ConcurrentGCThread "G1 Refine#0"               [id=46348, stack(0x000000c188f00000,0x000000c189000000) (1024K)]
  0x0000020c5a948a70 ConcurrentGCThread "G1 Service"                [id=45324, stack(0x000000c189000000,0x000000c189100000) (1024K)]
Total: 14

Threads with active compile tasks:
C1 CompilerThread0     1171 2184       3       java.lang.Exception::<init> (7 bytes)
Total: 1

VM state: not at safepoint (normal execution)

VM Mutex/Monitor currently owned by a thread:  ([mutex/lock_event])
[0x00007ffeceb5ace8] Metaspace_lock - owner thread: 0x0000020c5aab3b20

Heap address: 0x0000000704200000, size: 4030 MB, Compressed Oops mode: Zero based, Oop shift amount: 3

CDS archive(s) mapped at: [0x0000020c5b000000-0x0000020c5bc90000-0x0000020c5bc90000), size 13172736, SharedBaseAddress: 0x0000020c5b000000, ArchiveRelocationMode: 1.
Compressed class space mapped at: 0x0000020c5c000000-0x0000020c9c000000, reserved size: 1073741824
Narrow klass base: 0x0000020c5b000000, Narrow klass shift: 0, Narrow klass range: 0x100000000

GC Precious Log:
 CardTable entry size: 512
 Card Set container configuration: InlinePtr #cards 4 size 8 Array Of Cards #cards 16 size 48 Howl #buckets 8 coarsen threshold 3686 Howl Bitmap #cards 512 size 80 coarsen threshold 460 Card regions per heap region 1 cards per card region 4096
 CPUs: 8 total, 8 available
 Memory: 16118M
 Large Page Support: Disabled
 NUMA Support: Disabled
 Compressed Oops: Enabled (Zero based)
 Heap Region Size: 2M
 Heap Min Capacity: 8M
 Heap Initial Capacity: 252M
 Heap Max Capacity: 4030M
 Pre-touch: Disabled
 Parallel Workers: 8
 Concurrent Workers: 2
 Concurrent Refinement Workers: 8
 Periodic GC: Disabled

Heap:
 garbage-first heap   total 258048K, used 28956K [0x0000000704200000, 0x0000000800000000)
  region size 2048K, 14 young (28672K), 2 survivors (4096K)
 Metaspace       used 13579K, committed 14016K, reserved 1114112K
  class space    used 1429K, committed 1664K, reserved 1048576K

Heap Regions: E=young(eden), S=young(survivor), O=old, HS=humongous(starts), HC=humongous(continues), CS=collection set, F=free, TAMS=top-at-mark-start, PB=parsable bottom
|   0|0x0000000704200000, 0x00000007042473a0, 0x0000000704400000| 13%| O|  |TAMS 0x0000000704200000| PB 0x0000000704200000| Untracked 
|   1|0x0000000704400000, 0x0000000704600000, 0x0000000704600000|100%|HS|  |TAMS 0x0000000704400000| PB 0x0000000704400000| Complete 
|   2|0x0000000704600000, 0x0000000704600000, 0x0000000704800000|  0%| F|  |TAMS 0x0000000704600000| PB 0x0000000704600000| Untracked 
|   3|0x0000000704800000, 0x0000000704800000, 0x0000000704a00000|  0%| F|  |TAMS 0x0000000704800000| PB 0x0000000704800000| Untracked 
|   4|0x0000000704a00000, 0x0000000704a00000, 0x0000000704c00000|  0%| F|  |TAMS 0x0000000704a00000| PB 0x0000000704a00000| Untracked 
|   5|0x0000000704c00000, 0x0000000704c00000, 0x0000000704e00000|  0%| F|  |TAMS 0x0000000704c00000| PB 0x0000000704c00000| Untracked 
|   6|0x0000000704e00000, 0x0000000704e00000, 0x0000000705000000|  0%| F|  |TAMS 0x0000000704e00000| PB 0x0000000704e00000| Untracked 
|   7|0x0000000705000000, 0x0000000705000000, 0x0000000705200000|  0%| F|  |TAMS 0x0000000705000000| PB 0x0000000705000000| Untracked 
|   8|0x0000000705200000, 0x0000000705200000, 0x0000000705400000|  0%| F|  |TAMS 0x0000000705200000| PB 0x0000000705200000| Untracked 
|   9|0x0000000705400000, 0x0000000705400000, 0x0000000705600000|  0%| F|  |TAMS 0x0000000705400000| PB 0x0000000705400000| Untracked 
|  10|0x0000000705600000, 0x0000000705600000, 0x0000000705800000|  0%| F|  |TAMS 0x0000000705600000| PB 0x0000000705600000| Untracked 
|  11|0x0000000705800000, 0x0000000705800000, 0x0000000705a00000|  0%| F|  |TAMS 0x0000000705800000| PB 0x0000000705800000| Untracked 
|  12|0x0000000705a00000, 0x0000000705a00000, 0x0000000705c00000|  0%| F|  |TAMS 0x0000000705a00000| PB 0x0000000705a00000| Untracked 
|  13|0x0000000705c00000, 0x0000000705c00000, 0x0000000705e00000|  0%| F|  |TAMS 0x0000000705c00000| PB 0x0000000705c00000| Untracked 
|  14|0x0000000705e00000, 0x0000000705e00000, 0x0000000706000000|  0%| F|  |TAMS 0x0000000705e00000| PB 0x0000000705e00000| Untracked 
|  15|0x0000000706000000, 0x0000000706000000, 0x0000000706200000|  0%| F|  |TAMS 0x0000000706000000| PB 0x0000000706000000| Untracked 
|  16|0x0000000706200000, 0x0000000706200000, 0x0000000706400000|  0%| F|  |TAMS 0x0000000706200000| PB 0x0000000706200000| Untracked 
|  17|0x0000000706400000, 0x0000000706400000, 0x0000000706600000|  0%| F|  |TAMS 0x0000000706400000| PB 0x0000000706400000| Untracked 
|  18|0x0000000706600000, 0x0000000706600000, 0x0000000706800000|  0%| F|  |TAMS 0x0000000706600000| PB 0x0000000706600000| Untracked 
|  19|0x0000000706800000, 0x0000000706800000, 0x0000000706a00000|  0%| F|  |TAMS 0x0000000706800000| PB 0x0000000706800000| Untracked 
|  20|0x0000000706a00000, 0x0000000706a00000, 0x0000000706c00000|  0%| F|  |TAMS 0x0000000706a00000| PB 0x0000000706a00000| Untracked 
|  21|0x0000000706c00000, 0x0000000706c00000, 0x0000000706e00000|  0%| F|  |TAMS 0x0000000706c00000| PB 0x0000000706c00000| Untracked 
|  22|0x0000000706e00000, 0x0000000706e00000, 0x0000000707000000|  0%| F|  |TAMS 0x0000000706e00000| PB 0x0000000706e00000| Untracked 
|  23|0x0000000707000000, 0x0000000707000000, 0x0000000707200000|  0%| F|  |TAMS 0x0000000707000000| PB 0x0000000707000000| Untracked 
|  24|0x0000000707200000, 0x0000000707200000, 0x0000000707400000|  0%| F|  |TAMS 0x0000000707200000| PB 0x0000000707200000| Untracked 
|  25|0x0000000707400000, 0x0000000707400000, 0x0000000707600000|  0%| F|  |TAMS 0x0000000707400000| PB 0x0000000707400000| Untracked 
|  26|0x0000000707600000, 0x0000000707600000, 0x0000000707800000|  0%| F|  |TAMS 0x0000000707600000| PB 0x0000000707600000| Untracked 
|  27|0x0000000707800000, 0x0000000707800000, 0x0000000707a00000|  0%| F|  |TAMS 0x0000000707800000| PB 0x0000000707800000| Untracked 
|  28|0x0000000707a00000, 0x0000000707a00000, 0x0000000707c00000|  0%| F|  |TAMS 0x0000000707a00000| PB 0x0000000707a00000| Untracked 
|  29|0x0000000707c00000, 0x0000000707c00000, 0x0000000707e00000|  0%| F|  |TAMS 0x0000000707c00000| PB 0x0000000707c00000| Untracked 
|  30|0x0000000707e00000, 0x0000000707e00000, 0x0000000708000000|  0%| F|  |TAMS 0x0000000707e00000| PB 0x0000000707e00000| Untracked 
|  31|0x0000000708000000, 0x0000000708000000, 0x0000000708200000|  0%| F|  |TAMS 0x0000000708000000| PB 0x0000000708000000| Untracked 
|  32|0x0000000708200000, 0x0000000708200000, 0x0000000708400000|  0%| F|  |TAMS 0x0000000708200000| PB 0x0000000708200000| Untracked 
|  33|0x0000000708400000, 0x0000000708400000, 0x0000000708600000|  0%| F|  |TAMS 0x0000000708400000| PB 0x0000000708400000| Untracked 
|  34|0x0000000708600000, 0x0000000708600000, 0x0000000708800000|  0%| F|  |TAMS 0x0000000708600000| PB 0x0000000708600000| Untracked 
|  35|0x0000000708800000, 0x0000000708800000, 0x0000000708a00000|  0%| F|  |TAMS 0x0000000708800000| PB 0x0000000708800000| Untracked 
|  36|0x0000000708a00000, 0x0000000708a00000, 0x0000000708c00000|  0%| F|  |TAMS 0x0000000708a00000| PB 0x0000000708a00000| Untracked 
|  37|0x0000000708c00000, 0x0000000708c00000, 0x0000000708e00000|  0%| F|  |TAMS 0x0000000708c00000| PB 0x0000000708c00000| Untracked 
|  38|0x0000000708e00000, 0x0000000708e00000, 0x0000000709000000|  0%| F|  |TAMS 0x0000000708e00000| PB 0x0000000708e00000| Untracked 
|  39|0x0000000709000000, 0x0000000709000000, 0x0000000709200000|  0%| F|  |TAMS 0x0000000709000000| PB 0x0000000709000000| Untracked 
|  40|0x0000000709200000, 0x0000000709200000, 0x0000000709400000|  0%| F|  |TAMS 0x0000000709200000| PB 0x0000000709200000| Untracked 
|  41|0x0000000709400000, 0x0000000709400000, 0x0000000709600000|  0%| F|  |TAMS 0x0000000709400000| PB 0x0000000709400000| Untracked 
|  42|0x0000000709600000, 0x0000000709600000, 0x0000000709800000|  0%| F|  |TAMS 0x0000000709600000| PB 0x0000000709600000| Untracked 
|  43|0x0000000709800000, 0x0000000709800000, 0x0000000709a00000|  0%| F|  |TAMS 0x0000000709800000| PB 0x0000000709800000| Untracked 
|  44|0x0000000709a00000, 0x0000000709a00000, 0x0000000709c00000|  0%| F|  |TAMS 0x0000000709a00000| PB 0x0000000709a00000| Untracked 
|  45|0x0000000709c00000, 0x0000000709c00000, 0x0000000709e00000|  0%| F|  |TAMS 0x0000000709c00000| PB 0x0000000709c00000| Untracked 
|  46|0x0000000709e00000, 0x0000000709e00000, 0x000000070a000000|  0%| F|  |TAMS 0x0000000709e00000| PB 0x0000000709e00000| Untracked 
|  47|0x000000070a000000, 0x000000070a000000, 0x000000070a200000|  0%| F|  |TAMS 0x000000070a000000| PB 0x000000070a000000| Untracked 
|  48|0x000000070a200000, 0x000000070a200000, 0x000000070a400000|  0%| F|  |TAMS 0x000000070a200000| PB 0x000000070a200000| Untracked 
|  49|0x000000070a400000, 0x000000070a400000, 0x000000070a600000|  0%| F|  |TAMS 0x000000070a400000| PB 0x000000070a400000| Untracked 
|  50|0x000000070a600000, 0x000000070a600000, 0x000000070a800000|  0%| F|  |TAMS 0x000000070a600000| PB 0x000000070a600000| Untracked 
|  51|0x000000070a800000, 0x000000070a800000, 0x000000070aa00000|  0%| F|  |TAMS 0x000000070a800000| PB 0x000000070a800000| Untracked 
|  52|0x000000070aa00000, 0x000000070aa00000, 0x000000070ac00000|  0%| F|  |TAMS 0x000000070aa00000| PB 0x000000070aa00000| Untracked 
|  53|0x000000070ac00000, 0x000000070ac00000, 0x000000070ae00000|  0%| F|  |TAMS 0x000000070ac00000| PB 0x000000070ac00000| Untracked 
|  54|0x000000070ae00000, 0x000000070ae00000, 0x000000070b000000|  0%| F|  |TAMS 0x000000070ae00000| PB 0x000000070ae00000| Untracked 
|  55|0x000000070b000000, 0x000000070b000000, 0x000000070b200000|  0%| F|  |TAMS 0x000000070b000000| PB 0x000000070b000000| Untracked 
|  56|0x000000070b200000, 0x000000070b200000, 0x000000070b400000|  0%| F|  |TAMS 0x000000070b200000| PB 0x000000070b200000| Untracked 
|  57|0x000000070b400000, 0x000000070b400000, 0x000000070b600000|  0%| F|  |TAMS 0x000000070b400000| PB 0x000000070b400000| Untracked 
|  58|0x000000070b600000, 0x000000070b600000, 0x000000070b800000|  0%| F|  |TAMS 0x000000070b600000| PB 0x000000070b600000| Untracked 
|  59|0x000000070b800000, 0x000000070b800000, 0x000000070ba00000|  0%| F|  |TAMS 0x000000070b800000| PB 0x000000070b800000| Untracked 
|  60|0x000000070ba00000, 0x000000070ba00000, 0x000000070bc00000|  0%| F|  |TAMS 0x000000070ba00000| PB 0x000000070ba00000| Untracked 
|  61|0x000000070bc00000, 0x000000070bc00000, 0x000000070be00000|  0%| F|  |TAMS 0x000000070bc00000| PB 0x000000070bc00000| Untracked 
|  62|0x000000070be00000, 0x000000070be00000, 0x000000070c000000|  0%| F|  |TAMS 0x000000070be00000| PB 0x000000070be00000| Untracked 
|  63|0x000000070c000000, 0x000000070c000000, 0x000000070c200000|  0%| F|  |TAMS 0x000000070c000000| PB 0x000000070c000000| Untracked 
|  64|0x000000070c200000, 0x000000070c200000, 0x000000070c400000|  0%| F|  |TAMS 0x000000070c200000| PB 0x000000070c200000| Untracked 
|  65|0x000000070c400000, 0x000000070c400000, 0x000000070c600000|  0%| F|  |TAMS 0x000000070c400000| PB 0x000000070c400000| Untracked 
|  66|0x000000070c600000, 0x000000070c600000, 0x000000070c800000|  0%| F|  |TAMS 0x000000070c600000| PB 0x000000070c600000| Untracked 
|  67|0x000000070c800000, 0x000000070c800000, 0x000000070ca00000|  0%| F|  |TAMS 0x000000070c800000| PB 0x000000070c800000| Untracked 
|  68|0x000000070ca00000, 0x000000070ca00000, 0x000000070cc00000|  0%| F|  |TAMS 0x000000070ca00000| PB 0x000000070ca00000| Untracked 
|  69|0x000000070cc00000, 0x000000070cc00000, 0x000000070ce00000|  0%| F|  |TAMS 0x000000070cc00000| PB 0x000000070cc00000| Untracked 
|  70|0x000000070ce00000, 0x000000070ce00000, 0x000000070d000000|  0%| F|  |TAMS 0x000000070ce00000| PB 0x000000070ce00000| Untracked 
|  71|0x000000070d000000, 0x000000070d000000, 0x000000070d200000|  0%| F|  |TAMS 0x000000070d000000| PB 0x000000070d000000| Untracked 
|  72|0x000000070d200000, 0x000000070d200000, 0x000000070d400000|  0%| F|  |TAMS 0x000000070d200000| PB 0x000000070d200000| Untracked 
|  73|0x000000070d400000, 0x000000070d400000, 0x000000070d600000|  0%| F|  |TAMS 0x000000070d400000| PB 0x000000070d400000| Untracked 
|  74|0x000000070d600000, 0x000000070d600000, 0x000000070d800000|  0%| F|  |TAMS 0x000000070d600000| PB 0x000000070d600000| Untracked 
|  75|0x000000070d800000, 0x000000070d800000, 0x000000070da00000|  0%| F|  |TAMS 0x000000070d800000| PB 0x000000070d800000| Untracked 
|  76|0x000000070da00000, 0x000000070da00000, 0x000000070dc00000|  0%| F|  |TAMS 0x000000070da00000| PB 0x000000070da00000| Untracked 
|  77|0x000000070dc00000, 0x000000070dc00000, 0x000000070de00000|  0%| F|  |TAMS 0x000000070dc00000| PB 0x000000070dc00000| Untracked 
|  78|0x000000070de00000, 0x000000070de00000, 0x000000070e000000|  0%| F|  |TAMS 0x000000070de00000| PB 0x000000070de00000| Untracked 
|  79|0x000000070e000000, 0x000000070e000000, 0x000000070e200000|  0%| F|  |TAMS 0x000000070e000000| PB 0x000000070e000000| Untracked 
|  80|0x000000070e200000, 0x000000070e200000, 0x000000070e400000|  0%| F|  |TAMS 0x000000070e200000| PB 0x000000070e200000| Untracked 
|  81|0x000000070e400000, 0x000000070e400000, 0x000000070e600000|  0%| F|  |TAMS 0x000000070e400000| PB 0x000000070e400000| Untracked 
|  82|0x000000070e600000, 0x000000070e600000, 0x000000070e800000|  0%| F|  |TAMS 0x000000070e600000| PB 0x000000070e600000| Untracked 
|  83|0x000000070e800000, 0x000000070e800000, 0x000000070ea00000|  0%| F|  |TAMS 0x000000070e800000| PB 0x000000070e800000| Untracked 
|  84|0x000000070ea00000, 0x000000070ea00000, 0x000000070ec00000|  0%| F|  |TAMS 0x000000070ea00000| PB 0x000000070ea00000| Untracked 
|  85|0x000000070ec00000, 0x000000070ec00000, 0x000000070ee00000|  0%| F|  |TAMS 0x000000070ec00000| PB 0x000000070ec00000| Untracked 
|  86|0x000000070ee00000, 0x000000070ee00000, 0x000000070f000000|  0%| F|  |TAMS 0x000000070ee00000| PB 0x000000070ee00000| Untracked 
|  87|0x000000070f000000, 0x000000070f000000, 0x000000070f200000|  0%| F|  |TAMS 0x000000070f000000| PB 0x000000070f000000| Untracked 
|  88|0x000000070f200000, 0x000000070f200000, 0x000000070f400000|  0%| F|  |TAMS 0x000000070f200000| PB 0x000000070f200000| Untracked 
|  89|0x000000070f400000, 0x000000070f400000, 0x000000070f600000|  0%| F|  |TAMS 0x000000070f400000| PB 0x000000070f400000| Untracked 
|  90|0x000000070f600000, 0x000000070f600000, 0x000000070f800000|  0%| F|  |TAMS 0x000000070f600000| PB 0x000000070f600000| Untracked 
|  91|0x000000070f800000, 0x000000070f800000, 0x000000070fa00000|  0%| F|  |TAMS 0x000000070f800000| PB 0x000000070f800000| Untracked 
|  92|0x000000070fa00000, 0x000000070fa00000, 0x000000070fc00000|  0%| F|  |TAMS 0x000000070fa00000| PB 0x000000070fa00000| Untracked 
|  93|0x000000070fc00000, 0x000000070fc00000, 0x000000070fe00000|  0%| F|  |TAMS 0x000000070fc00000| PB 0x000000070fc00000| Untracked 
|  94|0x000000070fe00000, 0x000000070fe00000, 0x0000000710000000|  0%| F|  |TAMS 0x000000070fe00000| PB 0x000000070fe00000| Untracked 
|  95|0x0000000710000000, 0x0000000710000000, 0x0000000710200000|  0%| F|  |TAMS 0x0000000710000000| PB 0x0000000710000000| Untracked 
|  96|0x0000000710200000, 0x0000000710200000, 0x0000000710400000|  0%| F|  |TAMS 0x0000000710200000| PB 0x0000000710200000| Untracked 
|  97|0x0000000710400000, 0x0000000710400000, 0x0000000710600000|  0%| F|  |TAMS 0x0000000710400000| PB 0x0000000710400000| Untracked 
|  98|0x0000000710600000, 0x0000000710600000, 0x0000000710800000|  0%| F|  |TAMS 0x0000000710600000| PB 0x0000000710600000| Untracked 
|  99|0x0000000710800000, 0x0000000710800000, 0x0000000710a00000|  0%| F|  |TAMS 0x0000000710800000| PB 0x0000000710800000| Untracked 
| 100|0x0000000710a00000, 0x0000000710a00000, 0x0000000710c00000|  0%| F|  |TAMS 0x0000000710a00000| PB 0x0000000710a00000| Untracked 
| 101|0x0000000710c00000, 0x0000000710c00000, 0x0000000710e00000|  0%| F|  |TAMS 0x0000000710c00000| PB 0x0000000710c00000| Untracked 
| 102|0x0000000710e00000, 0x0000000710e00000, 0x0000000711000000|  0%| F|  |TAMS 0x0000000710e00000| PB 0x0000000710e00000| Untracked 
| 103|0x0000000711000000, 0x0000000711000000, 0x0000000711200000|  0%| F|  |TAMS 0x0000000711000000| PB 0x0000000711000000| Untracked 
| 104|0x0000000711200000, 0x0000000711200000, 0x0000000711400000|  0%| F|  |TAMS 0x0000000711200000| PB 0x0000000711200000| Untracked 
| 105|0x0000000711400000, 0x0000000711400000, 0x0000000711600000|  0%| F|  |TAMS 0x0000000711400000| PB 0x0000000711400000| Untracked 
| 106|0x0000000711600000, 0x0000000711600000, 0x0000000711800000|  0%| F|  |TAMS 0x0000000711600000| PB 0x0000000711600000| Untracked 
| 107|0x0000000711800000, 0x0000000711800000, 0x0000000711a00000|  0%| F|  |TAMS 0x0000000711800000| PB 0x0000000711800000| Untracked 
| 108|0x0000000711a00000, 0x0000000711a00000, 0x0000000711c00000|  0%| F|  |TAMS 0x0000000711a00000| PB 0x0000000711a00000| Untracked 
| 109|0x0000000711c00000, 0x0000000711c00000, 0x0000000711e00000|  0%| F|  |TAMS 0x0000000711c00000| PB 0x0000000711c00000| Untracked 
| 110|0x0000000711e00000, 0x0000000711e00000, 0x0000000712000000|  0%| F|  |TAMS 0x0000000711e00000| PB 0x0000000711e00000| Untracked 
| 111|0x0000000712000000, 0x0000000712000000, 0x0000000712200000|  0%| F|  |TAMS 0x0000000712000000| PB 0x0000000712000000| Untracked 
| 112|0x0000000712200000, 0x00000007123103d0, 0x0000000712400000| 53%| E|  |TAMS 0x0000000712200000| PB 0x0000000712200000| Complete 
| 113|0x0000000712400000, 0x0000000712600000, 0x0000000712600000|100%| S|CS|TAMS 0x0000000712400000| PB 0x0000000712400000| Complete 
| 114|0x0000000712600000, 0x0000000712800000, 0x0000000712800000|100%| S|CS|TAMS 0x0000000712600000| PB 0x0000000712600000| Complete 
| 115|0x0000000712800000, 0x0000000712a00000, 0x0000000712a00000|100%| E|CS|TAMS 0x0000000712800000| PB 0x0000000712800000| Complete 
| 116|0x0000000712a00000, 0x0000000712c00000, 0x0000000712c00000|100%| E|CS|TAMS 0x0000000712a00000| PB 0x0000000712a00000| Complete 
| 117|0x0000000712c00000, 0x0000000712e00000, 0x0000000712e00000|100%| E|CS|TAMS 0x0000000712c00000| PB 0x0000000712c00000| Complete 
| 118|0x0000000712e00000, 0x0000000713000000, 0x0000000713000000|100%| E|CS|TAMS 0x0000000712e00000| PB 0x0000000712e00000| Complete 
| 119|0x0000000713000000, 0x0000000713200000, 0x0000000713200000|100%| E|CS|TAMS 0x0000000713000000| PB 0x0000000713000000| Complete 
| 120|0x0000000713200000, 0x0000000713400000, 0x0000000713400000|100%| E|CS|TAMS 0x0000000713200000| PB 0x0000000713200000| Complete 
| 121|0x0000000713400000, 0x0000000713600000, 0x0000000713600000|100%| E|CS|TAMS 0x0000000713400000| PB 0x0000000713400000| Complete 
| 122|0x0000000713600000, 0x0000000713800000, 0x0000000713800000|100%| E|CS|TAMS 0x0000000713600000| PB 0x0000000713600000| Complete 
| 123|0x0000000713800000, 0x0000000713a00000, 0x0000000713a00000|100%| E|CS|TAMS 0x0000000713800000| PB 0x0000000713800000| Complete 
| 124|0x0000000713a00000, 0x0000000713c00000, 0x0000000713c00000|100%| E|CS|TAMS 0x0000000713a00000| PB 0x0000000713a00000| Complete 
| 125|0x0000000713c00000, 0x0000000713e00000, 0x0000000713e00000|100%| E|CS|TAMS 0x0000000713c00000| PB 0x0000000713c00000| Complete 

Card table byte_map: [0x0000020c53d20000,0x0000020c54500000] _byte_map_base: 0x0000020c504ff000

Marking Bits: (CMBitMap*) 0x0000020c39ee4830
 Bits: [0x0000020c54500000, 0x0000020c583f8000)

Polling page: 0x0000020c43a90000

Metaspace:

Usage:
  Non-class:     11.87 MB used.
      Class:      1.40 MB used.
       Both:     13.26 MB used.

Virtual space:
  Non-class space:       64.00 MB reserved,      12.06 MB ( 19%) committed,  1 nodes.
      Class space:        1.00 GB reserved,       1.62 MB ( <1%) committed,  1 nodes.
             Both:        1.06 GB reserved,      13.69 MB (  1%) committed. 

Chunk freelists:
   Non-Class:  2.95 MB
       Class:  14.44 MB
        Both:  17.39 MB

MaxMetaspaceSize: unlimited
CompressedClassSpaceSize: 1.00 GB
Initial GC threshold: 21.00 MB
Current GC threshold: 21.00 MB
CDS: on
 - commit_granule_bytes: 65536.
 - commit_granule_words: 8192.
 - virtual_space_node_default_size: 8388608.
 - enlarge_chunks_in_place: 1.
 - use_allocation_guard: 0.


Internal statistics:

num_allocs_failed_limit: 0.
num_arena_births: 444.
num_arena_deaths: 0.
num_vsnodes_births: 2.
num_vsnodes_deaths: 0.
num_space_committed: 219.
num_space_uncommitted: 0.
num_chunks_returned_to_freelist: 0.
num_chunks_taken_from_freelist: 859.
num_chunk_merges: 0.
num_chunk_splits: 542.
num_chunks_enlarged: 311.
num_inconsistent_stats: 0.

CodeHeap 'non-profiled nmethods': size=120000Kb used=793Kb max_used=793Kb free=119206Kb
 bounds [0x0000020c4b580000, 0x0000020c4b7f0000, 0x0000020c52ab0000]
CodeHeap 'profiled nmethods': size=120000Kb used=4093Kb max_used=4093Kb free=115906Kb
 bounds [0x0000020c43ab0000, 0x0000020c43eb0000, 0x0000020c4afe0000]
CodeHeap 'non-nmethods': size=5760Kb used=2848Kb max_used=2875Kb free=2912Kb
 bounds [0x0000020c4afe0000, 0x0000020c4b2c0000, 0x0000020c4b580000]
 total_blobs=2961 nmethods=2183 adapters=682
 compilation: enabled
              stopped_count=0, restarted_count=0
 full_count=0

Compilation events (20 events):
Event: 1.127 Thread 0x0000020c5aacac20 nmethod 2177 0x0000020c4b63f490 code [0x0000020c4b63f620, 0x0000020c4b63f6e8]
Event: 1.127 Thread 0x0000020c5aacac20 2178       1       java.time.zone.ZoneOffsetTransition::getOffsetAfter (5 bytes)
Event: 1.127 Thread 0x0000020c5aacac20 nmethod 2178 0x0000020c4b63f790 code [0x0000020c4b63f920, 0x0000020c4b63f9f0]
Event: 1.127 Thread 0x0000020c5aacac20 2179       1       java.time.zone.ZoneOffsetTransition::getOffsetBefore (5 bytes)
Event: 1.127 Thread 0x0000020c5aacac20 nmethod 2179 0x0000020c4b63fa90 code [0x0000020c4b63fc20, 0x0000020c4b63fcf0]
Event: 1.127 Thread 0x0000020c5aacac20 2180       3       java.time.temporal.ChronoField::checkValidValue (10 bytes)
Event: 1.127 Thread 0x0000020c5aacac20 nmethod 2180 0x0000020c43eaaf90 code [0x0000020c43eab140, 0x0000020c43eab2a0]
Event: 1.127 Thread 0x0000020c5aacac20 2181       1       java.time.zone.ZoneOffsetTransition::getDateTimeBefore (5 bytes)
Event: 1.127 Thread 0x0000020c5aacac20 nmethod 2181 0x0000020c4b63fd90 code [0x0000020c4b63ff20, 0x0000020c4b63fff0]
Event: 1.127 Thread 0x0000020c5aacac20 2167       1       org.codehaus.groovy.reflection.stdclasses.ObjectCachedClass::isAssignableFrom (2 bytes)
Event: 1.127 Thread 0x0000020c5aacac20 nmethod 2167 0x0000020c4b640090 code [0x0000020c4b640220, 0x0000020c4b6402e8]
Event: 1.128 Thread 0x0000020c5aabd510 nmethod 2126 0x0000020c4b640390 code [0x0000020c4b640680, 0x0000020c4b641b78]
Event: 1.128 Thread 0x0000020c5aacac20 2182       3       java.util.HashMap::calculateHashMapCapacity (11 bytes)
Event: 1.129 Thread 0x0000020c5aabd510 2133       4       java.io.BufferedInputStream::ensureOpen (18 bytes)
Event: 1.129 Thread 0x0000020c5aacac20 nmethod 2182 0x0000020c43eab390 code [0x0000020c43eab560, 0x0000020c43eab6f8]
Event: 1.129 Thread 0x0000020ca09381d0 nmethod 2130 0x0000020c4b642690 code [0x0000020c4b642880, 0x0000020c4b642cd0]
Event: 1.129 Thread 0x0000020ca09381d0 2161       4       jdk.internal.misc.Unsafe::getShortUnaligned (12 bytes)
Event: 1.129 Thread 0x0000020c5aacac20 2183       3       org.codehaus.groovy.reflection.CachedClass::<init> (247 bytes)
Event: 1.129 Thread 0x0000020c5aabd510 nmethod 2133 0x0000020c4b643090 code [0x0000020c4b643220, 0x0000020c4b6432c8]
Event: 1.129 Thread 0x0000020c5aabd510 2164       4       java.util.concurrent.ConcurrentHashMap::putIfAbsent (8 bytes)

GC Heap History (2 events):
Event: 0.685 GC heap before
{Heap before GC invocations=0 (full 0):
 garbage-first heap   total 258048K, used 20480K [0x0000000704200000, 0x0000000800000000)
  region size 2048K, 11 young (22528K), 0 survivors (0K)
 Metaspace       used 8348K, committed 8576K, reserved 1114112K
  class space    used 917K, committed 1024K, reserved 1048576K
}
Event: 0.689 GC heap after
{Heap after GC invocations=1 (full 0):
 garbage-first heap   total 258048K, used 4380K [0x0000000704200000, 0x0000000800000000)
  region size 2048K, 2 young (4096K), 2 survivors (4096K)
 Metaspace       used 8348K, committed 8576K, reserved 1114112K
  class space    used 917K, committed 1024K, reserved 1048576K
}

Dll operation events (11 events):
Event: 0.008 Loaded shared library C:\Program Files\Java\jdk-21\bin\java.dll
Event: 0.036 Loaded shared library C:\Program Files\Java\jdk-21\bin\jsvml.dll
Event: 0.088 Loaded shared library C:\Program Files\Java\jdk-21\bin\zip.dll
Event: 0.091 Loaded shared library C:\Program Files\Java\jdk-21\bin\instrument.dll
Event: 0.097 Loaded shared library C:\Program Files\Java\jdk-21\bin\net.dll
Event: 0.099 Loaded shared library C:\Program Files\Java\jdk-21\bin\nio.dll
Event: 0.103 Loaded shared library C:\Program Files\Java\jdk-21\bin\zip.dll
Event: 0.112 Loaded shared library C:\Program Files\JetBrains\IntelliJ IDEA Community Edition 2024.1.1\bin\breakgen64.dll
Event: 0.120 Loaded shared library C:\Program Files\Java\jdk-21\bin\extnet.dll
Event: 0.171 Loaded shared library C:\Program Files\Java\jdk-21\bin\verify.dll
Event: 0.177 Loaded shared library C:\Program Files\Java\jdk-21\bin\jimage.dll

Deoptimization events (20 events):
Event: 1.097 Thread 0x0000020c5aab3b20 Uncommon trap: trap_request=0xffffffde fr.pc=0x0000020c4b5f5ffc relative=0x0000000000000f5c
Event: 1.097 Thread 0x0000020c5aab3b20 Uncommon trap: reason=class_check action=maybe_recompile pc=0x0000020c4b5f5ffc method=java.io.BufferedInputStream.implRead([BII)I @ 100 c2
Event: 1.097 Thread 0x0000020c5aab3b20 DEOPT PACKING pc=0x0000020c4b5f5ffc sp=0x000000c1896fda40
Event: 1.097 Thread 0x0000020c5aab3b20 DEOPT UNPACKING pc=0x0000020c4b037da2 sp=0x000000c1896fd940 mode 2
Event: 1.097 Thread 0x0000020c5aab3b20 Uncommon trap: trap_request=0xffffffde fr.pc=0x0000020c4b5f5ffc relative=0x0000000000000f5c
Event: 1.097 Thread 0x0000020c5aab3b20 Uncommon trap: reason=class_check action=maybe_recompile pc=0x0000020c4b5f5ffc method=java.io.BufferedInputStream.implRead([BII)I @ 100 c2
Event: 1.097 Thread 0x0000020c5aab3b20 DEOPT PACKING pc=0x0000020c4b5f5ffc sp=0x000000c1896fda40
Event: 1.097 Thread 0x0000020c5aab3b20 DEOPT UNPACKING pc=0x0000020c4b037da2 sp=0x000000c1896fd940 mode 2
Event: 1.097 Thread 0x0000020c5aab3b20 Uncommon trap: trap_request=0xffffffde fr.pc=0x0000020c4b5f5ffc relative=0x0000000000000f5c
Event: 1.097 Thread 0x0000020c5aab3b20 Uncommon trap: reason=class_check action=maybe_recompile pc=0x0000020c4b5f5ffc method=java.io.BufferedInputStream.implRead([BII)I @ 100 c2
Event: 1.097 Thread 0x0000020c5aab3b20 DEOPT PACKING pc=0x0000020c4b5f5ffc sp=0x000000c1896fda40
Event: 1.097 Thread 0x0000020c5aab3b20 DEOPT UNPACKING pc=0x0000020c4b037da2 sp=0x000000c1896fd940 mode 2
Event: 1.097 Thread 0x0000020c5aab3b20 Uncommon trap: trap_request=0xffffffde fr.pc=0x0000020c4b5fda38 relative=0x00000000000009b8
Event: 1.097 Thread 0x0000020c5aab3b20 Uncommon trap: reason=class_check action=maybe_recompile pc=0x0000020c4b5fda38 method=java.io.BufferedInputStream.implRead([BII)I @ 100 c2
Event: 1.097 Thread 0x0000020c5aab3b20 DEOPT PACKING pc=0x0000020c4b5fda38 sp=0x000000c1896fd9e0
Event: 1.097 Thread 0x0000020c5aab3b20 DEOPT UNPACKING pc=0x0000020c4b037da2 sp=0x000000c1896fd938 mode 2
Event: 1.097 Thread 0x0000020c5aab3b20 Uncommon trap: trap_request=0xffffffde fr.pc=0x0000020c4b5f7cfc relative=0x000000000000063c
Event: 1.097 Thread 0x0000020c5aab3b20 Uncommon trap: reason=class_check action=maybe_recompile pc=0x0000020c4b5f7cfc method=java.io.BufferedInputStream.implRead([BII)I @ 100 c2
Event: 1.097 Thread 0x0000020c5aab3b20 DEOPT PACKING pc=0x0000020c4b5f7cfc sp=0x000000c1896fd960
Event: 1.097 Thread 0x0000020c5aab3b20 DEOPT UNPACKING pc=0x0000020c4b037da2 sp=0x000000c1896fd938 mode 2

Classes loaded (20 events):
Event: 1.117 Loading class sun/util/resources/cldr/TimeZoneNames_en_US done
Event: 1.118 Loading class java/time/zone/ZoneRulesProvider
Event: 1.119 Loading class java/time/zone/ZoneRulesProvider done
Event: 1.119 Loading class java/time/zone/ZoneRulesProvider$1
Event: 1.119 Loading class java/time/zone/ZoneRulesProvider$1 done
Event: 1.119 Loading class java/time/zone/TzdbZoneRulesProvider
Event: 1.119 Loading class java/time/zone/TzdbZoneRulesProvider done
Event: 1.123 Loading class java/time/zone/Ser
Event: 1.123 Loading class java/time/zone/Ser done
Event: 1.124 Loading class java/time/Month
Event: 1.124 Loading class java/time/Month done
Event: 1.124 Loading class java/time/DayOfWeek
Event: 1.124 Loading class java/time/DayOfWeek done
Event: 1.124 Loading class java/time/zone/ZoneOffsetTransitionRule$TimeDefinition
Event: 1.125 Loading class java/time/zone/ZoneOffsetTransitionRule$TimeDefinition done
Event: 1.125 Loading class java/time/zone/ZoneOffsetTransition
Event: 1.125 Loading class java/time/zone/ZoneOffsetTransition done
Event: 1.126 Loading class sun/util/cldr/CLDRBaseLocaleDataMetaInfo$TZCanonicalIDMapHolder
Event: 1.127 Loading class sun/util/cldr/CLDRBaseLocaleDataMetaInfo$TZCanonicalIDMapHolder done
Event: 1.129 Loading class sun/util/resources/TimeZoneNames

Classes unloaded (0 events):
No events

Classes redefined (0 events):
No events

Internal exceptions (20 events):
Event: 1.077 Thread 0x0000020c39e7cd40 Exception <a 'java/lang/NoSuchMethodError'{0x00000007128be138}: 'java.lang.Object java.lang.invoke.DirectMethodHandle$Holder.invokeInterface(java.lang.Object, java.lang.Object, java.lang.Object, java.lang.Object, java.lang.Object)'> (0x00000007128be138) 
thrown [s\open\src\hotspot\share\interpreter\linkResolver.cpp, line 773]
Event: 1.080 Thread 0x0000020c39e7cd40 Exception <a 'java/lang/ClassNotFoundException'{0x00000007128d5e58}: groovy/lang/ReferenceBeanInfo> (0x00000007128d5e58) 
thrown [s\open\src\hotspot\share\classfile\systemDictionary.cpp, line 312]
Event: 1.080 Thread 0x0000020c39e7cd40 Exception <a 'java/lang/ClassNotFoundException'{0x00000007128d8bd0}: groovy/lang/GroovyObjectSupportBeanInfo> (0x00000007128d8bd0) 
thrown [s\open\src\hotspot\share\classfile\systemDictionary.cpp, line 312]
Event: 1.080 Thread 0x0000020c39e7cd40 Exception <a 'java/lang/ClassNotFoundException'{0x00000007128db960}: groovy/lang/GroovyObjectSupportCustomizer> (0x00000007128db960) 
thrown [s\open\src\hotspot\share\classfile\systemDictionary.cpp, line 312]
Event: 1.082 Thread 0x0000020c39e7cd40 Exception <a 'java/lang/ClassNotFoundException'{0x00000007128ef018}: groovy/lang/ReferenceCustomizer> (0x00000007128ef018) 
thrown [s\open\src\hotspot\share\classfile\systemDictionary.cpp, line 312]
Event: 1.083 Thread 0x0000020c39e7cd40 Exception <a 'java/lang/NoSuchMethodError'{0x00000007128f62e0}: 'java.lang.Object java.lang.invoke.DirectMethodHandle$Holder.invokeVirtual(java.lang.Object, java.lang.Object, java.lang.Object)'> (0x00000007128f62e0) 
thrown [s\open\src\hotspot\share\interpreter\linkResolver.cpp, line 773]
Event: 1.088 Thread 0x0000020c39e7cd40 Exception <a 'java/lang/ClassNotFoundException'{0x0000000712911570}: io/restassured/internal/serialization/SerializationSupportBeanInfo> (0x0000000712911570) 
thrown [s\open\src\hotspot\share\classfile\systemDictionary.cpp, line 312]
Event: 1.088 Thread 0x0000020c39e7cd40 Exception <a 'java/lang/ClassNotFoundException'{0x0000000712914f30}: io/restassured/internal/serialization/SerializationSupportCustomizer> (0x0000000712914f30) 
thrown [s\open\src\hotspot\share\classfile\systemDictionary.cpp, line 312]
Event: 1.092 Thread 0x0000020c39e7cd40 Exception <a 'java/lang/ClassNotFoundException'{0x00000007129305b8}: io/restassured/http/HeaderBeanInfo> (0x00000007129305b8) 
thrown [s\open\src\hotspot\share\classfile\systemDictionary.cpp, line 312]
Event: 1.092 Thread 0x0000020c39e7cd40 Exception <a 'java/lang/ClassNotFoundException'{0x00000007129332b8}: io/restassured/http/HeaderCustomizer> (0x00000007129332b8) 
thrown [s\open\src\hotspot\share\classfile\systemDictionary.cpp, line 312]
Event: 1.095 Thread 0x0000020c39e7cd40 Exception <a 'java/lang/ClassNotFoundException'{0x000000071294c6e0}: groovy/lang/Closure$1BeanInfo> (0x000000071294c6e0) 
thrown [s\open\src\hotspot\share\classfile\systemDictionary.cpp, line 312]
Event: 1.095 Thread 0x0000020c39e7cd40 Exception <a 'java/lang/ClassNotFoundException'{0x000000071294f2f8}: groovy/lang/ClosureBeanInfo> (0x000000071294f2f8) 
thrown [s\open\src\hotspot\share\classfile\systemDictionary.cpp, line 312]
Event: 1.095 Thread 0x0000020c39e7cd40 Exception <a 'java/lang/ClassNotFoundException'{0x0000000712951ed8}: groovy/lang/ClosureCustomizer> (0x0000000712951ed8) 
thrown [s\open\src\hotspot\share\classfile\systemDictionary.cpp, line 312]
Event: 1.097 Thread 0x0000020c39e7cd40 Exception <a 'java/lang/ClassNotFoundException'{0x00000007129d5328}: groovy/lang/Closure$1Customizer> (0x00000007129d5328) 
thrown [s\open\src\hotspot\share\classfile\systemDictionary.cpp, line 312]
Event: 1.121 Thread 0x0000020c39e7cd40 Exception <a 'java/lang/ClassNotFoundException'{0x0000000712265b10}: groovy/runtime/metaclass/[Ljava/lang/Object;MetaClass> (0x0000000712265b10) 
thrown [s\open\src\hotspot\share\prims\jni.cpp, line 539]
Event: 1.122 Thread 0x0000020c39e7cd40 Exception <a 'java/lang/ClassNotFoundException'{0x000000071226ce40}: [Ljava/lang/Object;BeanInfo> (0x000000071226ce40) 
thrown [s\open\src\hotspot\share\prims\jni.cpp, line 539]
Event: 1.123 Thread 0x0000020c39e7cd40 Exception <a 'java/lang/ClassNotFoundException'{0x000000071226d6c0}: [Ljava/lang/Object;BeanInfo> (0x000000071226d6c0) 
thrown [s\open\src\hotspot\share\prims\jni.cpp, line 539]
Event: 1.123 Thread 0x0000020c39e7cd40 Exception <a 'java/lang/ClassNotFoundException'{0x000000071226e000}: [Ljava/lang/Object;Customizer> (0x000000071226e000) 
thrown [s\open\src\hotspot\share\prims\jni.cpp, line 539]
Event: 1.123 Thread 0x0000020c39e7cd40 Exception <a 'java/lang/ClassNotFoundException'{0x000000071226e880}: [Ljava/lang/Object;Customizer> (0x000000071226e880) 
thrown [s\open\src\hotspot\share\prims\jni.cpp, line 539]
Event: 1.125 Thread 0x0000020c39e7cd40 Exception <a 'java/lang/NoSuchMethodError'{0x0000000712273cc0}: 'java.lang.Object java.lang.invoke.DirectMethodHandle$Holder.invokeInterface(java.lang.Object, java.lang.Object, java.lang.Object)'> (0x0000000712273cc0) 
thrown [s\open\src\hotspot\share\interpreter\linkResolver.cpp, line 773]

ZGC Phase Switch (0 events):
No events

VM Operations (20 events):
Event: 0.306 Executing VM operation: HandshakeAllThreads (Deoptimize)
Event: 0.306 Executing VM operation: HandshakeAllThreads (Deoptimize) done
Event: 0.458 Executing VM operation: HandshakeAllThreads (Deoptimize)
Event: 0.458 Executing VM operation: HandshakeAllThreads (Deoptimize) done
Event: 0.528 Executing VM operation: HandshakeAllThreads (Deoptimize)
Event: 0.528 Executing VM operation: HandshakeAllThreads (Deoptimize) done
Event: 0.592 Executing VM operation: HandshakeAllThreads (Deoptimize)
Event: 0.592 Executing VM operation: HandshakeAllThreads (Deoptimize) done
Event: 0.623 Executing VM operation: HandshakeAllThreads (Deoptimize)
Event: 0.623 Executing VM operation: HandshakeAllThreads (Deoptimize) done
Event: 0.628 Executing VM operation: ICBufferFull
Event: 0.628 Executing VM operation: ICBufferFull done
Event: 0.685 Executing VM operation: G1CollectForAllocation (G1 Evacuation Pause)
Event: 0.689 Executing VM operation: G1CollectForAllocation (G1 Evacuation Pause) done
Event: 0.859 Executing VM operation: HandshakeAllThreads (Deoptimize)
Event: 0.859 Executing VM operation: HandshakeAllThreads (Deoptimize) done
Event: 0.929 Executing VM operation: ICBufferFull
Event: 0.929 Executing VM operation: ICBufferFull done
Event: 1.101 Executing VM operation: HandshakeAllThreads (Deoptimize)
Event: 1.101 Executing VM operation: HandshakeAllThreads (Deoptimize) done

Events (14 events):
Event: 0.022 Thread 0x0000020c39e7cd40 Thread added: 0x0000020c39e7cd40
Event: 0.033 Thread 0x0000020c5aaaf250 Thread added: 0x0000020c5aaaf250
Event: 0.033 Thread 0x0000020c5aab0170 Thread added: 0x0000020c5aab0170
Event: 0.034 Thread 0x0000020c5aab28f0 Thread added: 0x0000020c5aab28f0
Event: 0.034 Thread 0x0000020c5aab3b20 Thread added: 0x0000020c5aab3b20
Event: 0.034 Thread 0x0000020c5aab7eb0 Thread added: 0x0000020c5aab7eb0
Event: 0.034 Thread 0x0000020c5aab9350 Thread added: 0x0000020c5aab9350
Event: 0.034 Thread 0x0000020c5aabd510 Thread added: 0x0000020c5aabd510
Event: 0.034 Thread 0x0000020c5aacac20 Thread added: 0x0000020c5aacac20
Event: 0.066 Thread 0x0000020c5aa79790 Thread added: 0x0000020c5aa79790
Event: 0.113 Thread 0x0000020ca031de40 Thread added: 0x0000020ca031de40
Event: 0.113 Thread 0x0000020ca02c34a0 Thread added: 0x0000020ca02c34a0
Event: 0.478 Thread 0x0000020ca09381d0 Thread added: 0x0000020ca09381d0
Event: 0.627 Thread 0x0000020ca0cb77f0 Thread added: 0x0000020ca0cb77f0


Dynamic libraries:
0x00007ff690050000 - 0x00007ff690060000 	C:\Program Files\Java\jdk-21\bin\java.exe
0x00007fff8de70000 - 0x00007fff8e087000 	C:\WINDOWS\SYSTEM32\ntdll.dll
0x00007fff8ca90000 - 0x00007fff8cb54000 	C:\WINDOWS\System32\KERNEL32.DLL
0x00007fff8b3e0000 - 0x00007fff8b78c000 	C:\WINDOWS\System32\KERNELBASE.dll
0x00007fff8ba20000 - 0x00007fff8bb31000 	C:\WINDOWS\System32\ucrtbase.dll
0x00007fff743e0000 - 0x00007fff743f9000 	C:\Program Files\Java\jdk-21\bin\jli.dll
0x00007fff8bca0000 - 0x00007fff8bd52000 	C:\WINDOWS\System32\ADVAPI32.dll
0x00007fff8c7d0000 - 0x00007fff8c877000 	C:\WINDOWS\System32\msvcrt.dll
0x00007fff74da0000 - 0x00007fff74dbb000 	C:\Program Files\Java\jdk-21\bin\VCRUNTIME140.dll
0x00007fff8db90000 - 0x00007fff8dc38000 	C:\WINDOWS\System32\sechost.dll
0x00007fff8b3b0000 - 0x00007fff8b3d8000 	C:\WINDOWS\System32\bcrypt.dll
0x00007fff8c970000 - 0x00007fff8ca85000 	C:\WINDOWS\System32\RPCRT4.dll
0x00007fff8cfe0000 - 0x00007fff8d18e000 	C:\WINDOWS\System32\USER32.dll
0x00007fff8b380000 - 0x00007fff8b3a6000 	C:\WINDOWS\System32\win32u.dll
0x00007fff74950000 - 0x00007fff74be3000 	C:\WINDOWS\WinSxS\amd64_microsoft.windows.common-controls_6595b64144ccf1df_6.0.22621.3672_none_2713b9d173822955\COMCTL32.dll
0x00007fff8dc40000 - 0x00007fff8dc69000 	C:\WINDOWS\System32\GDI32.dll
0x00007fff8b260000 - 0x00007fff8b379000 	C:\WINDOWS\System32\gdi32full.dll
0x00007fff8b790000 - 0x00007fff8b82a000 	C:\WINDOWS\System32\msvcp_win.dll
0x00007fff82270000 - 0x00007fff8227a000 	C:\WINDOWS\SYSTEM32\VERSION.dll
0x00007fff8d560000 - 0x00007fff8d591000 	C:\WINDOWS\System32\IMM32.DLL
0x00007fff74d90000 - 0x00007fff74d9c000 	C:\Program Files\Java\jdk-21\bin\vcruntime140_1.dll
0x00007fff6dae0000 - 0x00007fff6db6e000 	C:\Program Files\Java\jdk-21\bin\msvcp140.dll
0x00007ffecdf20000 - 0x00007ffecec37000 	C:\Program Files\Java\jdk-21\bin\server\jvm.dll
0x00007fff8c890000 - 0x00007fff8c901000 	C:\WINDOWS\System32\WS2_32.dll
0x00007fff89ff0000 - 0x00007fff8a03d000 	C:\WINDOWS\SYSTEM32\POWRPROF.dll
0x00007fff81f10000 - 0x00007fff81f44000 	C:\WINDOWS\SYSTEM32\WINMM.dll
0x00007fff89fd0000 - 0x00007fff89fe3000 	C:\WINDOWS\SYSTEM32\UMPDC.dll
0x00007fff8a280000 - 0x00007fff8a298000 	C:\WINDOWS\SYSTEM32\kernel.appcore.dll
0x00007fff74d20000 - 0x00007fff74d2a000 	C:\Program Files\Java\jdk-21\bin\jimage.dll
0x00007fff889b0000 - 0x00007fff88be2000 	C:\WINDOWS\SYSTEM32\DBGHELP.DLL
0x00007fff8cc40000 - 0x00007fff8cfc8000 	C:\WINDOWS\System32\combase.dll
0x00007fff8cb60000 - 0x00007fff8cc37000 	C:\WINDOWS\System32\OLEAUT32.dll
0x00007fff75720000 - 0x00007fff75752000 	C:\WINDOWS\SYSTEM32\dbgcore.DLL
0x00007fff8b830000 - 0x00007fff8b8ab000 	C:\WINDOWS\System32\bcryptPrimitives.dll
0x00007fff74810000 - 0x00007fff7481f000 	C:\Program Files\Java\jdk-21\bin\instrument.dll
0x00007fff73f30000 - 0x00007fff73f4f000 	C:\Program Files\Java\jdk-21\bin\java.dll
0x00007fff8bf60000 - 0x00007fff8c7bc000 	C:\WINDOWS\System32\SHELL32.dll
0x00007fff890a0000 - 0x00007fff89997000 	C:\WINDOWS\SYSTEM32\windows.storage.dll
0x00007fff88f60000 - 0x00007fff8909f000 	C:\WINDOWS\SYSTEM32\wintypes.dll
0x00007fff8bd60000 - 0x00007fff8be54000 	C:\WINDOWS\System32\SHCORE.dll
0x00007fff8bf00000 - 0x00007fff8bf5e000 	C:\WINDOWS\System32\shlwapi.dll
0x00007fff8b0d0000 - 0x00007fff8b0f1000 	C:\WINDOWS\SYSTEM32\profapi.dll
0x00007fff6da00000 - 0x00007fff6dad7000 	C:\Program Files\Java\jdk-21\bin\jsvml.dll
0x00007fff73eb0000 - 0x00007fff73ec8000 	C:\Program Files\Java\jdk-21\bin\zip.dll
0x00007fff74de0000 - 0x00007fff74df0000 	C:\Program Files\Java\jdk-21\bin\net.dll
0x00007fff845d0000 - 0x00007fff84706000 	C:\WINDOWS\SYSTEM32\WINHTTP.dll
0x00007fff8a6e0000 - 0x00007fff8a749000 	C:\WINDOWS\system32\mswsock.dll
0x00007fff74dc0000 - 0x00007fff74dd6000 	C:\Program Files\Java\jdk-21\bin\nio.dll
0x00007fff727d0000 - 0x00007fff727ea000 	C:\Program Files\JetBrains\IntelliJ IDEA Community Edition 2024.1.1\bin\breakgen64.dll
0x00007fff74050000 - 0x00007fff74059000 	C:\Program Files\Java\jdk-21\bin\extnet.dll
0x00007fff73d10000 - 0x00007fff73d20000 	C:\Program Files\Java\jdk-21\bin\verify.dll
0x00007fff8aa30000 - 0x00007fff8aa4b000 	C:\WINDOWS\SYSTEM32\CRYPTSP.dll
0x00007fff8a1e0000 - 0x00007fff8a215000 	C:\WINDOWS\system32\rsaenh.dll
0x00007fff8a780000 - 0x00007fff8a7a8000 	C:\WINDOWS\SYSTEM32\USERENV.dll
0x00007fff8aa10000 - 0x00007fff8aa1c000 	C:\WINDOWS\SYSTEM32\CRYPTBASE.dll
0x00007fff89c70000 - 0x00007fff89c9d000 	C:\WINDOWS\SYSTEM32\IPHLPAPI.DLL
0x00007fff8cfd0000 - 0x00007fff8cfd9000 	C:\WINDOWS\System32\NSI.dll

dbghelp: loaded successfully - version: 4.0.5 - missing functions: none
symbol engine: initialized successfully - sym options: 0x614 - pdb path: .;C:\Program Files\Java\jdk-21\bin;C:\WINDOWS\SYSTEM32;C:\WINDOWS\WinSxS\amd64_microsoft.windows.common-controls_6595b64144ccf1df_6.0.22621.3672_none_2713b9d173822955;C:\Program Files\Java\jdk-21\bin\server;C:\Program Files\JetBrains\IntelliJ IDEA Community Edition 2024.1.1\bin

VM Arguments:
jvm_args: -ea -Didea.test.cyclic.buffer.size=1048576 -javaagent:C:\Program Files\JetBrains\IntelliJ IDEA Community Edition 2024.1.1\lib\idea_rt.jar=55206:C:\Program Files\JetBrains\IntelliJ IDEA Community Edition 2024.1.1\bin -Dfile.encoding=UTF-8 -Dsun.stdout.encoding=UTF-8 -Dsun.stderr.encoding=UTF-8 
java_command: com.intellij.rt.testng.RemoteTestNGStarter -usedefaultlisteners false -socket55205 @w@C:\Users\abdul\AppData\Local\Temp\idea_working_dirs_testng.tmp -temp C:\Users\abdul\AppData\Local\Temp\idea_testng.tmp
java_class_path (initial): C:\Program Files\JetBrains\IntelliJ IDEA Community Edition 2024.1.1\lib\idea_rt.jar;C:\Program Files\JetBrains\IntelliJ IDEA Community Edition 2024.1.1\plugins\testng\lib\testng-rt.jar;C:\Users\abdul\IdeaProjects\EjadaRestAssured\target\test-classes;C:\Users\abdul\IdeaProjects\EjadaRestAssured\target\classes;C:\Users\abdul\.m2\repository\io\rest-assured\rest-assured\5.4.0\rest-assured-5.4.0.jar;C:\Users\abdul\.m2\repository\org\apache\groovy\groovy\4.0.16\groovy-4.0.16.jar;C:\Users\abdul\.m2\repository\org\apache\groovy\groovy-xml\4.0.16\groovy-xml-4.0.16.jar;C:\Users\abdul\.m2\repository\org\apache\httpcomponents\httpclient\4.5.13\httpclient-4.5.13.jar;C:\Users\abdul\.m2\repository\org\apache\httpcomponents\httpcore\4.4.13\httpcore-4.4.13.jar;C:\Users\abdul\.m2\repository\commons-logging\commons-logging\1.2\commons-logging-1.2.jar;C:\Users\abdul\.m2\repository\commons-codec\commons-codec\1.11\commons-codec-1.11.jar;C:\Users\abdul\.m2\repository\org\apache\httpcomponents\httpmime\4.5.13\httpmime-4.5.13.jar;C:\Users\abdul\.m2\repository\org\ccil\cowan\tagsoup\tagsoup\1.2.1\tagsoup-1.2.1.jar;C:\Users\abdul\.m2\repository\io\rest-assured\json-path\5.4.0\json-path-5.4.0.jar;C:\Users\abdul\.m2\repository\org\apache\groovy\groovy-json\4.0.16\groovy-json-4.0.16.jar;C:\Users\abdul\.m2\repository\io\rest-assured\rest-assured-common\5.4.0\rest-assured-common-5.4.0.jar;C:\Users\abdul\.m2\repository\io\rest-assured\xml-path\5.4.0\xml-path-5.4.0.jar;C:\Users\abdul\.m2\repository\org\apache\commons\commons-lang3\3.11\commons-lang3-3.11.jar;C:\Users\abdul\.m2\repository\com\aventstack\extentreports\5.1.1\extentreports-5.1.1.jar;C:\Users\abdul\.m2\repository\io\reactivex\rxjava3\rxjava\3.1.6\rxjava-3.1.6.jar;C:\Users\abdul\.m2\repository\org\reactivestreams\reactive-streams\1.0.4\reactive-streams-1.0.4.jar;C:\Users\abdul\.m2\repository\org\freemarker\freemarker\2.3.32\freemarker-2.3.32.jar;C:\Users\abdul\.m2\repository\org\projectlombok\lombok\1.18.26\lombok-1.18.26.jar;C:\Users\abdul\.m2\repository\com\google\code\gson\gson\2.10.1\gson-2.10.1.jar;C:\Users\abdul\.m2\repository\org\hamcrest\hamcrest\2.2\hamcrest-2.2.jar;C:\Users\abdul\.m2\repository\org\testng\testng\7.10.2\testng-7.10.2.jar;C:\Users\abdul\.m2\repository\org\slf4j\slf4j-api\1.7.36\slf4j-api-1.7.36.jar;C:\Users\abdul\.m2\repository\com\beust\jcommander\1.82\jcommander-1.82.jar;C:\Users\abdul\.m2\repository\org\webjars\jquery\3.7.1\jquery-3.7.1.jar
Launcher Type: SUN_STANDARD

[Global flags]
     intx CICompilerCount                          = 4                                         {product} {ergonomic}
     uint ConcGCThreads                            = 2                                         {product} {ergonomic}
     uint G1ConcRefinementThreads                  = 8                                         {product} {ergonomic}
   size_t G1HeapRegionSize                         = 2097152                                   {product} {ergonomic}
    uintx GCDrainStackTargetSize                   = 64                                        {product} {ergonomic}
   size_t InitialHeapSize                          = 264241152                                 {product} {ergonomic}
   size_t MarkStackSize                            = 4194304                                   {product} {ergonomic}
   size_t MaxHeapSize                              = 4225761280                                {product} {ergonomic}
   size_t MaxNewSize                               = 2535456768                                {product} {ergonomic}
   size_t MinHeapDeltaBytes                        = 2097152                                   {product} {ergonomic}
   size_t MinHeapSize                              = 8388608                                   {product} {ergonomic}
    uintx NonNMethodCodeHeapSize                   = 5839372                                {pd product} {ergonomic}
    uintx NonProfiledCodeHeapSize                  = 122909434                              {pd product} {ergonomic}
    uintx ProfiledCodeHeapSize                     = 122909434                              {pd product} {ergonomic}
    uintx ReservedCodeCacheSize                    = 251658240                              {pd product} {ergonomic}
     bool SegmentedCodeCache                       = true                                      {product} {ergonomic}
   size_t SoftMaxHeapSize                          = 4225761280                             {manageable} {ergonomic}
     bool UseCompressedOops                        = true                           {product lp64_product} {ergonomic}
     bool UseG1GC                                  = true                                      {product} {ergonomic}
     bool UseLargePagesIndividualAllocation        = false                                  {pd product} {ergonomic}

Logging:
Log output configuration:
 #0: stdout all=warning uptime,level,tags foldmultilines=false
 #1: stderr all=off uptime,level,tags foldmultilines=false

Environment Variables:
JAVA_HOME=C:\Program Files\Java\jdk-21
PATH=C:\Program Files\Common Files\Oracle\Java\javapath;C:\WINDOWS\system32;C:\WINDOWS;C:\WINDOWS\System32\Wbem;C:\WINDOWS\System32\WindowsPowerShell\v1.0\;C:\WINDOWS\System32\OpenSSH\;C:\Program Files\dotnet\;C:\Program Files\Microsoft SQL Server\Client SDK\ODBC\170\Tools\Binn\;C:\Program Files (x86)\Microsoft SQL Server\150\Tools\Binn\;C:\Program Files\Microsoft SQL Server\150\Tools\Binn\;C:\Program Files\Microsoft SQL Server\150\DTS\Binn\;C:\Program Files\Java\jdk-21\bin;C:\IDE\apache-maven-3.9.6\bin;C:\Program Files (x86)\NVIDIA Corporation\PhysX\Common;C:\Users\abdul\AppData\Local\Programs\Python\Python311;C:\Program Files\nodejs\;C:\ProgramData\chocolatey\bin;C:\Users\abdul\AppData\Local\Android\SDK\platform-tools;C:\Program Files\PuTTY\;C:\Program Files\Git\cmd;C:\Program Files\Kubernetes\Minikube;;C:\Program Files\Docker\Docker\resources\bin;C:\Users\abdul\AppData\Local\Microsoft\WindowsApps;C:\Program Files\Azure Data Studio\bin;C:\Users\abdul\AppData\Local\GitHubDesktop\bin;;C:\Users\abdul\AppData\Local\Programs\Microsoft VS Code\bin;C:\Program Files\JetBrains\IntelliJ IDEA Community Edition 2023.3.2\bin;;C:\Users\abdul\AppData\Roaming\npm
USERNAME=abdul
OS=Windows_NT
PROCESSOR_IDENTIFIER=Intel64 Family 6 Model 140 Stepping 1, GenuineIntel
TMP=C:\Users\abdul\AppData\Local\Temp
TEMP=C:\Users\abdul\AppData\Local\Temp




Periodic native trim disabled

---------------  S Y S T E M  ---------------

OS:
 Windows 11 , 64 bit Build 22621 (10.0.22621.3672)
OS uptime: 0 days 3:22 hours
Hyper-V role detected

CPU: total 8 (initial active 8) (4 cores per cpu, 2 threads per core) family 6 model 140 stepping 1 microcode 0xb4, cx8, cmov, fxsr, ht, mmx, 3dnowpref, sse, sse2, sse3, ssse3, sse4.1, sse4.2, popcnt, lzcnt, tsc, tscinvbit, avx, avx2, aes, erms, clmul, bmi1, bmi2, adx, avx512f, avx512dq, avx512cd, avx512bw, avx512vl, sha, fma, vzeroupper, avx512_vpopcntdq, avx512_vpclmulqdq, avx512_vaes, avx512_vnni, clflush, clflushopt, clwb, avx512_vbmi2, avx512_vbmi, hv, rdtscp, rdpid, fsrm, gfni, avx512_bitalg, f16c, cet_ibt, cet_ss, avx512_ifma
Processor Information for all 8 processors :
  Max Mhz: 2803, Current Mhz: 2803, Mhz Limit: 2803

Memory: 4k page, system-wide physical 16118M (4428M free)
TotalPageFile size 17938M (AvailPageFile size 4M)
current process WorkingSet (physical memory assigned to process): 101M, peak: 102M
current process commit charge ("private bytes"): 368M, peak: 368M

vm_info: Java HotSpot(TM) 64-Bit Server VM (21.0.2+13-LTS-58) for windows-amd64 JRE (21.0.2+13-LTS-58), built on 2024-01-05T18:32:24Z by "mach5one" with MS VC++ 17.1 (VS2022)

END.
