#
# There is insufficient memory for the Java Runtime Environment to continue.
# Native memory allocation (mmap) failed to map 65536 bytes for Failed to commit metaspace.
# Possible reasons:
#   The system is out of physical RAM or swap space
#   The process is running with CompressedOops enabled, and the Java Heap may be blocking the growth of the native heap
# Possible solutions:
#   Reduce memory load on the system
#   Increase physical memory or swap space
#   Check if swap backing store is full
#   Decrease Java heap size (-Xmx/-Xms)
#   Decrease number of Java threads
#   Decrease Java thread stack sizes (-Xss)
#   Set larger code cache with -XX:ReservedCodeCacheSize=
#   JVM is running with Zero Based Compressed Oops mode in which the Java heap is
#     placed in the first 32GB address space. The Java Heap base address is the
#     maximum limit for the native heap growth. Please use -XX:HeapBaseMinAddress
#     to set the Java Heap base and to place the Java Heap above 32GB virtual address.
# This output file may be truncated or incomplete.
#
#  Out of Memory Error (virtualSpaceNode.cpp:112), pid=45980, tid=36372
#
# JRE version: Java(TM) SE Runtime Environment (21.0.2+13) (build 21.0.2+13-LTS-58)
# Java VM: Java HotSpot(TM) 64-Bit Server VM (21.0.2+13-LTS-58, mixed mode, sharing, tiered, compressed oops, compressed class ptrs, g1 gc, windows-amd64)
# No core dump will be written. Minidumps are not enabled by default on client versions of Windows
#

---------------  S U M M A R Y ------------

Command Line: -ea -Didea.test.cyclic.buffer.size=1048576 -javaagent:C:\Program Files\JetBrains\IntelliJ IDEA Community Edition 2024.1.1\lib\idea_rt.jar=55136:C:\Program Files\JetBrains\IntelliJ IDEA Community Edition 2024.1.1\bin -Dfile.encoding=UTF-8 -Dsun.stdout.encoding=UTF-8 -Dsun.stderr.encoding=UTF-8 com.intellij.rt.testng.RemoteTestNGStarter -usedefaultlisteners false -socket55135 @w@C:\Users\abdul\AppData\Local\Temp\idea_working_dirs_testng.tmp -temp C:\Users\abdul\AppData\Local\Temp\idea_testng.tmp

Host: 11th Gen Intel(R) Core(TM) i7-1165G7 @ 2.80GHz, 8 cores, 15G,  Windows 11 , 64 bit Build 22621 (10.0.22621.3672)
Time: Wed Jun 26 02:54:49 2024 Egypt Daylight Time elapsed time: 0.291104 seconds (0d 0h 0m 0s)

---------------  T H R E A D  ---------------

Current thread (0x000002d4f3a10fb0):  JavaThread "C1 CompilerThread0" daemon [_thread_in_vm, id=36372, stack(0x000000e686900000,0x000000e686a00000) (1024K)]


Current CompileTask:
C1:    291  622       3       java.lang.invoke.LambdaForm::internArgument (85 bytes)

Stack: [0x000000e686900000,0x000000e686a00000]
Native frames: (J=compiled Java code, j=interpreted, Vv=VM code, C=native code)
V  [jvm.dll+0x6cade9]
V  [jvm.dll+0x8569c1]
V  [jvm.dll+0x858d2e]
V  [jvm.dll+0x859413]
V  [jvm.dll+0x280e56]
V  [jvm.dll+0x8526ee]
V  [jvm.dll+0x66e705]
V  [jvm.dll+0x66e76a]
V  [jvm.dll+0x670f96]
V  [jvm.dll+0x670e62]
V  [jvm.dll+0x66f0de]
V  [jvm.dll+0x68038a]
V  [jvm.dll+0x679622]
V  [jvm.dll+0x1f44e0]
V  [jvm.dll+0x1f46c8]
V  [jvm.dll+0x15410e]
V  [jvm.dll+0x154444]
V  [jvm.dll+0x153886]
V  [jvm.dll+0x1555ed]
V  [jvm.dll+0x258859]
V  [jvm.dll+0x256e3a]
V  [jvm.dll+0x3ef6c6]
V  [jvm.dll+0x7ff568]
V  [jvm.dll+0x6c953d]
C  [ucrtbase.dll+0x29333]
C  [KERNEL32.DLL+0x1257d]
C  [ntdll.dll+0x5aa48]


---------------  P R O C E S S  ---------------

Threads class SMR info:
_java_thread_list=0x000002d4f3eda620, length=13, elements={
0x000002d4d495b700, 0x000002d4f39f17d0, 0x000002d4f39f24f0, 0x000002d4f39f4580,
0x000002d4f39f54c0, 0x000002d4f39f6f30, 0x000002d4f39f7ac0, 0x000002d4f39f96c0,
0x000002d4f3a10fb0, 0x000002d4f39be040, 0x000002d4f3cc7600, 0x000002d4f3cc9630,
0x000002d4f3a108e0
}

Java Threads: ( => current thread )
  0x000002d4d495b700 JavaThread "main"                              [_thread_in_vm, id=30152, stack(0x000000e685a00000,0x000000e685b00000) (1024K)]
  0x000002d4f39f17d0 JavaThread "Reference Handler"          daemon [_thread_blocked, id=31156, stack(0x000000e686200000,0x000000e686300000) (1024K)]
  0x000002d4f39f24f0 JavaThread "Finalizer"                  daemon [_thread_blocked, id=31176, stack(0x000000e686300000,0x000000e686400000) (1024K)]
  0x000002d4f39f4580 JavaThread "Signal Dispatcher"          daemon [_thread_blocked, id=35176, stack(0x000000e686400000,0x000000e686500000) (1024K)]
  0x000002d4f39f54c0 JavaThread "Attach Listener"            daemon [_thread_blocked, id=34036, stack(0x000000e686500000,0x000000e686600000) (1024K)]
  0x000002d4f39f6f30 JavaThread "Service Thread"             daemon [_thread_blocked, id=31776, stack(0x000000e686600000,0x000000e686700000) (1024K)]
  0x000002d4f39f7ac0 JavaThread "Monitor Deflation Thread"   daemon [_thread_blocked, id=50244, stack(0x000000e686700000,0x000000e686800000) (1024K)]
  0x000002d4f39f96c0 JavaThread "C2 CompilerThread0"         daemon [_thread_blocked, id=2360, stack(0x000000e686800000,0x000000e686900000) (1024K)]
=>0x000002d4f3a10fb0 JavaThread "C1 CompilerThread0"         daemon [_thread_in_vm, id=36372, stack(0x000000e686900000,0x000000e686a00000) (1024K)]
  0x000002d4f39be040 JavaThread "Common-Cleaner"             daemon [_thread_blocked, id=30200, stack(0x000000e686a00000,0x000000e686b00000) (1024K)]
  0x000002d4f3cc7600 JavaThread "Monitor Ctrl-Break"         daemon [_thread_in_native, id=53220, stack(0x000000e686b00000,0x000000e686c00000) (1024K)]
  0x000002d4f3cc9630 JavaThread "Notification Thread"        daemon [_thread_blocked, id=7872, stack(0x000000e686c00000,0x000000e686d00000) (1024K)]
  0x000002d4f3a108e0 JavaThread "C2 CompilerThread1"         daemon [_thread_blocked, id=50660, stack(0x000000e686d00000,0x000000e686e00000) (1024K)]
Total: 13

Other Threads:
  0x000002d4f39d44b0 VMThread "VM Thread"                           [id=46672, stack(0x000000e686100000,0x000000e686200000) (1024K)]
  0x000002d4f39bd340 WatcherThread "VM Periodic Task Thread"        [id=30212, stack(0x000000e686000000,0x000000e686100000) (1024K)]
  0x000002d4d49c7090 WorkerThread "GC Thread#0"                     [id=49812, stack(0x000000e685b00000,0x000000e685c00000) (1024K)]
  0x000002d4d49d7cf0 ConcurrentGCThread "G1 Main Marker"            [id=7772, stack(0x000000e685c00000,0x000000e685d00000) (1024K)]
  0x000002d4d49d86f0 WorkerThread "G1 Conc#0"                       [id=34340, stack(0x000000e685d00000,0x000000e685e00000) (1024K)]
  0x000002d4d4a1e2c0 ConcurrentGCThread "G1 Refine#0"               [id=33528, stack(0x000000e685e00000,0x000000e685f00000) (1024K)]
  0x000002d4f388d550 ConcurrentGCThread "G1 Service"                [id=30956, stack(0x000000e685f00000,0x000000e686000000) (1024K)]
Total: 7

Threads with active compile tasks:
C1 CompilerThread0      302  622       3       java.lang.invoke.LambdaForm::internArgument (85 bytes)
Total: 1

VM state: not at safepoint (normal execution)

VM Mutex/Monitor currently owned by a thread:  ([mutex/lock_event])
[0x00007ffeceb5ace8] Metaspace_lock - owner thread: 0x000002d4f3a10fb0

Heap address: 0x0000000704200000, size: 4030 MB, Compressed Oops mode: Zero based, Oop shift amount: 3

CDS archive(s) mapped at: [0x000002d480000000-0x000002d480c90000-0x000002d480c90000), size 13172736, SharedBaseAddress: 0x000002d480000000, ArchiveRelocationMode: 1.
Compressed class space mapped at: 0x000002d481000000-0x000002d4c1000000, reserved size: 1073741824
Narrow klass base: 0x000002d480000000, Narrow klass shift: 0, Narrow klass range: 0x100000000

GC Precious Log:
 CardTable entry size: 512
 Card Set container configuration: InlinePtr #cards 4 size 8 Array Of Cards #cards 16 size 48 Howl #buckets 8 coarsen threshold 3686 Howl Bitmap #cards 512 size 80 coarsen threshold 460 Card regions per heap region 1 cards per card region 4096
 CPUs: 8 total, 8 available
 Memory: 16118M
 Large Page Support: Disabled
 NUMA Support: Disabled
 Compressed Oops: Enabled (Zero based)
 Heap Region Size: 2M
 Heap Min Capacity: 8M
 Heap Initial Capacity: 252M
 Heap Max Capacity: 4030M
 Pre-touch: Disabled
 Parallel Workers: 8
 Concurrent Workers: 2
 Concurrent Refinement Workers: 8
 Periodic GC: Disabled

Heap:
 garbage-first heap   total 258048K, used 8192K [0x0000000704200000, 0x0000000800000000)
  region size 2048K, 5 young (10240K), 0 survivors (0K)
 Metaspace       used 2392K, committed 2496K, reserved 1114112K
  class space    used 240K, committed 320K, reserved 1048576K

Heap Regions: E=young(eden), S=young(survivor), O=old, HS=humongous(starts), HC=humongous(continues), CS=collection set, F=free, TAMS=top-at-mark-start, PB=parsable bottom
|   0|0x0000000704200000, 0x0000000704200000, 0x0000000704400000|  0%| F|  |TAMS 0x0000000704200000| PB 0x0000000704200000| Untracked 
|   1|0x0000000704400000, 0x0000000704400000, 0x0000000704600000|  0%| F|  |TAMS 0x0000000704400000| PB 0x0000000704400000| Untracked 
|   2|0x0000000704600000, 0x0000000704600000, 0x0000000704800000|  0%| F|  |TAMS 0x0000000704600000| PB 0x0000000704600000| Untracked 
|   3|0x0000000704800000, 0x0000000704800000, 0x0000000704a00000|  0%| F|  |TAMS 0x0000000704800000| PB 0x0000000704800000| Untracked 
|   4|0x0000000704a00000, 0x0000000704a00000, 0x0000000704c00000|  0%| F|  |TAMS 0x0000000704a00000| PB 0x0000000704a00000| Untracked 
|   5|0x0000000704c00000, 0x0000000704c00000, 0x0000000704e00000|  0%| F|  |TAMS 0x0000000704c00000| PB 0x0000000704c00000| Untracked 
|   6|0x0000000704e00000, 0x0000000704e00000, 0x0000000705000000|  0%| F|  |TAMS 0x0000000704e00000| PB 0x0000000704e00000| Untracked 
|   7|0x0000000705000000, 0x0000000705000000, 0x0000000705200000|  0%| F|  |TAMS 0x0000000705000000| PB 0x0000000705000000| Untracked 
|   8|0x0000000705200000, 0x0000000705200000, 0x0000000705400000|  0%| F|  |TAMS 0x0000000705200000| PB 0x0000000705200000| Untracked 
|   9|0x0000000705400000, 0x0000000705400000, 0x0000000705600000|  0%| F|  |TAMS 0x0000000705400000| PB 0x0000000705400000| Untracked 
|  10|0x0000000705600000, 0x0000000705600000, 0x0000000705800000|  0%| F|  |TAMS 0x0000000705600000| PB 0x0000000705600000| Untracked 
|  11|0x0000000705800000, 0x0000000705800000, 0x0000000705a00000|  0%| F|  |TAMS 0x0000000705800000| PB 0x0000000705800000| Untracked 
|  12|0x0000000705a00000, 0x0000000705a00000, 0x0000000705c00000|  0%| F|  |TAMS 0x0000000705a00000| PB 0x0000000705a00000| Untracked 
|  13|0x0000000705c00000, 0x0000000705c00000, 0x0000000705e00000|  0%| F|  |TAMS 0x0000000705c00000| PB 0x0000000705c00000| Untracked 
|  14|0x0000000705e00000, 0x0000000705e00000, 0x0000000706000000|  0%| F|  |TAMS 0x0000000705e00000| PB 0x0000000705e00000| Untracked 
|  15|0x0000000706000000, 0x0000000706000000, 0x0000000706200000|  0%| F|  |TAMS 0x0000000706000000| PB 0x0000000706000000| Untracked 
|  16|0x0000000706200000, 0x0000000706200000, 0x0000000706400000|  0%| F|  |TAMS 0x0000000706200000| PB 0x0000000706200000| Untracked 
|  17|0x0000000706400000, 0x0000000706400000, 0x0000000706600000|  0%| F|  |TAMS 0x0000000706400000| PB 0x0000000706400000| Untracked 
|  18|0x0000000706600000, 0x0000000706600000, 0x0000000706800000|  0%| F|  |TAMS 0x0000000706600000| PB 0x0000000706600000| Untracked 
|  19|0x0000000706800000, 0x0000000706800000, 0x0000000706a00000|  0%| F|  |TAMS 0x0000000706800000| PB 0x0000000706800000| Untracked 
|  20|0x0000000706a00000, 0x0000000706a00000, 0x0000000706c00000|  0%| F|  |TAMS 0x0000000706a00000| PB 0x0000000706a00000| Untracked 
|  21|0x0000000706c00000, 0x0000000706c00000, 0x0000000706e00000|  0%| F|  |TAMS 0x0000000706c00000| PB 0x0000000706c00000| Untracked 
|  22|0x0000000706e00000, 0x0000000706e00000, 0x0000000707000000|  0%| F|  |TAMS 0x0000000706e00000| PB 0x0000000706e00000| Untracked 
|  23|0x0000000707000000, 0x0000000707000000, 0x0000000707200000|  0%| F|  |TAMS 0x0000000707000000| PB 0x0000000707000000| Untracked 
|  24|0x0000000707200000, 0x0000000707200000, 0x0000000707400000|  0%| F|  |TAMS 0x0000000707200000| PB 0x0000000707200000| Untracked 
|  25|0x0000000707400000, 0x0000000707400000, 0x0000000707600000|  0%| F|  |TAMS 0x0000000707400000| PB 0x0000000707400000| Untracked 
|  26|0x0000000707600000, 0x0000000707600000, 0x0000000707800000|  0%| F|  |TAMS 0x0000000707600000| PB 0x0000000707600000| Untracked 
|  27|0x0000000707800000, 0x0000000707800000, 0x0000000707a00000|  0%| F|  |TAMS 0x0000000707800000| PB 0x0000000707800000| Untracked 
|  28|0x0000000707a00000, 0x0000000707a00000, 0x0000000707c00000|  0%| F|  |TAMS 0x0000000707a00000| PB 0x0000000707a00000| Untracked 
|  29|0x0000000707c00000, 0x0000000707c00000, 0x0000000707e00000|  0%| F|  |TAMS 0x0000000707c00000| PB 0x0000000707c00000| Untracked 
|  30|0x0000000707e00000, 0x0000000707e00000, 0x0000000708000000|  0%| F|  |TAMS 0x0000000707e00000| PB 0x0000000707e00000| Untracked 
|  31|0x0000000708000000, 0x0000000708000000, 0x0000000708200000|  0%| F|  |TAMS 0x0000000708000000| PB 0x0000000708000000| Untracked 
|  32|0x0000000708200000, 0x0000000708200000, 0x0000000708400000|  0%| F|  |TAMS 0x0000000708200000| PB 0x0000000708200000| Untracked 
|  33|0x0000000708400000, 0x0000000708400000, 0x0000000708600000|  0%| F|  |TAMS 0x0000000708400000| PB 0x0000000708400000| Untracked 
|  34|0x0000000708600000, 0x0000000708600000, 0x0000000708800000|  0%| F|  |TAMS 0x0000000708600000| PB 0x0000000708600000| Untracked 
|  35|0x0000000708800000, 0x0000000708800000, 0x0000000708a00000|  0%| F|  |TAMS 0x0000000708800000| PB 0x0000000708800000| Untracked 
|  36|0x0000000708a00000, 0x0000000708a00000, 0x0000000708c00000|  0%| F|  |TAMS 0x0000000708a00000| PB 0x0000000708a00000| Untracked 
|  37|0x0000000708c00000, 0x0000000708c00000, 0x0000000708e00000|  0%| F|  |TAMS 0x0000000708c00000| PB 0x0000000708c00000| Untracked 
|  38|0x0000000708e00000, 0x0000000708e00000, 0x0000000709000000|  0%| F|  |TAMS 0x0000000708e00000| PB 0x0000000708e00000| Untracked 
|  39|0x0000000709000000, 0x0000000709000000, 0x0000000709200000|  0%| F|  |TAMS 0x0000000709000000| PB 0x0000000709000000| Untracked 
|  40|0x0000000709200000, 0x0000000709200000, 0x0000000709400000|  0%| F|  |TAMS 0x0000000709200000| PB 0x0000000709200000| Untracked 
|  41|0x0000000709400000, 0x0000000709400000, 0x0000000709600000|  0%| F|  |TAMS 0x0000000709400000| PB 0x0000000709400000| Untracked 
|  42|0x0000000709600000, 0x0000000709600000, 0x0000000709800000|  0%| F|  |TAMS 0x0000000709600000| PB 0x0000000709600000| Untracked 
|  43|0x0000000709800000, 0x0000000709800000, 0x0000000709a00000|  0%| F|  |TAMS 0x0000000709800000| PB 0x0000000709800000| Untracked 
|  44|0x0000000709a00000, 0x0000000709a00000, 0x0000000709c00000|  0%| F|  |TAMS 0x0000000709a00000| PB 0x0000000709a00000| Untracked 
|  45|0x0000000709c00000, 0x0000000709c00000, 0x0000000709e00000|  0%| F|  |TAMS 0x0000000709c00000| PB 0x0000000709c00000| Untracked 
|  46|0x0000000709e00000, 0x0000000709e00000, 0x000000070a000000|  0%| F|  |TAMS 0x0000000709e00000| PB 0x0000000709e00000| Untracked 
|  47|0x000000070a000000, 0x000000070a000000, 0x000000070a200000|  0%| F|  |TAMS 0x000000070a000000| PB 0x000000070a000000| Untracked 
|  48|0x000000070a200000, 0x000000070a200000, 0x000000070a400000|  0%| F|  |TAMS 0x000000070a200000| PB 0x000000070a200000| Untracked 
|  49|0x000000070a400000, 0x000000070a400000, 0x000000070a600000|  0%| F|  |TAMS 0x000000070a400000| PB 0x000000070a400000| Untracked 
|  50|0x000000070a600000, 0x000000070a600000, 0x000000070a800000|  0%| F|  |TAMS 0x000000070a600000| PB 0x000000070a600000| Untracked 
|  51|0x000000070a800000, 0x000000070a800000, 0x000000070aa00000|  0%| F|  |TAMS 0x000000070a800000| PB 0x000000070a800000| Untracked 
|  52|0x000000070aa00000, 0x000000070aa00000, 0x000000070ac00000|  0%| F|  |TAMS 0x000000070aa00000| PB 0x000000070aa00000| Untracked 
|  53|0x000000070ac00000, 0x000000070ac00000, 0x000000070ae00000|  0%| F|  |TAMS 0x000000070ac00000| PB 0x000000070ac00000| Untracked 
|  54|0x000000070ae00000, 0x000000070ae00000, 0x000000070b000000|  0%| F|  |TAMS 0x000000070ae00000| PB 0x000000070ae00000| Untracked 
|  55|0x000000070b000000, 0x000000070b000000, 0x000000070b200000|  0%| F|  |TAMS 0x000000070b000000| PB 0x000000070b000000| Untracked 
|  56|0x000000070b200000, 0x000000070b200000, 0x000000070b400000|  0%| F|  |TAMS 0x000000070b200000| PB 0x000000070b200000| Untracked 
|  57|0x000000070b400000, 0x000000070b400000, 0x000000070b600000|  0%| F|  |TAMS 0x000000070b400000| PB 0x000000070b400000| Untracked 
|  58|0x000000070b600000, 0x000000070b600000, 0x000000070b800000|  0%| F|  |TAMS 0x000000070b600000| PB 0x000000070b600000| Untracked 
|  59|0x000000070b800000, 0x000000070b800000, 0x000000070ba00000|  0%| F|  |TAMS 0x000000070b800000| PB 0x000000070b800000| Untracked 
|  60|0x000000070ba00000, 0x000000070ba00000, 0x000000070bc00000|  0%| F|  |TAMS 0x000000070ba00000| PB 0x000000070ba00000| Untracked 
|  61|0x000000070bc00000, 0x000000070bc00000, 0x000000070be00000|  0%| F|  |TAMS 0x000000070bc00000| PB 0x000000070bc00000| Untracked 
|  62|0x000000070be00000, 0x000000070be00000, 0x000000070c000000|  0%| F|  |TAMS 0x000000070be00000| PB 0x000000070be00000| Untracked 
|  63|0x000000070c000000, 0x000000070c000000, 0x000000070c200000|  0%| F|  |TAMS 0x000000070c000000| PB 0x000000070c000000| Untracked 
|  64|0x000000070c200000, 0x000000070c200000, 0x000000070c400000|  0%| F|  |TAMS 0x000000070c200000| PB 0x000000070c200000| Untracked 
|  65|0x000000070c400000, 0x000000070c400000, 0x000000070c600000|  0%| F|  |TAMS 0x000000070c400000| PB 0x000000070c400000| Untracked 
|  66|0x000000070c600000, 0x000000070c600000, 0x000000070c800000|  0%| F|  |TAMS 0x000000070c600000| PB 0x000000070c600000| Untracked 
|  67|0x000000070c800000, 0x000000070c800000, 0x000000070ca00000|  0%| F|  |TAMS 0x000000070c800000| PB 0x000000070c800000| Untracked 
|  68|0x000000070ca00000, 0x000000070ca00000, 0x000000070cc00000|  0%| F|  |TAMS 0x000000070ca00000| PB 0x000000070ca00000| Untracked 
|  69|0x000000070cc00000, 0x000000070cc00000, 0x000000070ce00000|  0%| F|  |TAMS 0x000000070cc00000| PB 0x000000070cc00000| Untracked 
|  70|0x000000070ce00000, 0x000000070ce00000, 0x000000070d000000|  0%| F|  |TAMS 0x000000070ce00000| PB 0x000000070ce00000| Untracked 
|  71|0x000000070d000000, 0x000000070d000000, 0x000000070d200000|  0%| F|  |TAMS 0x000000070d000000| PB 0x000000070d000000| Untracked 
|  72|0x000000070d200000, 0x000000070d200000, 0x000000070d400000|  0%| F|  |TAMS 0x000000070d200000| PB 0x000000070d200000| Untracked 
|  73|0x000000070d400000, 0x000000070d400000, 0x000000070d600000|  0%| F|  |TAMS 0x000000070d400000| PB 0x000000070d400000| Untracked 
|  74|0x000000070d600000, 0x000000070d600000, 0x000000070d800000|  0%| F|  |TAMS 0x000000070d600000| PB 0x000000070d600000| Untracked 
|  75|0x000000070d800000, 0x000000070d800000, 0x000000070da00000|  0%| F|  |TAMS 0x000000070d800000| PB 0x000000070d800000| Untracked 
|  76|0x000000070da00000, 0x000000070da00000, 0x000000070dc00000|  0%| F|  |TAMS 0x000000070da00000| PB 0x000000070da00000| Untracked 
|  77|0x000000070dc00000, 0x000000070dc00000, 0x000000070de00000|  0%| F|  |TAMS 0x000000070dc00000| PB 0x000000070dc00000| Untracked 
|  78|0x000000070de00000, 0x000000070de00000, 0x000000070e000000|  0%| F|  |TAMS 0x000000070de00000| PB 0x000000070de00000| Untracked 
|  79|0x000000070e000000, 0x000000070e000000, 0x000000070e200000|  0%| F|  |TAMS 0x000000070e000000| PB 0x000000070e000000| Untracked 
|  80|0x000000070e200000, 0x000000070e200000, 0x000000070e400000|  0%| F|  |TAMS 0x000000070e200000| PB 0x000000070e200000| Untracked 
|  81|0x000000070e400000, 0x000000070e400000, 0x000000070e600000|  0%| F|  |TAMS 0x000000070e400000| PB 0x000000070e400000| Untracked 
|  82|0x000000070e600000, 0x000000070e600000, 0x000000070e800000|  0%| F|  |TAMS 0x000000070e600000| PB 0x000000070e600000| Untracked 
|  83|0x000000070e800000, 0x000000070e800000, 0x000000070ea00000|  0%| F|  |TAMS 0x000000070e800000| PB 0x000000070e800000| Untracked 
|  84|0x000000070ea00000, 0x000000070ea00000, 0x000000070ec00000|  0%| F|  |TAMS 0x000000070ea00000| PB 0x000000070ea00000| Untracked 
|  85|0x000000070ec00000, 0x000000070ec00000, 0x000000070ee00000|  0%| F|  |TAMS 0x000000070ec00000| PB 0x000000070ec00000| Untracked 
|  86|0x000000070ee00000, 0x000000070ee00000, 0x000000070f000000|  0%| F|  |TAMS 0x000000070ee00000| PB 0x000000070ee00000| Untracked 
|  87|0x000000070f000000, 0x000000070f000000, 0x000000070f200000|  0%| F|  |TAMS 0x000000070f000000| PB 0x000000070f000000| Untracked 
|  88|0x000000070f200000, 0x000000070f200000, 0x000000070f400000|  0%| F|  |TAMS 0x000000070f200000| PB 0x000000070f200000| Untracked 
|  89|0x000000070f400000, 0x000000070f400000, 0x000000070f600000|  0%| F|  |TAMS 0x000000070f400000| PB 0x000000070f400000| Untracked 
|  90|0x000000070f600000, 0x000000070f600000, 0x000000070f800000|  0%| F|  |TAMS 0x000000070f600000| PB 0x000000070f600000| Untracked 
|  91|0x000000070f800000, 0x000000070f800000, 0x000000070fa00000|  0%| F|  |TAMS 0x000000070f800000| PB 0x000000070f800000| Untracked 
|  92|0x000000070fa00000, 0x000000070fa00000, 0x000000070fc00000|  0%| F|  |TAMS 0x000000070fa00000| PB 0x000000070fa00000| Untracked 
|  93|0x000000070fc00000, 0x000000070fc00000, 0x000000070fe00000|  0%| F|  |TAMS 0x000000070fc00000| PB 0x000000070fc00000| Untracked 
|  94|0x000000070fe00000, 0x000000070fe00000, 0x0000000710000000|  0%| F|  |TAMS 0x000000070fe00000| PB 0x000000070fe00000| Untracked 
|  95|0x0000000710000000, 0x0000000710000000, 0x0000000710200000|  0%| F|  |TAMS 0x0000000710000000| PB 0x0000000710000000| Untracked 
|  96|0x0000000710200000, 0x0000000710200000, 0x0000000710400000|  0%| F|  |TAMS 0x0000000710200000| PB 0x0000000710200000| Untracked 
|  97|0x0000000710400000, 0x0000000710400000, 0x0000000710600000|  0%| F|  |TAMS 0x0000000710400000| PB 0x0000000710400000| Untracked 
|  98|0x0000000710600000, 0x0000000710600000, 0x0000000710800000|  0%| F|  |TAMS 0x0000000710600000| PB 0x0000000710600000| Untracked 
|  99|0x0000000710800000, 0x0000000710800000, 0x0000000710a00000|  0%| F|  |TAMS 0x0000000710800000| PB 0x0000000710800000| Untracked 
| 100|0x0000000710a00000, 0x0000000710a00000, 0x0000000710c00000|  0%| F|  |TAMS 0x0000000710a00000| PB 0x0000000710a00000| Untracked 
| 101|0x0000000710c00000, 0x0000000710c00000, 0x0000000710e00000|  0%| F|  |TAMS 0x0000000710c00000| PB 0x0000000710c00000| Untracked 
| 102|0x0000000710e00000, 0x0000000710e00000, 0x0000000711000000|  0%| F|  |TAMS 0x0000000710e00000| PB 0x0000000710e00000| Untracked 
| 103|0x0000000711000000, 0x0000000711000000, 0x0000000711200000|  0%| F|  |TAMS 0x0000000711000000| PB 0x0000000711000000| Untracked 
| 104|0x0000000711200000, 0x0000000711200000, 0x0000000711400000|  0%| F|  |TAMS 0x0000000711200000| PB 0x0000000711200000| Untracked 
| 105|0x0000000711400000, 0x0000000711400000, 0x0000000711600000|  0%| F|  |TAMS 0x0000000711400000| PB 0x0000000711400000| Untracked 
| 106|0x0000000711600000, 0x0000000711600000, 0x0000000711800000|  0%| F|  |TAMS 0x0000000711600000| PB 0x0000000711600000| Untracked 
| 107|0x0000000711800000, 0x0000000711800000, 0x0000000711a00000|  0%| F|  |TAMS 0x0000000711800000| PB 0x0000000711800000| Untracked 
| 108|0x0000000711a00000, 0x0000000711a00000, 0x0000000711c00000|  0%| F|  |TAMS 0x0000000711a00000| PB 0x0000000711a00000| Untracked 
| 109|0x0000000711c00000, 0x0000000711c00000, 0x0000000711e00000|  0%| F|  |TAMS 0x0000000711c00000| PB 0x0000000711c00000| Untracked 
| 110|0x0000000711e00000, 0x0000000711e00000, 0x0000000712000000|  0%| F|  |TAMS 0x0000000711e00000| PB 0x0000000711e00000| Untracked 
| 111|0x0000000712000000, 0x0000000712000000, 0x0000000712200000|  0%| F|  |TAMS 0x0000000712000000| PB 0x0000000712000000| Untracked 
| 112|0x0000000712200000, 0x0000000712200000, 0x0000000712400000|  0%| F|  |TAMS 0x0000000712200000| PB 0x0000000712200000| Untracked 
| 113|0x0000000712400000, 0x0000000712400000, 0x0000000712600000|  0%| F|  |TAMS 0x0000000712400000| PB 0x0000000712400000| Untracked 
| 114|0x0000000712600000, 0x0000000712600000, 0x0000000712800000|  0%| F|  |TAMS 0x0000000712600000| PB 0x0000000712600000| Untracked 
| 115|0x0000000712800000, 0x0000000712800000, 0x0000000712a00000|  0%| F|  |TAMS 0x0000000712800000| PB 0x0000000712800000| Untracked 
| 116|0x0000000712a00000, 0x0000000712a00000, 0x0000000712c00000|  0%| F|  |TAMS 0x0000000712a00000| PB 0x0000000712a00000| Untracked 
| 117|0x0000000712c00000, 0x0000000712c00000, 0x0000000712e00000|  0%| F|  |TAMS 0x0000000712c00000| PB 0x0000000712c00000| Untracked 
| 118|0x0000000712e00000, 0x0000000712e00000, 0x0000000713000000|  0%| F|  |TAMS 0x0000000712e00000| PB 0x0000000712e00000| Untracked 
| 119|0x0000000713000000, 0x0000000713000000, 0x0000000713200000|  0%| F|  |TAMS 0x0000000713000000| PB 0x0000000713000000| Untracked 
| 120|0x0000000713200000, 0x0000000713200000, 0x0000000713400000|  0%| F|  |TAMS 0x0000000713200000| PB 0x0000000713200000| Untracked 
| 121|0x0000000713400000, 0x0000000713471dd0, 0x0000000713600000| 22%| E|  |TAMS 0x0000000713400000| PB 0x0000000713400000| Complete 
| 122|0x0000000713600000, 0x0000000713800000, 0x0000000713800000|100%| E|CS|TAMS 0x0000000713600000| PB 0x0000000713600000| Complete 
| 123|0x0000000713800000, 0x0000000713a00000, 0x0000000713a00000|100%| E|CS|TAMS 0x0000000713800000| PB 0x0000000713800000| Complete 
| 124|0x0000000713a00000, 0x0000000713c00000, 0x0000000713c00000|100%| E|CS|TAMS 0x0000000713a00000| PB 0x0000000713a00000| Complete 
| 125|0x0000000713c00000, 0x0000000713e00000, 0x0000000713e00000|100%| E|CS|TAMS 0x0000000713c00000| PB 0x0000000713c00000| Complete 

Card table byte_map: [0x000002d4ec8e0000,0x000002d4ed0c0000] _byte_map_base: 0x000002d4e90bf000

Marking Bits: (CMBitMap*) 0x000002d4d49c7690
 Bits: [0x000002d4ed0c0000, 0x000002d4f0fb8000)

Polling page: 0x000002d4d4120000

Metaspace:

Usage:
  Non-class:      2.10 MB used.
      Class:    240.57 KB used.
       Both:      2.34 MB used.

Virtual space:
  Non-class space:       64.00 MB reserved,       2.12 MB (  3%) committed,  1 nodes.
      Class space:        1.00 GB reserved,     320.00 KB ( <1%) committed,  1 nodes.
             Both:        1.06 GB reserved,       2.44 MB ( <1%) committed. 

Chunk freelists:
   Non-Class:  11.31 MB
       Class:  15.61 MB
        Both:  26.92 MB

MaxMetaspaceSize: unlimited
CompressedClassSpaceSize: 1.00 GB
Initial GC threshold: 21.00 MB
Current GC threshold: 21.00 MB
CDS: on
 - commit_granule_bytes: 65536.
 - commit_granule_words: 8192.
 - virtual_space_node_default_size: 8388608.
 - enlarge_chunks_in_place: 1.
 - use_allocation_guard: 0.


Internal statistics:

num_allocs_failed_limit: 0.
num_arena_births: 58.
num_arena_deaths: 0.
num_vsnodes_births: 2.
num_vsnodes_deaths: 0.
num_space_committed: 39.
num_space_uncommitted: 0.
num_chunks_returned_to_freelist: 0.
num_chunks_taken_from_freelist: 101.
num_chunk_merges: 0.
num_chunk_splits: 67.
num_chunks_enlarged: 46.
num_inconsistent_stats: 0.

CodeHeap 'non-profiled nmethods': size=120000Kb used=202Kb max_used=202Kb free=119797Kb
 bounds [0x000002d4e4890000, 0x000002d4e4b00000, 0x000002d4ebdc0000]
CodeHeap 'profiled nmethods': size=120000Kb used=894Kb max_used=894Kb free=119105Kb
 bounds [0x000002d4dcdc0000, 0x000002d4dd030000, 0x000002d4e42f0000]
CodeHeap 'non-nmethods': size=5760Kb used=1437Kb max_used=1466Kb free=4322Kb
 bounds [0x000002d4e42f0000, 0x000002d4e4560000, 0x000002d4e4890000]
 total_blobs=1047 nmethods=620 adapters=332
 compilation: enabled
              stopped_count=0, restarted_count=0
 full_count=0

Compilation events (20 events):
Event: 0.277 Thread 0x000002d4f3a10fb0  606       3       jdk.internal.org.objectweb.asm.MethodWriter::visitInsn (115 bytes)
Event: 0.278 Thread 0x000002d4f3a10fb0 nmethod 606 0x000002d4dce9c490 code [0x000002d4dce9c680, 0x000002d4dce9caa0]
Event: 0.278 Thread 0x000002d4f3a10fb0  607       3       java.lang.StringBuilder::<init> (6 bytes)
Event: 0.278 Thread 0x000002d4f3a10fb0 nmethod 607 0x000002d4dce9cc10 code [0x000002d4dce9cdc0, 0x000002d4dce9cef8]
Event: 0.278 Thread 0x000002d4f3a10fb0  608       1       java.lang.invoke.DirectMethodHandle::internalMemberName (5 bytes)
Event: 0.278 Thread 0x000002d4f3a10fb0 nmethod 608 0x000002d4e48c0b10 code [0x000002d4e48c0ca0, 0x000002d4e48c0d70]
Event: 0.278 Thread 0x000002d4f3a10fb0  609       3       java.lang.Integer::stringSize (47 bytes)
Event: 0.278 Thread 0x000002d4f3a10fb0 nmethod 609 0x000002d4dce9cf90 code [0x000002d4dce9d140, 0x000002d4dce9d398]
Event: 0.278 Thread 0x000002d4f3a10fb0  610       3       java.lang.Integer::getChars (121 bytes)
Event: 0.278 Thread 0x000002d4f39f96c0 nmethod 582 0x000002d4e48c0e10 code [0x000002d4e48c0fa0, 0x000002d4e48c1278]
Event: 0.278 Thread 0x000002d4f3a10fb0 nmethod 610 0x000002d4dce9d490 code [0x000002d4dce9d660, 0x000002d4dce9daa0]
Event: 0.278 Thread 0x000002d4f3a10fb0  611       3       java.lang.invoke.MethodHandles$Lookup::checkAccess (200 bytes)
Event: 0.279 Thread 0x000002d4f3a10fb0 nmethod 611 0x000002d4dce9dd10 code [0x000002d4dce9dfc0, 0x000002d4dce9eb30]
Event: 0.279 Thread 0x000002d4f3a10fb0  612       3       java.lang.invoke.MethodType::erase (8 bytes)
Event: 0.279 Thread 0x000002d4f3a10fb0 nmethod 612 0x000002d4dce9ee90 code [0x000002d4dce9f020, 0x000002d4dce9f158]
Event: 0.279 Thread 0x000002d4f3a10fb0  618       3       java.lang.invoke.MethodHandleNatives::refKindIsField (32 bytes)
Event: 0.280 Thread 0x000002d4f3a10fb0 nmethod 618 0x000002d4dce9f210 code [0x000002d4dce9f3a0, 0x000002d4dce9f4f8]
Event: 0.280 Thread 0x000002d4f3a10fb0  620       3       java.lang.invoke.LambdaForm$Name::<init> (66 bytes)
Event: 0.280 Thread 0x000002d4f3a10fb0 nmethod 620 0x000002d4dce9f590 code [0x000002d4dce9f740, 0x000002d4dce9fa18]
Event: 0.280 Thread 0x000002d4f3a10fb0  622       3       java.lang.invoke.LambdaForm::internArgument (85 bytes)

GC Heap History (0 events):
No events

Dll operation events (11 events):
Event: 0.006 Loaded shared library C:\Program Files\Java\jdk-21\bin\java.dll
Event: 0.036 Loaded shared library C:\Program Files\Java\jdk-21\bin\jsvml.dll
Event: 0.089 Loaded shared library C:\Program Files\Java\jdk-21\bin\zip.dll
Event: 0.093 Loaded shared library C:\Program Files\Java\jdk-21\bin\instrument.dll
Event: 0.097 Loaded shared library C:\Program Files\Java\jdk-21\bin\net.dll
Event: 0.098 Loaded shared library C:\Program Files\Java\jdk-21\bin\nio.dll
Event: 0.102 Loaded shared library C:\Program Files\Java\jdk-21\bin\zip.dll
Event: 0.110 Loaded shared library C:\Program Files\JetBrains\IntelliJ IDEA Community Edition 2024.1.1\bin\breakgen64.dll
Event: 0.118 Loaded shared library C:\Program Files\Java\jdk-21\bin\extnet.dll
Event: 0.167 Loaded shared library C:\Program Files\Java\jdk-21\bin\verify.dll
Event: 0.172 Loaded shared library C:\Program Files\Java\jdk-21\bin\jimage.dll

Deoptimization events (20 events):
Event: 0.169 Thread 0x000002d4d495b700 DEOPT PACKING pc=0x000002d4dcdd37f8 sp=0x000000e685afcd30
Event: 0.169 Thread 0x000002d4d495b700 DEOPT UNPACKING pc=0x000002d4e43488e2 sp=0x000000e685afc150 mode 0
Event: 0.238 Thread 0x000002d4d495b700 Uncommon trap: trap_request=0xffffffde fr.pc=0x000002d4e489eb08 relative=0x0000000000000528
Event: 0.238 Thread 0x000002d4d495b700 Uncommon trap: reason=class_check action=maybe_recompile pc=0x000002d4e489eb08 method=java.util.HashMap.putVal(ILjava/lang/Object;Ljava/lang/Object;ZZ)Ljava/lang/Object; @ 253 c2
Event: 0.238 Thread 0x000002d4d495b700 DEOPT PACKING pc=0x000002d4e489eb08 sp=0x000000e685afed30
Event: 0.238 Thread 0x000002d4d495b700 DEOPT UNPACKING pc=0x000002d4e4347da2 sp=0x000000e685afecf0 mode 2
Event: 0.245 Thread 0x000002d4d495b700 Uncommon trap: trap_request=0xffffffde fr.pc=0x000002d4e489eb08 relative=0x0000000000000528
Event: 0.245 Thread 0x000002d4d495b700 Uncommon trap: reason=class_check action=maybe_recompile pc=0x000002d4e489eb08 method=java.util.HashMap.putVal(ILjava/lang/Object;Ljava/lang/Object;ZZ)Ljava/lang/Object; @ 253 c2
Event: 0.245 Thread 0x000002d4d495b700 DEOPT PACKING pc=0x000002d4e489eb08 sp=0x000000e685afed30
Event: 0.245 Thread 0x000002d4d495b700 DEOPT UNPACKING pc=0x000002d4e4347da2 sp=0x000000e685afecf0 mode 2
Event: 0.245 Thread 0x000002d4d495b700 Uncommon trap: trap_request=0xffffffde fr.pc=0x000002d4e489eb08 relative=0x0000000000000528
Event: 0.245 Thread 0x000002d4d495b700 Uncommon trap: reason=class_check action=maybe_recompile pc=0x000002d4e489eb08 method=java.util.HashMap.putVal(ILjava/lang/Object;Ljava/lang/Object;ZZ)Ljava/lang/Object; @ 253 c2
Event: 0.245 Thread 0x000002d4d495b700 DEOPT PACKING pc=0x000002d4e489eb08 sp=0x000000e685afed30
Event: 0.245 Thread 0x000002d4d495b700 DEOPT UNPACKING pc=0x000002d4e4347da2 sp=0x000000e685afecf0 mode 2
Event: 0.245 Thread 0x000002d4d495b700 Uncommon trap: trap_request=0xffffffde fr.pc=0x000002d4e489eb08 relative=0x0000000000000528
Event: 0.245 Thread 0x000002d4d495b700 Uncommon trap: reason=class_check action=maybe_recompile pc=0x000002d4e489eb08 method=java.util.HashMap.putVal(ILjava/lang/Object;Ljava/lang/Object;ZZ)Ljava/lang/Object; @ 253 c2
Event: 0.245 Thread 0x000002d4d495b700 DEOPT PACKING pc=0x000002d4e489eb08 sp=0x000000e685afed30
Event: 0.245 Thread 0x000002d4d495b700 DEOPT UNPACKING pc=0x000002d4e4347da2 sp=0x000000e685afecf0 mode 2
Event: 0.250 Thread 0x000002d4d495b700 DEOPT PACKING pc=0x000002d4dce18cf7 sp=0x000000e685afdfc0
Event: 0.250 Thread 0x000002d4d495b700 DEOPT UNPACKING pc=0x000002d4e43488e2 sp=0x000000e685afd410 mode 0

Classes loaded (20 events):
Event: 0.268 Loading class sun/reflect/generics/repository/ClassRepository
Event: 0.268 Loading class sun/reflect/generics/repository/GenericDeclRepository
Event: 0.268 Loading class sun/reflect/generics/repository/GenericDeclRepository done
Event: 0.268 Loading class sun/reflect/generics/repository/ClassRepository done
Event: 0.269 Loading class java/lang/reflect/TypeVariable
Event: 0.269 Loading class java/lang/reflect/TypeVariable done
Event: 0.269 Loading class sun/reflect/generics/tree/FormalTypeParameter
Event: 0.269 Loading class sun/reflect/generics/tree/FormalTypeParameter done
Event: 0.269 Loading class sun/reflect/generics/tree/ClassSignature
Event: 0.269 Loading class sun/reflect/generics/tree/Signature
Event: 0.269 Loading class sun/reflect/generics/tree/Signature done
Event: 0.269 Loading class sun/reflect/generics/tree/ClassSignature done
Event: 0.269 Loading class sun/reflect/generics/tree/TypeVariableSignature
Event: 0.269 Loading class sun/reflect/generics/tree/TypeVariableSignature done
Event: 0.269 Loading class sun/reflect/generics/reflectiveObjects/TypeVariableImpl
Event: 0.269 Loading class sun/reflect/generics/reflectiveObjects/LazyReflectiveObjectGenerator
Event: 0.269 Loading class sun/reflect/generics/reflectiveObjects/LazyReflectiveObjectGenerator done
Event: 0.269 Loading class sun/reflect/generics/reflectiveObjects/TypeVariableImpl done
Event: 0.271 Loading class java/lang/invoke/DirectMethodHandle$Special
Event: 0.271 Loading class java/lang/invoke/DirectMethodHandle$Special done

Classes unloaded (0 events):
No events

Classes redefined (0 events):
No events

Internal exceptions (12 events):
Event: 0.103 Thread 0x000002d4d495b700 Exception <a 'java/lang/NoSuchMethodError'{0x0000000713b03e30}: 'void java.lang.invoke.DirectMethodHandle$Holder.invokeStatic(java.lang.Object, java.lang.Object, java.lang.Object)'> (0x0000000713b03e30) 
thrown [s\open\src\hotspot\share\interpreter\linkResolver.cpp, line 773]
Event: 0.107 Thread 0x000002d4d495b700 Exception <a 'java/lang/NoSuchMethodError'{0x0000000713b1b338}: 'java.lang.Object java.lang.invoke.Invokers$Holder.invokeExact_MT(java.lang.Object, java.lang.Object, java.lang.Object, java.lang.Object, java.lang.Object)'> (0x0000000713b1b338) 
thrown [s\open\src\hotspot\share\interpreter\linkResolver.cpp, line 773]
Event: 0.119 Thread 0x000002d4f3cc7600 Exception <a 'java/lang/NoSuchMethodError'{0x0000000713b579d0}: 'void java.lang.invoke.DirectMethodHandle$Holder.invokeStatic(java.lang.Object, java.lang.Object)'> (0x0000000713b579d0) 
thrown [s\open\src\hotspot\share\interpreter\linkResolver.cpp, line 773]
Event: 0.119 Thread 0x000002d4d495b700 Exception <a 'java/lang/NoSuchMethodError'{0x0000000713b33560}: 'void java.lang.invoke.DirectMethodHandle$Holder.invokeStatic(java.lang.Object, java.lang.Object)'> (0x0000000713b33560) 
thrown [s\open\src\hotspot\share\interpreter\linkResolver.cpp, line 773]
Event: 0.176 Thread 0x000002d4d495b700 Exception <a 'java/lang/NoClassDefFoundError'{0x00000007139de900}: org/slf4j/impl/StaticLoggerBinder> (0x00000007139de900) 
thrown [s\open\src\hotspot\share\classfile\systemDictionary.cpp, line 301]
Event: 0.193 Thread 0x000002d4d495b700 Exception <a 'java/lang/NoSuchMethodError'{0x000000071365e1f0}: 'int java.lang.invoke.DirectMethodHandle$Holder.invokeStaticInit(java.lang.Object, java.lang.Object)'> (0x000000071365e1f0) 
thrown [s\open\src\hotspot\share\interpreter\linkResolver.cpp, line 773]
Event: 0.257 Thread 0x000002d4d495b700 Exception <a 'java/lang/NoSuchMethodError'{0x00000007137db968}: 'int java.lang.invoke.DirectMethodHandle$Holder.invokeSpecial(java.lang.Object, java.lang.Object, java.lang.Object)'> (0x00000007137db968) 
thrown [s\open\src\hotspot\share\interpreter\linkResolver.cpp, line 773]
Event: 0.258 Thread 0x000002d4d495b700 Exception <a 'java/lang/NoSuchMethodError'{0x00000007137e5e98}: 'void java.lang.invoke.DelegatingMethodHandle$Holder.reinvoke_L(java.lang.Object, java.lang.Object, int)'> (0x00000007137e5e98) 
thrown [s\open\src\hotspot\share\interpreter\linkResolver.cpp, line 773]
Event: 0.259 Thread 0x000002d4d495b700 Exception <a 'java/lang/NoSuchMethodError'{0x00000007137ec718}: 'int java.lang.invoke.Invokers$Holder.invokeExact_MT(java.lang.Object, java.lang.Object, java.lang.Object)'> (0x00000007137ec718) 
thrown [s\open\src\hotspot\share\interpreter\linkResolver.cpp, line 773]
Event: 0.267 Thread 0x000002d4d495b700 Exception <a 'java/lang/NoSuchMethodError'{0x0000000713411490}: 'void java.lang.invoke.Invokers$Holder.invokeExact_MT(java.lang.Object, java.lang.Object, java.lang.Object, java.lang.Object)'> (0x0000000713411490) 
thrown [s\open\src\hotspot\share\interpreter\linkResolver.cpp, line 773]
Event: 0.269 Thread 0x000002d4d495b700 Exception <a 'java/lang/NoSuchMethodError'{0x0000000713416f98}: 'void java.lang.invoke.DirectMethodHandle$Holder.invokeVirtual(java.lang.Object, java.lang.Object, int)'> (0x0000000713416f98) 
thrown [s\open\src\hotspot\share\interpreter\linkResolver.cpp, line 773]
Event: 0.271 Thread 0x000002d4d495b700 Exception <a 'java/lang/NoSuchMethodError'{0x000000071341ed68}: 'void java.lang.invoke.DirectMethodHandle$Holder.invokeSpecial(java.lang.Object, java.lang.Object, java.lang.Object)'> (0x000000071341ed68) 
thrown [s\open\src\hotspot\share\interpreter\linkResolver.cpp, line 773]

ZGC Phase Switch (0 events):
No events

VM Operations (0 events):
No events

Events (13 events):
Event: 0.021 Thread 0x000002d4d495b700 Thread added: 0x000002d4d495b700
Event: 0.034 Thread 0x000002d4f39f17d0 Thread added: 0x000002d4f39f17d0
Event: 0.034 Thread 0x000002d4f39f24f0 Thread added: 0x000002d4f39f24f0
Event: 0.034 Thread 0x000002d4f39f4580 Thread added: 0x000002d4f39f4580
Event: 0.034 Thread 0x000002d4f39f54c0 Thread added: 0x000002d4f39f54c0
Event: 0.034 Thread 0x000002d4f39f6f30 Thread added: 0x000002d4f39f6f30
Event: 0.034 Thread 0x000002d4f39f7ac0 Thread added: 0x000002d4f39f7ac0
Event: 0.034 Thread 0x000002d4f39f96c0 Thread added: 0x000002d4f39f96c0
Event: 0.034 Thread 0x000002d4f3a10fb0 Thread added: 0x000002d4f3a10fb0
Event: 0.068 Thread 0x000002d4f39be040 Thread added: 0x000002d4f39be040
Event: 0.111 Thread 0x000002d4f3cc7600 Thread added: 0x000002d4f3cc7600
Event: 0.111 Thread 0x000002d4f3cc9630 Thread added: 0x000002d4f3cc9630
Event: 0.270 Thread 0x000002d4f3a108e0 Thread added: 0x000002d4f3a108e0


Dynamic libraries:
0x00007ff690050000 - 0x00007ff690060000 	C:\Program Files\Java\jdk-21\bin\java.exe
0x00007fff8de70000 - 0x00007fff8e087000 	C:\WINDOWS\SYSTEM32\ntdll.dll
0x00007fff8ca90000 - 0x00007fff8cb54000 	C:\WINDOWS\System32\KERNEL32.DLL
0x00007fff8b3e0000 - 0x00007fff8b78c000 	C:\WINDOWS\System32\KERNELBASE.dll
0x00007fff8ba20000 - 0x00007fff8bb31000 	C:\WINDOWS\System32\ucrtbase.dll
0x00007fff7c1d0000 - 0x00007fff7c1e9000 	C:\Program Files\Java\jdk-21\bin\jli.dll
0x00007fff74dd0000 - 0x00007fff74deb000 	C:\Program Files\Java\jdk-21\bin\VCRUNTIME140.dll
0x00007fff8bca0000 - 0x00007fff8bd52000 	C:\WINDOWS\System32\ADVAPI32.dll
0x00007fff8c7d0000 - 0x00007fff8c877000 	C:\WINDOWS\System32\msvcrt.dll
0x00007fff8db90000 - 0x00007fff8dc38000 	C:\WINDOWS\System32\sechost.dll
0x00007fff8b3b0000 - 0x00007fff8b3d8000 	C:\WINDOWS\System32\bcrypt.dll
0x00007fff8c970000 - 0x00007fff8ca85000 	C:\WINDOWS\System32\RPCRT4.dll
0x00007fff8cfe0000 - 0x00007fff8d18e000 	C:\WINDOWS\System32\USER32.dll
0x00007fff8b380000 - 0x00007fff8b3a6000 	C:\WINDOWS\System32\win32u.dll
0x00007fff74950000 - 0x00007fff74be3000 	C:\WINDOWS\WinSxS\amd64_microsoft.windows.common-controls_6595b64144ccf1df_6.0.22621.3672_none_2713b9d173822955\COMCTL32.dll
0x00007fff8dc40000 - 0x00007fff8dc69000 	C:\WINDOWS\System32\GDI32.dll
0x00007fff8b260000 - 0x00007fff8b379000 	C:\WINDOWS\System32\gdi32full.dll
0x00007fff8b790000 - 0x00007fff8b82a000 	C:\WINDOWS\System32\msvcp_win.dll
0x00007fff82270000 - 0x00007fff8227a000 	C:\WINDOWS\SYSTEM32\VERSION.dll
0x00007fff8d560000 - 0x00007fff8d591000 	C:\WINDOWS\System32\IMM32.DLL
0x00007fff7c1c0000 - 0x00007fff7c1cc000 	C:\Program Files\Java\jdk-21\bin\vcruntime140_1.dll
0x00007fff70b40000 - 0x00007fff70bce000 	C:\Program Files\Java\jdk-21\bin\msvcp140.dll
0x00007ffecdf20000 - 0x00007ffecec37000 	C:\Program Files\Java\jdk-21\bin\server\jvm.dll
0x00007fff8c890000 - 0x00007fff8c901000 	C:\WINDOWS\System32\WS2_32.dll
0x00007fff89ff0000 - 0x00007fff8a03d000 	C:\WINDOWS\SYSTEM32\POWRPROF.dll
0x00007fff81f10000 - 0x00007fff81f44000 	C:\WINDOWS\SYSTEM32\WINMM.dll
0x00007fff89fd0000 - 0x00007fff89fe3000 	C:\WINDOWS\SYSTEM32\UMPDC.dll
0x00007fff8a280000 - 0x00007fff8a298000 	C:\WINDOWS\SYSTEM32\kernel.appcore.dll
0x00007fff74dc0000 - 0x00007fff74dca000 	C:\Program Files\Java\jdk-21\bin\jimage.dll
0x00007fff889b0000 - 0x00007fff88be2000 	C:\WINDOWS\SYSTEM32\DBGHELP.DLL
0x00007fff8cc40000 - 0x00007fff8cfc8000 	C:\WINDOWS\System32\combase.dll
0x00007fff8cb60000 - 0x00007fff8cc37000 	C:\WINDOWS\System32\OLEAUT32.dll
0x00007fff75720000 - 0x00007fff75752000 	C:\WINDOWS\SYSTEM32\dbgcore.DLL
0x00007fff8b830000 - 0x00007fff8b8ab000 	C:\WINDOWS\System32\bcryptPrimitives.dll
0x00007fff74d90000 - 0x00007fff74d9f000 	C:\Program Files\Java\jdk-21\bin\instrument.dll
0x00007fff74da0000 - 0x00007fff74dbf000 	C:\Program Files\Java\jdk-21\bin\java.dll
0x00007fff8bf60000 - 0x00007fff8c7bc000 	C:\WINDOWS\System32\SHELL32.dll
0x00007fff890a0000 - 0x00007fff89997000 	C:\WINDOWS\SYSTEM32\windows.storage.dll
0x00007fff88f60000 - 0x00007fff8909f000 	C:\WINDOWS\SYSTEM32\wintypes.dll
0x00007fff8bd60000 - 0x00007fff8be54000 	C:\WINDOWS\System32\SHCORE.dll
0x00007fff8bf00000 - 0x00007fff8bf5e000 	C:\WINDOWS\System32\shlwapi.dll
0x00007fff8b0d0000 - 0x00007fff8b0f1000 	C:\WINDOWS\SYSTEM32\profapi.dll
0x00007fff6d9e0000 - 0x00007fff6dab7000 	C:\Program Files\Java\jdk-21\bin\jsvml.dll
0x00007fff71140000 - 0x00007fff71158000 	C:\Program Files\Java\jdk-21\bin\zip.dll
0x00007fff74d80000 - 0x00007fff74d90000 	C:\Program Files\Java\jdk-21\bin\net.dll
0x00007fff845d0000 - 0x00007fff84706000 	C:\WINDOWS\SYSTEM32\WINHTTP.dll
0x00007fff8a6e0000 - 0x00007fff8a749000 	C:\WINDOWS\system32\mswsock.dll
0x00007fff71520000 - 0x00007fff71536000 	C:\Program Files\Java\jdk-21\bin\nio.dll
0x00007fff71120000 - 0x00007fff7113a000 	C:\Program Files\JetBrains\IntelliJ IDEA Community Edition 2024.1.1\bin\breakgen64.dll
0x00007fff73d10000 - 0x00007fff73d19000 	C:\Program Files\Java\jdk-21\bin\extnet.dll
0x00007fff73ce0000 - 0x00007fff73cf0000 	C:\Program Files\Java\jdk-21\bin\verify.dll

dbghelp: loaded successfully - version: 4.0.5 - missing functions: none
symbol engine: initialized successfully - sym options: 0x614 - pdb path: .;C:\Program Files\Java\jdk-21\bin;C:\WINDOWS\SYSTEM32;C:\WINDOWS\WinSxS\amd64_microsoft.windows.common-controls_6595b64144ccf1df_6.0.22621.3672_none_2713b9d173822955;C:\Program Files\Java\jdk-21\bin\server;C:\Program Files\JetBrains\IntelliJ IDEA Community Edition 2024.1.1\bin

VM Arguments:
jvm_args: -ea -Didea.test.cyclic.buffer.size=1048576 -javaagent:C:\Program Files\JetBrains\IntelliJ IDEA Community Edition 2024.1.1\lib\idea_rt.jar=55136:C:\Program Files\JetBrains\IntelliJ IDEA Community Edition 2024.1.1\bin -Dfile.encoding=UTF-8 -Dsun.stdout.encoding=UTF-8 -Dsun.stderr.encoding=UTF-8 
java_command: com.intellij.rt.testng.RemoteTestNGStarter -usedefaultlisteners false -socket55135 @w@C:\Users\abdul\AppData\Local\Temp\idea_working_dirs_testng.tmp -temp C:\Users\abdul\AppData\Local\Temp\idea_testng.tmp
java_class_path (initial): C:\Program Files\JetBrains\IntelliJ IDEA Community Edition 2024.1.1\lib\idea_rt.jar;C:\Program Files\JetBrains\IntelliJ IDEA Community Edition 2024.1.1\plugins\testng\lib\testng-rt.jar;C:\Users\abdul\IdeaProjects\EjadaRestAssured\target\test-classes;C:\Users\abdul\IdeaProjects\EjadaRestAssured\target\classes;C:\Users\abdul\.m2\repository\io\rest-assured\rest-assured\5.4.0\rest-assured-5.4.0.jar;C:\Users\abdul\.m2\repository\org\apache\groovy\groovy\4.0.16\groovy-4.0.16.jar;C:\Users\abdul\.m2\repository\org\apache\groovy\groovy-xml\4.0.16\groovy-xml-4.0.16.jar;C:\Users\abdul\.m2\repository\org\apache\httpcomponents\httpclient\4.5.13\httpclient-4.5.13.jar;C:\Users\abdul\.m2\repository\org\apache\httpcomponents\httpcore\4.4.13\httpcore-4.4.13.jar;C:\Users\abdul\.m2\repository\commons-logging\commons-logging\1.2\commons-logging-1.2.jar;C:\Users\abdul\.m2\repository\commons-codec\commons-codec\1.11\commons-codec-1.11.jar;C:\Users\abdul\.m2\repository\org\apache\httpcomponents\httpmime\4.5.13\httpmime-4.5.13.jar;C:\Users\abdul\.m2\repository\org\ccil\cowan\tagsoup\tagsoup\1.2.1\tagsoup-1.2.1.jar;C:\Users\abdul\.m2\repository\io\rest-assured\json-path\5.4.0\json-path-5.4.0.jar;C:\Users\abdul\.m2\repository\org\apache\groovy\groovy-json\4.0.16\groovy-json-4.0.16.jar;C:\Users\abdul\.m2\repository\io\rest-assured\rest-assured-common\5.4.0\rest-assured-common-5.4.0.jar;C:\Users\abdul\.m2\repository\io\rest-assured\xml-path\5.4.0\xml-path-5.4.0.jar;C:\Users\abdul\.m2\repository\org\apache\commons\commons-lang3\3.11\commons-lang3-3.11.jar;C:\Users\abdul\.m2\repository\com\aventstack\extentreports\5.1.1\extentreports-5.1.1.jar;C:\Users\abdul\.m2\repository\io\reactivex\rxjava3\rxjava\3.1.6\rxjava-3.1.6.jar;C:\Users\abdul\.m2\repository\org\reactivestreams\reactive-streams\1.0.4\reactive-streams-1.0.4.jar;C:\Users\abdul\.m2\repository\org\freemarker\freemarker\2.3.32\freemarker-2.3.32.jar;C:\Users\abdul\.m2\repository\org\projectlombok\lombok\1.18.26\lombok-1.18.26.jar;C:\Users\abdul\.m2\repository\com\google\code\gson\gson\2.10.1\gson-2.10.1.jar;C:\Users\abdul\.m2\repository\org\hamcrest\hamcrest\2.2\hamcrest-2.2.jar;C:\Users\abdul\.m2\repository\org\testng\testng\7.10.2\testng-7.10.2.jar;C:\Users\abdul\.m2\repository\org\slf4j\slf4j-api\1.7.36\slf4j-api-1.7.36.jar;C:\Users\abdul\.m2\repository\com\beust\jcommander\1.82\jcommander-1.82.jar;C:\Users\abdul\.m2\repository\org\webjars\jquery\3.7.1\jquery-3.7.1.jar
Launcher Type: SUN_STANDARD

[Global flags]
     intx CICompilerCount                          = 4                                         {product} {ergonomic}
     uint ConcGCThreads                            = 2                                         {product} {ergonomic}
     uint G1ConcRefinementThreads                  = 8                                         {product} {ergonomic}
   size_t G1HeapRegionSize                         = 2097152                                   {product} {ergonomic}
    uintx GCDrainStackTargetSize                   = 64                                        {product} {ergonomic}
   size_t InitialHeapSize                          = 264241152                                 {product} {ergonomic}
   size_t MarkStackSize                            = 4194304                                   {product} {ergonomic}
   size_t MaxHeapSize                              = 4225761280                                {product} {ergonomic}
   size_t MaxNewSize                               = 2535456768                                {product} {ergonomic}
   size_t MinHeapDeltaBytes                        = 2097152                                   {product} {ergonomic}
   size_t MinHeapSize                              = 8388608                                   {product} {ergonomic}
    uintx NonNMethodCodeHeapSize                   = 5839372                                {pd product} {ergonomic}
    uintx NonProfiledCodeHeapSize                  = 122909434                              {pd product} {ergonomic}
    uintx ProfiledCodeHeapSize                     = 122909434                              {pd product} {ergonomic}
    uintx ReservedCodeCacheSize                    = 251658240                              {pd product} {ergonomic}
     bool SegmentedCodeCache                       = true                                      {product} {ergonomic}
   size_t SoftMaxHeapSize                          = 4225761280                             {manageable} {ergonomic}
     bool UseCompressedOops                        = true                           {product lp64_product} {ergonomic}
     bool UseG1GC                                  = true                                      {product} {ergonomic}
     bool UseLargePagesIndividualAllocation        = false                                  {pd product} {ergonomic}

Logging:
Log output configuration:
 #0: stdout all=warning uptime,level,tags foldmultilines=false
 #1: stderr all=off uptime,level,tags foldmultilines=false

Environment Variables:
JAVA_HOME=C:\Program Files\Java\jdk-21
PATH=C:\Program Files\Common Files\Oracle\Java\javapath;C:\WINDOWS\system32;C:\WINDOWS;C:\WINDOWS\System32\Wbem;C:\WINDOWS\System32\WindowsPowerShell\v1.0\;C:\WINDOWS\System32\OpenSSH\;C:\Program Files\dotnet\;C:\Program Files\Microsoft SQL Server\Client SDK\ODBC\170\Tools\Binn\;C:\Program Files (x86)\Microsoft SQL Server\150\Tools\Binn\;C:\Program Files\Microsoft SQL Server\150\Tools\Binn\;C:\Program Files\Microsoft SQL Server\150\DTS\Binn\;C:\Program Files\Java\jdk-21\bin;C:\IDE\apache-maven-3.9.6\bin;C:\Program Files (x86)\NVIDIA Corporation\PhysX\Common;C:\Users\abdul\AppData\Local\Programs\Python\Python311;C:\Program Files\nodejs\;C:\ProgramData\chocolatey\bin;C:\Users\abdul\AppData\Local\Android\SDK\platform-tools;C:\Program Files\PuTTY\;C:\Program Files\Git\cmd;C:\Program Files\Kubernetes\Minikube;;C:\Program Files\Docker\Docker\resources\bin;C:\Users\abdul\AppData\Local\Microsoft\WindowsApps;C:\Program Files\Azure Data Studio\bin;C:\Users\abdul\AppData\Local\GitHubDesktop\bin;;C:\Users\abdul\AppData\Local\Programs\Microsoft VS Code\bin;C:\Program Files\JetBrains\IntelliJ IDEA Community Edition 2023.3.2\bin;;C:\Users\abdul\AppData\Roaming\npm
USERNAME=abdul
OS=Windows_NT
PROCESSOR_IDENTIFIER=Intel64 Family 6 Model 140 Stepping 1, GenuineIntel
TMP=C:\Users\abdul\AppData\Local\Temp
TEMP=C:\Users\abdul\AppData\Local\Temp




Periodic native trim disabled

---------------  S Y S T E M  ---------------

OS:
 Windows 11 , 64 bit Build 22621 (10.0.22621.3672)
OS uptime: 0 days 3:12 hours
Hyper-V role detected

CPU: total 8 (initial active 8) (4 cores per cpu, 2 threads per core) family 6 model 140 stepping 1 microcode 0xb4, cx8, cmov, fxsr, ht, mmx, 3dnowpref, sse, sse2, sse3, ssse3, sse4.1, sse4.2, popcnt, lzcnt, tsc, tscinvbit, avx, avx2, aes, erms, clmul, bmi1, bmi2, adx, avx512f, avx512dq, avx512cd, avx512bw, avx512vl, sha, fma, vzeroupper, avx512_vpopcntdq, avx512_vpclmulqdq, avx512_vaes, avx512_vnni, clflush, clflushopt, clwb, avx512_vbmi2, avx512_vbmi, hv, rdtscp, rdpid, fsrm, gfni, avx512_bitalg, f16c, cet_ibt, cet_ss, avx512_ifma
Processor Information for all 8 processors :
  Max Mhz: 2803, Current Mhz: 2803, Mhz Limit: 2803

Memory: 4k page, system-wide physical 16118M (4211M free)
TotalPageFile size 17938M (AvailPageFile size 5M)
current process WorkingSet (physical memory assigned to process): 50M, peak: 50M
current process commit charge ("private bytes"): 341M, peak: 341M

vm_info: Java HotSpot(TM) 64-Bit Server VM (21.0.2+13-LTS-58) for windows-amd64 JRE (21.0.2+13-LTS-58), built on 2024-01-05T18:32:24Z by "mach5one" with MS VC++ 17.1 (VS2022)

END.
