#
# There is insufficient memory for the Java Runtime Environment to continue.
# Native memory allocation (mmap) failed to map 65536 bytes for Failed to commit metaspace.
# Possible reasons:
#   The system is out of physical RAM or swap space
#   The process is running with CompressedOops enabled, and the Java Heap may be blocking the growth of the native heap
# Possible solutions:
#   Reduce memory load on the system
#   Increase physical memory or swap space
#   Check if swap backing store is full
#   Decrease Java heap size (-Xmx/-Xms)
#   Decrease number of Java threads
#   Decrease Java thread stack sizes (-Xss)
#   Set larger code cache with -XX:ReservedCodeCacheSize=
#   JVM is running with Zero Based Compressed Oops mode in which the Java heap is
#     placed in the first 32GB address space. The Java Heap base address is the
#     maximum limit for the native heap growth. Please use -XX:HeapBaseMinAddress
#     to set the Java Heap base and to place the Java Heap above 32GB virtual address.
# This output file may be truncated or incomplete.
#
#  Out of Memory Error (virtualSpaceNode.cpp:112), pid=23996, tid=31812
#
# JRE version: Java(TM) SE Runtime Environment (21.0.2+13) (build 21.0.2+13-LTS-58)
# Java VM: Java HotSpot(TM) 64-Bit Server VM (21.0.2+13-LTS-58, mixed mode, sharing, tiered, compressed oops, compressed class ptrs, g1 gc, windows-amd64)
# No core dump will be written. Minidumps are not enabled by default on client versions of Windows
#

---------------  S U M M A R Y ------------

Command Line: -ea -Didea.test.cyclic.buffer.size=1048576 -javaagent:C:\Program Files\JetBrains\IntelliJ IDEA Community Edition 2024.1.1\lib\idea_rt.jar=55128:C:\Program Files\JetBrains\IntelliJ IDEA Community Edition 2024.1.1\bin -Dfile.encoding=UTF-8 -Dsun.stdout.encoding=UTF-8 -Dsun.stderr.encoding=UTF-8 com.intellij.rt.testng.RemoteTestNGStarter -usedefaultlisteners false -socket55127 @w@C:\Users\abdul\AppData\Local\Temp\idea_working_dirs_testng.tmp -temp C:\Users\abdul\AppData\Local\Temp\idea_testng.tmp

Host: 11th Gen Intel(R) Core(TM) i7-1165G7 @ 2.80GHz, 8 cores, 15G,  Windows 11 , 64 bit Build 22621 (10.0.22621.3672)
Time: Wed Jun 26 02:54:12 2024 Egypt Daylight Time elapsed time: 0.334714 seconds (0d 0h 0m 0s)

---------------  T H R E A D  ---------------

Current thread (0x00000126549d6bb0):  JavaThread "main"             [_thread_in_vm, id=31812, stack(0x000000126d700000,0x000000126d800000) (1024K)]

Stack: [0x000000126d700000,0x000000126d800000]
Native frames: (J=compiled Java code, j=interpreted, Vv=VM code, C=native code)
V  [jvm.dll+0x6cade9]
V  [jvm.dll+0x8569c1]
V  [jvm.dll+0x858d2e]
V  [jvm.dll+0x859413]
V  [jvm.dll+0x280e56]
V  [jvm.dll+0x8526ee]
V  [jvm.dll+0x66e705]
V  [jvm.dll+0x66e76a]
V  [jvm.dll+0x670f96]
V  [jvm.dll+0x670e62]
V  [jvm.dll+0x66f0de]
V  [jvm.dll+0x26c721]
V  [jvm.dll+0x218617]
V  [jvm.dll+0x20dd9e]
V  [jvm.dll+0x5ad3dc]
V  [jvm.dll+0x21f76a]
V  [jvm.dll+0x7cec21]
V  [jvm.dll+0x7cfc85]
V  [jvm.dll+0x7d022f]
V  [jvm.dll+0x7cfed8]
V  [jvm.dll+0x26ed7b]
V  [jvm.dll+0x3d3c0e]
C  0x00000126665cb13f

The last pc belongs to new (printed below).
Java frames: (J=compiled Java code, j=interpreted, Vv=VM code)
j  sun.security.provider.SunEntries.add(Ljava/security/Provider;Ljava/lang/String;Ljava/lang/String;Ljava/lang/String;Ljava/util/HashMap;)V+4 java.base@21.0.2
j  sun.security.provider.SunEntries.<init>(Ljava/security/Provider;)V+109 java.base@21.0.2
j  sun.security.provider.Sun.<init>()V+18 java.base@21.0.2
j  sun.security.jca.ProviderConfig.getProvider()Ljava/security/Provider;+67 java.base@21.0.2
j  sun.security.jca.ProviderList.getProvider(I)Ljava/security/Provider;+6 java.base@21.0.2
j  sun.security.jca.ProviderList$3.get(I)Ljava/security/Provider;+5 java.base@21.0.2
j  sun.security.jca.ProviderList$3.get(I)Ljava/lang/Object;+2 java.base@21.0.2
j  java.util.AbstractList$Itr.next()Ljava/lang/Object;+14 java.base@21.0.2
j  java.security.SecureRandom.getDefaultPRNG(Z[B)V+30 java.base@21.0.2
j  java.security.SecureRandom.<init>()V+23 java.base@21.0.2
j  java.util.UUID$Holder.<clinit>()V+4 java.base@21.0.2
v  ~StubRoutines::call_stub 0x00000126665b10e7
j  java.util.UUID.randomUUID()Ljava/util/UUID;+0 java.base@21.0.2
j  org.testng.xml.XmlSuite.<init>()V+35
j  org.testng.xml.TestNGContentHandler.xmlSuite(ZLorg/xml/sax/Attributes;)V+44
j  org.testng.xml.TestNGContentHandler.startElement(Ljava/lang/String;Ljava/lang/String;Ljava/lang/String;Lorg/xml/sax/Attributes;)V+79
j  com.sun.org.apache.xerces.internal.parsers.AbstractSAXParser.startElement(Lcom/sun/org/apache/xerces/internal/xni/QName;Lcom/sun/org/apache/xerces/internal/xni/XMLAttributes;Lcom/sun/org/apache/xerces/internal/xni/Augmentations;)V+297 java.xml@21.0.2
j  com.sun.org.apache.xerces.internal.impl.dtd.XMLDTDValidator.startElement(Lcom/sun/org/apache/xerces/internal/xni/QName;Lcom/sun/org/apache/xerces/internal/xni/XMLAttributes;Lcom/sun/org/apache/xerces/internal/xni/Augmentations;)V+22 java.xml@21.0.2
j  com.sun.org.apache.xerces.internal.impl.XMLDocumentFragmentScannerImpl.scanStartElement()Z+439 java.xml@21.0.2
j  com.sun.org.apache.xerces.internal.impl.XMLDocumentScannerImpl$ContentDriver.scanRootElementHook()Z+4 java.xml@21.0.2
j  com.sun.org.apache.xerces.internal.impl.XMLDocumentFragmentScannerImpl$FragmentContentDriver.next()I+2175 java.xml@21.0.2
j  com.sun.org.apache.xerces.internal.impl.XMLDocumentScannerImpl$PrologDriver.next()I+196 java.xml@21.0.2
j  com.sun.org.apache.xerces.internal.impl.XMLDocumentScannerImpl.next()I+4 java.xml@21.0.2
j  com.sun.org.apache.xerces.internal.impl.XMLDocumentFragmentScannerImpl.scanDocument(Z)Z+312 java.xml@21.0.2
j  com.sun.org.apache.xerces.internal.parsers.XML11Configuration.parse(Z)Z+121 java.xml@21.0.2
j  com.sun.org.apache.xerces.internal.parsers.XML11Configuration.parse(Lcom/sun/org/apache/xerces/internal/xni/parser/XMLInputSource;)V+30 java.xml@21.0.2
j  com.sun.org.apache.xerces.internal.parsers.XMLParser.parse(Lcom/sun/org/apache/xerces/internal/xni/parser/XMLInputSource;)V+76 java.xml@21.0.2
j  com.sun.org.apache.xerces.internal.parsers.AbstractSAXParser.parse(Lorg/xml/sax/InputSource;)V+44 java.xml@21.0.2
j  com.sun.org.apache.xerces.internal.jaxp.SAXParserImpl$JAXPSAXParser.parse(Lorg/xml/sax/InputSource;)V+53 java.xml@21.0.2
j  com.sun.org.apache.xerces.internal.jaxp.SAXParserImpl.parse(Lorg/xml/sax/InputSource;Lorg/xml/sax/helpers/DefaultHandler;)V+61 java.xml@21.0.2
j  javax.xml.parsers.SAXParser.parse(Ljava/io/InputStream;Lorg/xml/sax/helpers/DefaultHandler;)V+26 java.xml@21.0.2
j  org.testng.xml.XMLParser.parse(Ljava/io/InputStream;Lorg/xml/sax/helpers/DefaultHandler;)V+12
j  org.testng.xml.SuiteXmlParser.parse(Ljava/lang/String;Ljava/io/InputStream;Z)Lorg/testng/xml/XmlSuite;+15
j  org.testng.xml.SuiteXmlParser.parse(Ljava/lang/String;Ljava/io/InputStream;Z)Ljava/lang/Object;+4
j  org.testng.xml.internal.Parser.parse()Ljava/util/Collection;+234
j  org.testng.xml.internal.Parser.parse(Ljava/lang/String;Lorg/testng/xml/IPostProcessor;)Ljava/util/Collection;+5
j  org.testng.TestNG.parseSuite(Ljava/lang/String;)Ljava/util/Collection;+26
j  org.testng.TestNG.initializeSuitesAndJarFile()V+61
j  com.intellij.rt.testng.IDEARemoteTestNG.run()V+1
j  com.intellij.rt.testng.RemoteTestNGStarter.main([Ljava/lang/String;)V+548
v  ~StubRoutines::call_stub 0x00000126665b10e7
new  187 new  [0x00000126665cafc0, 0x00000126665cb1c8]  520 bytes
[MachCode]
  0x00000126665cafc0: 4883 ec08 | c5fa 1104 | 24eb 1f48 | 83ec 10c5 | fb11 0424 | eb14 4883 | ec10 4889 | 0424 48c7 
  0x00000126665cafe0: 4424 0800 | 0000 00eb | 0150 410f | b755 010f | cac1 ea10 | 488b 4de8 | 488b 4908 | 488b 4908 
  0x00000126665cb000: 488b 4108 | 807c 1004 | 070f 85d3 | 0000 0066 | 8b54 d148 | 488b 4928 | 488b 4cd1 | 0851 80b9 
  0x00000126665cb020: 2001 0000 | 050f 85b6 | 0000 008b | 5108 f6c2 | 010f 85aa | 0000 0049 | 8b87 b801 | 0000 488d 
  0x00000126665cb040: 1c10 493b | 9fc8 0100 | 000f 8792 | 0000 0049 | 899f b801 | 0000 4883 | ea10 0f84 | 0f00 0000 
  0x00000126665cb060: 33c9 c1ea | 0348 894c | d008 48ff | ca75 f648 | c700 0100 | 0000 5933 | f689 700c | 49ba 0000 
  0x00000126665cb080: 0000 2601 | 0000 492b | ca89 4808 | 49ba fa45 | b4ce fe7f | 0000 4180 | 3a00 0f84 | 3c00 0000 
  0x00000126665cb0a0: 5048 8bc8 | 4883 ec20 | 40f6 c40f | 0f84 1900 | 0000 4883 | ec08 48b8 | 8009 65ce | fe7f 0000 
  0x00000126665cb0c0: ffd0 4883 | c408 e90c | 0000 0048 | b880 0965 | cefe 7f00 | 00ff d048 | 83c4 2058 | e9cb 0000 
  0x00000126665cb0e0: 0059 488b | 55e8 488b | 5208 488b | 5208 450f | b745 0141 | 0fc8 41c1 | e810 e805 | 0000 00e9 
  0x00000126665cb100: a800 0000 | 488d 4424 | 084c 896d | c049 8bcf | c5f8 7749 | 89af a803 | 0000 4989 | 8798 0300 
  0x00000126665cb120: 0048 83ec | 2040 f6c4 | 0f0f 8419 | 0000 0048 | 83ec 0848 | b8c0 3b2f | cefe 7f00 | 00ff d048 
  0x00000126665cb140: 83c4 08e9 | 0c00 0000 | 48b8 c03b | 2fce fe7f | 0000 ffd0 | 4883 c420 | 49c7 8798 | 0300 0000 
  0x00000126665cb160: 0000 0049 | c787 a803 | 0000 0000 | 0000 49c7 | 87a0 0300 | 0000 0000 | 00c5 f877 | 4983 7f08 
  0x00000126665cb180: 000f 8405 | 0000 00e9 | 745d feff | 498b 87f0 | 0300 0049 | c787 f003 | 0000 0000 | 0000 4c8b 
  0x00000126665cb1a0: 6dc0 4c8b | 75c8 4e8d | 74f5 00c3 | 410f b65d | 0349 83c5 | 0349 ba00 | 07b7 cefe | 7f00 0041 
  0x00000126665cb1c0: ff24 da0f | 1f44 0000 
[/MachCode]

---------------  P R O C E S S  ---------------

Threads class SMR info:
_java_thread_list=0x000001267a31a6e0, length=13, elements={
0x00000126549d6bb0, 0x0000012675ca05e0, 0x0000012675ca1330, 0x0000012675ca36e0,
0x0000012675ca46b0, 0x0000012675ca8350, 0x0000012675ca8db0, 0x0000012675ca9c70,
0x0000012675cb86d0, 0x000001267a0bc230, 0x000001267a0bcf50, 0x000001267a0bbba0,
0x000001267a319e60
}

Java Threads: ( => current thread )
=>0x00000126549d6bb0 JavaThread "main"                              [_thread_in_vm, id=31812, stack(0x000000126d700000,0x000000126d800000) (1024K)]
  0x0000012675ca05e0 JavaThread "Reference Handler"          daemon [_thread_blocked, id=47240, stack(0x000000126df00000,0x000000126e000000) (1024K)]
  0x0000012675ca1330 JavaThread "Finalizer"                  daemon [_thread_blocked, id=32048, stack(0x000000126e000000,0x000000126e100000) (1024K)]
  0x0000012675ca36e0 JavaThread "Signal Dispatcher"          daemon [_thread_blocked, id=44636, stack(0x000000126e100000,0x000000126e200000) (1024K)]
  0x0000012675ca46b0 JavaThread "Attach Listener"            daemon [_thread_blocked, id=33392, stack(0x000000126e200000,0x000000126e300000) (1024K)]
  0x0000012675ca8350 JavaThread "Service Thread"             daemon [_thread_blocked, id=45400, stack(0x000000126e300000,0x000000126e400000) (1024K)]
  0x0000012675ca8db0 JavaThread "Monitor Deflation Thread"   daemon [_thread_blocked, id=42984, stack(0x000000126e400000,0x000000126e500000) (1024K)]
  0x0000012675ca9c70 JavaThread "C2 CompilerThread0"         daemon [_thread_blocked, id=52552, stack(0x000000126e500000,0x000000126e600000) (1024K)]
  0x0000012675cb86d0 JavaThread "C1 CompilerThread0"         daemon [_thread_blocked, id=25576, stack(0x000000126e600000,0x000000126e700000) (1024K)]
  0x000001267a0bc230 JavaThread "Common-Cleaner"             daemon [_thread_blocked, id=47408, stack(0x000000126e700000,0x000000126e800000) (1024K)]
  0x000001267a0bcf50 JavaThread "Monitor Ctrl-Break"         daemon [_thread_in_native, id=44840, stack(0x000000126e800000,0x000000126e900000) (1024K)]
  0x000001267a0bbba0 JavaThread "Notification Thread"        daemon [_thread_blocked, id=22024, stack(0x000000126e900000,0x000000126ea00000) (1024K)]
  0x000001267a319e60 JavaThread "C2 CompilerThread1"         daemon [_thread_blocked, id=34952, stack(0x000000126ea00000,0x000000126eb00000) (1024K)]
Total: 13

Other Threads:
  0x0000012675c83580 VMThread "VM Thread"                           [id=53032, stack(0x000000126de00000,0x000000126df00000) (1024K)]
  0x0000012675c6b3e0 WatcherThread "VM Periodic Task Thread"        [id=51072, stack(0x000000126dd00000,0x000000126de00000) (1024K)]
  0x0000012656c83490 WorkerThread "GC Thread#0"                     [id=31476, stack(0x000000126d800000,0x000000126d900000) (1024K)]
  0x0000012656c95680 ConcurrentGCThread "G1 Main Marker"            [id=43796, stack(0x000000126d900000,0x000000126da00000) (1024K)]
  0x0000012656c96920 WorkerThread "G1 Conc#0"                       [id=39240, stack(0x000000126da00000,0x000000126db00000) (1024K)]
  0x0000012656cde390 ConcurrentGCThread "G1 Refine#0"               [id=43160, stack(0x000000126db00000,0x000000126dc00000) (1024K)]
  0x0000012675b3d540 ConcurrentGCThread "G1 Service"                [id=41924, stack(0x000000126dc00000,0x000000126dd00000) (1024K)]
Total: 7

Threads with active compile tasks:
Total: 0

VM state: not at safepoint (normal execution)

VM Mutex/Monitor currently owned by a thread:  ([mutex/lock_event])
[0x00007ffeceb5ace8] Metaspace_lock - owner thread: 0x00000126549d6bb0

Heap address: 0x0000000704200000, size: 4030 MB, Compressed Oops mode: Zero based, Oop shift amount: 3

CDS archive(s) mapped at: [0x0000012600000000-0x0000012600c90000-0x0000012600c90000), size 13172736, SharedBaseAddress: 0x0000012600000000, ArchiveRelocationMode: 1.
Compressed class space mapped at: 0x0000012601000000-0x0000012641000000, reserved size: 1073741824
Narrow klass base: 0x0000012600000000, Narrow klass shift: 0, Narrow klass range: 0x100000000

GC Precious Log:
 CardTable entry size: 512
 Card Set container configuration: InlinePtr #cards 4 size 8 Array Of Cards #cards 16 size 48 Howl #buckets 8 coarsen threshold 3686 Howl Bitmap #cards 512 size 80 coarsen threshold 460 Card regions per heap region 1 cards per card region 4096
 CPUs: 8 total, 8 available
 Memory: 16118M
 Large Page Support: Disabled
 NUMA Support: Disabled
 Compressed Oops: Enabled (Zero based)
 Heap Region Size: 2M
 Heap Min Capacity: 8M
 Heap Initial Capacity: 252M
 Heap Max Capacity: 4030M
 Pre-touch: Disabled
 Parallel Workers: 8
 Concurrent Workers: 2
 Concurrent Refinement Workers: 8
 Periodic GC: Disabled

Heap:
 garbage-first heap   total 258048K, used 8192K [0x0000000704200000, 0x0000000800000000)
  region size 2048K, 5 young (10240K), 0 survivors (0K)
 Metaspace       used 4054K, committed 4224K, reserved 1114112K
  class space    used 423K, committed 512K, reserved 1048576K

Heap Regions: E=young(eden), S=young(survivor), O=old, HS=humongous(starts), HC=humongous(continues), CS=collection set, F=free, TAMS=top-at-mark-start, PB=parsable bottom
|   0|0x0000000704200000, 0x0000000704200000, 0x0000000704400000|  0%| F|  |TAMS 0x0000000704200000| PB 0x0000000704200000| Untracked 
|   1|0x0000000704400000, 0x0000000704400000, 0x0000000704600000|  0%| F|  |TAMS 0x0000000704400000| PB 0x0000000704400000| Untracked 
|   2|0x0000000704600000, 0x0000000704600000, 0x0000000704800000|  0%| F|  |TAMS 0x0000000704600000| PB 0x0000000704600000| Untracked 
|   3|0x0000000704800000, 0x0000000704800000, 0x0000000704a00000|  0%| F|  |TAMS 0x0000000704800000| PB 0x0000000704800000| Untracked 
|   4|0x0000000704a00000, 0x0000000704a00000, 0x0000000704c00000|  0%| F|  |TAMS 0x0000000704a00000| PB 0x0000000704a00000| Untracked 
|   5|0x0000000704c00000, 0x0000000704c00000, 0x0000000704e00000|  0%| F|  |TAMS 0x0000000704c00000| PB 0x0000000704c00000| Untracked 
|   6|0x0000000704e00000, 0x0000000704e00000, 0x0000000705000000|  0%| F|  |TAMS 0x0000000704e00000| PB 0x0000000704e00000| Untracked 
|   7|0x0000000705000000, 0x0000000705000000, 0x0000000705200000|  0%| F|  |TAMS 0x0000000705000000| PB 0x0000000705000000| Untracked 
|   8|0x0000000705200000, 0x0000000705200000, 0x0000000705400000|  0%| F|  |TAMS 0x0000000705200000| PB 0x0000000705200000| Untracked 
|   9|0x0000000705400000, 0x0000000705400000, 0x0000000705600000|  0%| F|  |TAMS 0x0000000705400000| PB 0x0000000705400000| Untracked 
|  10|0x0000000705600000, 0x0000000705600000, 0x0000000705800000|  0%| F|  |TAMS 0x0000000705600000| PB 0x0000000705600000| Untracked 
|  11|0x0000000705800000, 0x0000000705800000, 0x0000000705a00000|  0%| F|  |TAMS 0x0000000705800000| PB 0x0000000705800000| Untracked 
|  12|0x0000000705a00000, 0x0000000705a00000, 0x0000000705c00000|  0%| F|  |TAMS 0x0000000705a00000| PB 0x0000000705a00000| Untracked 
|  13|0x0000000705c00000, 0x0000000705c00000, 0x0000000705e00000|  0%| F|  |TAMS 0x0000000705c00000| PB 0x0000000705c00000| Untracked 
|  14|0x0000000705e00000, 0x0000000705e00000, 0x0000000706000000|  0%| F|  |TAMS 0x0000000705e00000| PB 0x0000000705e00000| Untracked 
|  15|0x0000000706000000, 0x0000000706000000, 0x0000000706200000|  0%| F|  |TAMS 0x0000000706000000| PB 0x0000000706000000| Untracked 
|  16|0x0000000706200000, 0x0000000706200000, 0x0000000706400000|  0%| F|  |TAMS 0x0000000706200000| PB 0x0000000706200000| Untracked 
|  17|0x0000000706400000, 0x0000000706400000, 0x0000000706600000|  0%| F|  |TAMS 0x0000000706400000| PB 0x0000000706400000| Untracked 
|  18|0x0000000706600000, 0x0000000706600000, 0x0000000706800000|  0%| F|  |TAMS 0x0000000706600000| PB 0x0000000706600000| Untracked 
|  19|0x0000000706800000, 0x0000000706800000, 0x0000000706a00000|  0%| F|  |TAMS 0x0000000706800000| PB 0x0000000706800000| Untracked 
|  20|0x0000000706a00000, 0x0000000706a00000, 0x0000000706c00000|  0%| F|  |TAMS 0x0000000706a00000| PB 0x0000000706a00000| Untracked 
|  21|0x0000000706c00000, 0x0000000706c00000, 0x0000000706e00000|  0%| F|  |TAMS 0x0000000706c00000| PB 0x0000000706c00000| Untracked 
|  22|0x0000000706e00000, 0x0000000706e00000, 0x0000000707000000|  0%| F|  |TAMS 0x0000000706e00000| PB 0x0000000706e00000| Untracked 
|  23|0x0000000707000000, 0x0000000707000000, 0x0000000707200000|  0%| F|  |TAMS 0x0000000707000000| PB 0x0000000707000000| Untracked 
|  24|0x0000000707200000, 0x0000000707200000, 0x0000000707400000|  0%| F|  |TAMS 0x0000000707200000| PB 0x0000000707200000| Untracked 
|  25|0x0000000707400000, 0x0000000707400000, 0x0000000707600000|  0%| F|  |TAMS 0x0000000707400000| PB 0x0000000707400000| Untracked 
|  26|0x0000000707600000, 0x0000000707600000, 0x0000000707800000|  0%| F|  |TAMS 0x0000000707600000| PB 0x0000000707600000| Untracked 
|  27|0x0000000707800000, 0x0000000707800000, 0x0000000707a00000|  0%| F|  |TAMS 0x0000000707800000| PB 0x0000000707800000| Untracked 
|  28|0x0000000707a00000, 0x0000000707a00000, 0x0000000707c00000|  0%| F|  |TAMS 0x0000000707a00000| PB 0x0000000707a00000| Untracked 
|  29|0x0000000707c00000, 0x0000000707c00000, 0x0000000707e00000|  0%| F|  |TAMS 0x0000000707c00000| PB 0x0000000707c00000| Untracked 
|  30|0x0000000707e00000, 0x0000000707e00000, 0x0000000708000000|  0%| F|  |TAMS 0x0000000707e00000| PB 0x0000000707e00000| Untracked 
|  31|0x0000000708000000, 0x0000000708000000, 0x0000000708200000|  0%| F|  |TAMS 0x0000000708000000| PB 0x0000000708000000| Untracked 
|  32|0x0000000708200000, 0x0000000708200000, 0x0000000708400000|  0%| F|  |TAMS 0x0000000708200000| PB 0x0000000708200000| Untracked 
|  33|0x0000000708400000, 0x0000000708400000, 0x0000000708600000|  0%| F|  |TAMS 0x0000000708400000| PB 0x0000000708400000| Untracked 
|  34|0x0000000708600000, 0x0000000708600000, 0x0000000708800000|  0%| F|  |TAMS 0x0000000708600000| PB 0x0000000708600000| Untracked 
|  35|0x0000000708800000, 0x0000000708800000, 0x0000000708a00000|  0%| F|  |TAMS 0x0000000708800000| PB 0x0000000708800000| Untracked 
|  36|0x0000000708a00000, 0x0000000708a00000, 0x0000000708c00000|  0%| F|  |TAMS 0x0000000708a00000| PB 0x0000000708a00000| Untracked 
|  37|0x0000000708c00000, 0x0000000708c00000, 0x0000000708e00000|  0%| F|  |TAMS 0x0000000708c00000| PB 0x0000000708c00000| Untracked 
|  38|0x0000000708e00000, 0x0000000708e00000, 0x0000000709000000|  0%| F|  |TAMS 0x0000000708e00000| PB 0x0000000708e00000| Untracked 
|  39|0x0000000709000000, 0x0000000709000000, 0x0000000709200000|  0%| F|  |TAMS 0x0000000709000000| PB 0x0000000709000000| Untracked 
|  40|0x0000000709200000, 0x0000000709200000, 0x0000000709400000|  0%| F|  |TAMS 0x0000000709200000| PB 0x0000000709200000| Untracked 
|  41|0x0000000709400000, 0x0000000709400000, 0x0000000709600000|  0%| F|  |TAMS 0x0000000709400000| PB 0x0000000709400000| Untracked 
|  42|0x0000000709600000, 0x0000000709600000, 0x0000000709800000|  0%| F|  |TAMS 0x0000000709600000| PB 0x0000000709600000| Untracked 
|  43|0x0000000709800000, 0x0000000709800000, 0x0000000709a00000|  0%| F|  |TAMS 0x0000000709800000| PB 0x0000000709800000| Untracked 
|  44|0x0000000709a00000, 0x0000000709a00000, 0x0000000709c00000|  0%| F|  |TAMS 0x0000000709a00000| PB 0x0000000709a00000| Untracked 
|  45|0x0000000709c00000, 0x0000000709c00000, 0x0000000709e00000|  0%| F|  |TAMS 0x0000000709c00000| PB 0x0000000709c00000| Untracked 
|  46|0x0000000709e00000, 0x0000000709e00000, 0x000000070a000000|  0%| F|  |TAMS 0x0000000709e00000| PB 0x0000000709e00000| Untracked 
|  47|0x000000070a000000, 0x000000070a000000, 0x000000070a200000|  0%| F|  |TAMS 0x000000070a000000| PB 0x000000070a000000| Untracked 
|  48|0x000000070a200000, 0x000000070a200000, 0x000000070a400000|  0%| F|  |TAMS 0x000000070a200000| PB 0x000000070a200000| Untracked 
|  49|0x000000070a400000, 0x000000070a400000, 0x000000070a600000|  0%| F|  |TAMS 0x000000070a400000| PB 0x000000070a400000| Untracked 
|  50|0x000000070a600000, 0x000000070a600000, 0x000000070a800000|  0%| F|  |TAMS 0x000000070a600000| PB 0x000000070a600000| Untracked 
|  51|0x000000070a800000, 0x000000070a800000, 0x000000070aa00000|  0%| F|  |TAMS 0x000000070a800000| PB 0x000000070a800000| Untracked 
|  52|0x000000070aa00000, 0x000000070aa00000, 0x000000070ac00000|  0%| F|  |TAMS 0x000000070aa00000| PB 0x000000070aa00000| Untracked 
|  53|0x000000070ac00000, 0x000000070ac00000, 0x000000070ae00000|  0%| F|  |TAMS 0x000000070ac00000| PB 0x000000070ac00000| Untracked 
|  54|0x000000070ae00000, 0x000000070ae00000, 0x000000070b000000|  0%| F|  |TAMS 0x000000070ae00000| PB 0x000000070ae00000| Untracked 
|  55|0x000000070b000000, 0x000000070b000000, 0x000000070b200000|  0%| F|  |TAMS 0x000000070b000000| PB 0x000000070b000000| Untracked 
|  56|0x000000070b200000, 0x000000070b200000, 0x000000070b400000|  0%| F|  |TAMS 0x000000070b200000| PB 0x000000070b200000| Untracked 
|  57|0x000000070b400000, 0x000000070b400000, 0x000000070b600000|  0%| F|  |TAMS 0x000000070b400000| PB 0x000000070b400000| Untracked 
|  58|0x000000070b600000, 0x000000070b600000, 0x000000070b800000|  0%| F|  |TAMS 0x000000070b600000| PB 0x000000070b600000| Untracked 
|  59|0x000000070b800000, 0x000000070b800000, 0x000000070ba00000|  0%| F|  |TAMS 0x000000070b800000| PB 0x000000070b800000| Untracked 
|  60|0x000000070ba00000, 0x000000070ba00000, 0x000000070bc00000|  0%| F|  |TAMS 0x000000070ba00000| PB 0x000000070ba00000| Untracked 
|  61|0x000000070bc00000, 0x000000070bc00000, 0x000000070be00000|  0%| F|  |TAMS 0x000000070bc00000| PB 0x000000070bc00000| Untracked 
|  62|0x000000070be00000, 0x000000070be00000, 0x000000070c000000|  0%| F|  |TAMS 0x000000070be00000| PB 0x000000070be00000| Untracked 
|  63|0x000000070c000000, 0x000000070c000000, 0x000000070c200000|  0%| F|  |TAMS 0x000000070c000000| PB 0x000000070c000000| Untracked 
|  64|0x000000070c200000, 0x000000070c200000, 0x000000070c400000|  0%| F|  |TAMS 0x000000070c200000| PB 0x000000070c200000| Untracked 
|  65|0x000000070c400000, 0x000000070c400000, 0x000000070c600000|  0%| F|  |TAMS 0x000000070c400000| PB 0x000000070c400000| Untracked 
|  66|0x000000070c600000, 0x000000070c600000, 0x000000070c800000|  0%| F|  |TAMS 0x000000070c600000| PB 0x000000070c600000| Untracked 
|  67|0x000000070c800000, 0x000000070c800000, 0x000000070ca00000|  0%| F|  |TAMS 0x000000070c800000| PB 0x000000070c800000| Untracked 
|  68|0x000000070ca00000, 0x000000070ca00000, 0x000000070cc00000|  0%| F|  |TAMS 0x000000070ca00000| PB 0x000000070ca00000| Untracked 
|  69|0x000000070cc00000, 0x000000070cc00000, 0x000000070ce00000|  0%| F|  |TAMS 0x000000070cc00000| PB 0x000000070cc00000| Untracked 
|  70|0x000000070ce00000, 0x000000070ce00000, 0x000000070d000000|  0%| F|  |TAMS 0x000000070ce00000| PB 0x000000070ce00000| Untracked 
|  71|0x000000070d000000, 0x000000070d000000, 0x000000070d200000|  0%| F|  |TAMS 0x000000070d000000| PB 0x000000070d000000| Untracked 
|  72|0x000000070d200000, 0x000000070d200000, 0x000000070d400000|  0%| F|  |TAMS 0x000000070d200000| PB 0x000000070d200000| Untracked 
|  73|0x000000070d400000, 0x000000070d400000, 0x000000070d600000|  0%| F|  |TAMS 0x000000070d400000| PB 0x000000070d400000| Untracked 
|  74|0x000000070d600000, 0x000000070d600000, 0x000000070d800000|  0%| F|  |TAMS 0x000000070d600000| PB 0x000000070d600000| Untracked 
|  75|0x000000070d800000, 0x000000070d800000, 0x000000070da00000|  0%| F|  |TAMS 0x000000070d800000| PB 0x000000070d800000| Untracked 
|  76|0x000000070da00000, 0x000000070da00000, 0x000000070dc00000|  0%| F|  |TAMS 0x000000070da00000| PB 0x000000070da00000| Untracked 
|  77|0x000000070dc00000, 0x000000070dc00000, 0x000000070de00000|  0%| F|  |TAMS 0x000000070dc00000| PB 0x000000070dc00000| Untracked 
|  78|0x000000070de00000, 0x000000070de00000, 0x000000070e000000|  0%| F|  |TAMS 0x000000070de00000| PB 0x000000070de00000| Untracked 
|  79|0x000000070e000000, 0x000000070e000000, 0x000000070e200000|  0%| F|  |TAMS 0x000000070e000000| PB 0x000000070e000000| Untracked 
|  80|0x000000070e200000, 0x000000070e200000, 0x000000070e400000|  0%| F|  |TAMS 0x000000070e200000| PB 0x000000070e200000| Untracked 
|  81|0x000000070e400000, 0x000000070e400000, 0x000000070e600000|  0%| F|  |TAMS 0x000000070e400000| PB 0x000000070e400000| Untracked 
|  82|0x000000070e600000, 0x000000070e600000, 0x000000070e800000|  0%| F|  |TAMS 0x000000070e600000| PB 0x000000070e600000| Untracked 
|  83|0x000000070e800000, 0x000000070e800000, 0x000000070ea00000|  0%| F|  |TAMS 0x000000070e800000| PB 0x000000070e800000| Untracked 
|  84|0x000000070ea00000, 0x000000070ea00000, 0x000000070ec00000|  0%| F|  |TAMS 0x000000070ea00000| PB 0x000000070ea00000| Untracked 
|  85|0x000000070ec00000, 0x000000070ec00000, 0x000000070ee00000|  0%| F|  |TAMS 0x000000070ec00000| PB 0x000000070ec00000| Untracked 
|  86|0x000000070ee00000, 0x000000070ee00000, 0x000000070f000000|  0%| F|  |TAMS 0x000000070ee00000| PB 0x000000070ee00000| Untracked 
|  87|0x000000070f000000, 0x000000070f000000, 0x000000070f200000|  0%| F|  |TAMS 0x000000070f000000| PB 0x000000070f000000| Untracked 
|  88|0x000000070f200000, 0x000000070f200000, 0x000000070f400000|  0%| F|  |TAMS 0x000000070f200000| PB 0x000000070f200000| Untracked 
|  89|0x000000070f400000, 0x000000070f400000, 0x000000070f600000|  0%| F|  |TAMS 0x000000070f400000| PB 0x000000070f400000| Untracked 
|  90|0x000000070f600000, 0x000000070f600000, 0x000000070f800000|  0%| F|  |TAMS 0x000000070f600000| PB 0x000000070f600000| Untracked 
|  91|0x000000070f800000, 0x000000070f800000, 0x000000070fa00000|  0%| F|  |TAMS 0x000000070f800000| PB 0x000000070f800000| Untracked 
|  92|0x000000070fa00000, 0x000000070fa00000, 0x000000070fc00000|  0%| F|  |TAMS 0x000000070fa00000| PB 0x000000070fa00000| Untracked 
|  93|0x000000070fc00000, 0x000000070fc00000, 0x000000070fe00000|  0%| F|  |TAMS 0x000000070fc00000| PB 0x000000070fc00000| Untracked 
|  94|0x000000070fe00000, 0x000000070fe00000, 0x0000000710000000|  0%| F|  |TAMS 0x000000070fe00000| PB 0x000000070fe00000| Untracked 
|  95|0x0000000710000000, 0x0000000710000000, 0x0000000710200000|  0%| F|  |TAMS 0x0000000710000000| PB 0x0000000710000000| Untracked 
|  96|0x0000000710200000, 0x0000000710200000, 0x0000000710400000|  0%| F|  |TAMS 0x0000000710200000| PB 0x0000000710200000| Untracked 
|  97|0x0000000710400000, 0x0000000710400000, 0x0000000710600000|  0%| F|  |TAMS 0x0000000710400000| PB 0x0000000710400000| Untracked 
|  98|0x0000000710600000, 0x0000000710600000, 0x0000000710800000|  0%| F|  |TAMS 0x0000000710600000| PB 0x0000000710600000| Untracked 
|  99|0x0000000710800000, 0x0000000710800000, 0x0000000710a00000|  0%| F|  |TAMS 0x0000000710800000| PB 0x0000000710800000| Untracked 
| 100|0x0000000710a00000, 0x0000000710a00000, 0x0000000710c00000|  0%| F|  |TAMS 0x0000000710a00000| PB 0x0000000710a00000| Untracked 
| 101|0x0000000710c00000, 0x0000000710c00000, 0x0000000710e00000|  0%| F|  |TAMS 0x0000000710c00000| PB 0x0000000710c00000| Untracked 
| 102|0x0000000710e00000, 0x0000000710e00000, 0x0000000711000000|  0%| F|  |TAMS 0x0000000710e00000| PB 0x0000000710e00000| Untracked 
| 103|0x0000000711000000, 0x0000000711000000, 0x0000000711200000|  0%| F|  |TAMS 0x0000000711000000| PB 0x0000000711000000| Untracked 
| 104|0x0000000711200000, 0x0000000711200000, 0x0000000711400000|  0%| F|  |TAMS 0x0000000711200000| PB 0x0000000711200000| Untracked 
| 105|0x0000000711400000, 0x0000000711400000, 0x0000000711600000|  0%| F|  |TAMS 0x0000000711400000| PB 0x0000000711400000| Untracked 
| 106|0x0000000711600000, 0x0000000711600000, 0x0000000711800000|  0%| F|  |TAMS 0x0000000711600000| PB 0x0000000711600000| Untracked 
| 107|0x0000000711800000, 0x0000000711800000, 0x0000000711a00000|  0%| F|  |TAMS 0x0000000711800000| PB 0x0000000711800000| Untracked 
| 108|0x0000000711a00000, 0x0000000711a00000, 0x0000000711c00000|  0%| F|  |TAMS 0x0000000711a00000| PB 0x0000000711a00000| Untracked 
| 109|0x0000000711c00000, 0x0000000711c00000, 0x0000000711e00000|  0%| F|  |TAMS 0x0000000711c00000| PB 0x0000000711c00000| Untracked 
| 110|0x0000000711e00000, 0x0000000711e00000, 0x0000000712000000|  0%| F|  |TAMS 0x0000000711e00000| PB 0x0000000711e00000| Untracked 
| 111|0x0000000712000000, 0x0000000712000000, 0x0000000712200000|  0%| F|  |TAMS 0x0000000712000000| PB 0x0000000712000000| Untracked 
| 112|0x0000000712200000, 0x0000000712200000, 0x0000000712400000|  0%| F|  |TAMS 0x0000000712200000| PB 0x0000000712200000| Untracked 
| 113|0x0000000712400000, 0x0000000712400000, 0x0000000712600000|  0%| F|  |TAMS 0x0000000712400000| PB 0x0000000712400000| Untracked 
| 114|0x0000000712600000, 0x0000000712600000, 0x0000000712800000|  0%| F|  |TAMS 0x0000000712600000| PB 0x0000000712600000| Untracked 
| 115|0x0000000712800000, 0x0000000712800000, 0x0000000712a00000|  0%| F|  |TAMS 0x0000000712800000| PB 0x0000000712800000| Untracked 
| 116|0x0000000712a00000, 0x0000000712a00000, 0x0000000712c00000|  0%| F|  |TAMS 0x0000000712a00000| PB 0x0000000712a00000| Untracked 
| 117|0x0000000712c00000, 0x0000000712c00000, 0x0000000712e00000|  0%| F|  |TAMS 0x0000000712c00000| PB 0x0000000712c00000| Untracked 
| 118|0x0000000712e00000, 0x0000000712e00000, 0x0000000713000000|  0%| F|  |TAMS 0x0000000712e00000| PB 0x0000000712e00000| Untracked 
| 119|0x0000000713000000, 0x0000000713000000, 0x0000000713200000|  0%| F|  |TAMS 0x0000000713000000| PB 0x0000000713000000| Untracked 
| 120|0x0000000713200000, 0x0000000713200000, 0x0000000713400000|  0%| F|  |TAMS 0x0000000713200000| PB 0x0000000713200000| Untracked 
| 121|0x0000000713400000, 0x0000000713554da0, 0x0000000713600000| 66%| E|  |TAMS 0x0000000713400000| PB 0x0000000713400000| Complete 
| 122|0x0000000713600000, 0x0000000713800000, 0x0000000713800000|100%| E|CS|TAMS 0x0000000713600000| PB 0x0000000713600000| Complete 
| 123|0x0000000713800000, 0x0000000713a00000, 0x0000000713a00000|100%| E|CS|TAMS 0x0000000713800000| PB 0x0000000713800000| Complete 
| 124|0x0000000713a00000, 0x0000000713c00000, 0x0000000713c00000|100%| E|CS|TAMS 0x0000000713a00000| PB 0x0000000713a00000| Complete 
| 125|0x0000000713c00000, 0x0000000713e00000, 0x0000000713e00000|100%| E|CS|TAMS 0x0000000713c00000| PB 0x0000000713c00000| Complete 

Card table byte_map: [0x000001266eb90000,0x000001266f370000] _byte_map_base: 0x000001266b36f000

Marking Bits: (CMBitMap*) 0x0000012656c83b90
 Bits: [0x000001266f370000, 0x0000012673268000)

Polling page: 0x00000126563e0000

Metaspace:

Usage:
  Non-class:      3.55 MB used.
      Class:    423.21 KB used.
       Both:      3.96 MB used.

Virtual space:
  Non-class space:       64.00 MB reserved,       3.62 MB (  6%) committed,  1 nodes.
      Class space:        1.00 GB reserved,     512.00 KB ( <1%) committed,  1 nodes.
             Both:        1.06 GB reserved,       4.12 MB ( <1%) committed. 

Chunk freelists:
   Non-Class:  11.23 MB
       Class:  15.55 MB
        Both:  26.78 MB

MaxMetaspaceSize: unlimited
CompressedClassSpaceSize: 1.00 GB
Initial GC threshold: 21.00 MB
Current GC threshold: 21.00 MB
CDS: on
 - commit_granule_bytes: 65536.
 - commit_granule_words: 8192.
 - virtual_space_node_default_size: 8388608.
 - enlarge_chunks_in_place: 1.
 - use_allocation_guard: 0.


Internal statistics:

num_allocs_failed_limit: 0.
num_arena_births: 58.
num_arena_deaths: 0.
num_vsnodes_births: 2.
num_vsnodes_deaths: 0.
num_space_committed: 66.
num_space_uncommitted: 0.
num_chunks_returned_to_freelist: 0.
num_chunks_taken_from_freelist: 107.
num_chunk_merges: 0.
num_chunk_splits: 70.
num_chunks_enlarged: 46.
num_inconsistent_stats: 0.

CodeHeap 'non-profiled nmethods': size=120000Kb used=228Kb max_used=228Kb free=119771Kb
 bounds [0x0000012666b50000, 0x0000012666dc0000, 0x000001266e080000]
CodeHeap 'profiled nmethods': size=120000Kb used=1087Kb max_used=1087Kb free=118912Kb
 bounds [0x000001265f080000, 0x000001265f2f0000, 0x00000126665b0000]
CodeHeap 'non-nmethods': size=5760Kb used=1470Kb max_used=1484Kb free=4289Kb
 bounds [0x00000126665b0000, 0x0000012666820000, 0x0000012666b50000]
 total_blobs=1152 nmethods=703 adapters=354
 compilation: enabled
              stopped_count=0, restarted_count=0
 full_count=0

Compilation events (20 events):
Event: 0.325 Thread 0x0000012675cb86d0  693       3       com.sun.org.apache.xerces.internal.impl.XMLEntityScanner::skipChar (142 bytes)
Event: 0.325 Thread 0x0000012675cb86d0 nmethod 693 0x000001265f189910 code [0x000001265f189ae0, 0x000001265f189e10]
Event: 0.325 Thread 0x0000012675cb86d0  695       3       com.sun.org.apache.xerces.internal.impl.XMLEntityScanner::skipSpaces (362 bytes)
Event: 0.325 Thread 0x0000012675cb86d0 nmethod 695 0x000001265f189f90 code [0x000001265f18a220, 0x000001265f18add8]
Event: 0.326 Thread 0x0000012675cb86d0  698       3       java.util.HashMap::putVal (300 bytes)
Event: 0.326 Thread 0x0000012675cb86d0 nmethod 698 0x000001265f18b210 code [0x000001265f18b4e0, 0x000001265f18c700]
Event: 0.326 Thread 0x0000012675cb86d0  699       3       com.sun.org.apache.xerces.internal.impl.XMLEntityScanner::skipString (122 bytes)
Event: 0.327 Thread 0x0000012675cb86d0 nmethod 699 0x000001265f18cb90 code [0x000001265f18cde0, 0x000001265f18d7a0]
Event: 0.327 Thread 0x0000012675cb86d0  697       3       com.sun.org.apache.xerces.internal.impl.XMLEntityScanner::arrangeCapacity (227 bytes)
Event: 0.328 Thread 0x0000012675cb86d0 nmethod 697 0x000001265f18dc10 code [0x000001265f18de40, 0x000001265f18e478]
Event: 0.328 Thread 0x0000012675cb86d0  696       3       com.sun.org.apache.xerces.internal.impl.XMLDTDScannerImpl::skipSeparator (150 bytes)
Event: 0.328 Thread 0x0000012675cb86d0 nmethod 696 0x000001265f18e710 code [0x000001265f18e9a0, 0x000001265f18f3e0]
Event: 0.328 Thread 0x0000012675cb86d0  700       3       com.sun.org.apache.xerces.internal.impl.XMLDTDScannerImpl::scanningInternalSubset (13 bytes)
Event: 0.328 Thread 0x000001267a319e60  702       4       java.lang.StringLatin1::indexOf (121 bytes)
Event: 0.328 Thread 0x0000012675cb86d0 nmethod 700 0x000001265f18f710 code [0x000001265f18f8a0, 0x000001265f18fa08]
Event: 0.328 Thread 0x0000012675cb86d0  701       3       com.sun.org.apache.xerces.internal.xni.QName::setValues (33 bytes)
Event: 0.328 Thread 0x0000012675cb86d0 nmethod 701 0x000001265f18fa90 code [0x000001265f18fc40, 0x000001265f18ff00]
Event: 0.331 Thread 0x0000012675cb86d0  703       1       sun.util.locale.BaseLocale::getLanguage (5 bytes)
Event: 0.331 Thread 0x0000012675cb86d0 nmethod 703 0x0000012666b88790 code [0x0000012666b88920, 0x0000012666b889f0]
Event: 0.332 Thread 0x000001267a319e60 nmethod 702 0x0000012666b88a90 code [0x0000012666b88c20, 0x0000012666b88f68]

GC Heap History (0 events):
No events

Dll operation events (11 events):
Event: 0.008 Loaded shared library C:\Program Files\Java\jdk-21\bin\java.dll
Event: 0.042 Loaded shared library C:\Program Files\Java\jdk-21\bin\jsvml.dll
Event: 0.096 Loaded shared library C:\Program Files\Java\jdk-21\bin\zip.dll
Event: 0.098 Loaded shared library C:\Program Files\Java\jdk-21\bin\instrument.dll
Event: 0.102 Loaded shared library C:\Program Files\Java\jdk-21\bin\net.dll
Event: 0.104 Loaded shared library C:\Program Files\Java\jdk-21\bin\nio.dll
Event: 0.108 Loaded shared library C:\Program Files\Java\jdk-21\bin\zip.dll
Event: 0.116 Loaded shared library C:\Program Files\JetBrains\IntelliJ IDEA Community Edition 2024.1.1\bin\breakgen64.dll
Event: 0.122 Loaded shared library C:\Program Files\Java\jdk-21\bin\extnet.dll
Event: 0.164 Loaded shared library C:\Program Files\Java\jdk-21\bin\verify.dll
Event: 0.169 Loaded shared library C:\Program Files\Java\jdk-21\bin\jimage.dll

Deoptimization events (20 events):
Event: 0.239 Thread 0x00000126549d6bb0 DEOPT PACKING pc=0x0000012666b5e308 sp=0x000000126d7fedf0
Event: 0.239 Thread 0x00000126549d6bb0 DEOPT UNPACKING pc=0x0000012666607da2 sp=0x000000126d7fedb0 mode 2
Event: 0.239 Thread 0x00000126549d6bb0 Uncommon trap: trap_request=0xffffffde fr.pc=0x0000012666b5e308 relative=0x0000000000000528
Event: 0.239 Thread 0x00000126549d6bb0 Uncommon trap: reason=class_check action=maybe_recompile pc=0x0000012666b5e308 method=java.util.HashMap.putVal(ILjava/lang/Object;Ljava/lang/Object;ZZ)Ljava/lang/Object; @ 253 c2
Event: 0.239 Thread 0x00000126549d6bb0 DEOPT PACKING pc=0x0000012666b5e308 sp=0x000000126d7fedf0
Event: 0.239 Thread 0x00000126549d6bb0 DEOPT UNPACKING pc=0x0000012666607da2 sp=0x000000126d7fedb0 mode 2
Event: 0.242 Thread 0x00000126549d6bb0 DEOPT PACKING pc=0x000001265f0dadf7 sp=0x000000126d7fe340
Event: 0.242 Thread 0x00000126549d6bb0 DEOPT UNPACKING pc=0x00000126666088e2 sp=0x000000126d7fd790 mode 0
Event: 0.314 Thread 0x00000126549d6bb0 Uncommon trap: trap_request=0xffffff45 fr.pc=0x0000012666b7c4d4 relative=0x0000000000000b54
Event: 0.314 Thread 0x00000126549d6bb0 Uncommon trap: reason=unstable_if action=reinterpret pc=0x0000012666b7c4d4 method=java.util.HashMap.putVal(ILjava/lang/Object;Ljava/lang/Object;ZZ)Ljava/lang/Object; @ 181 c2
Event: 0.314 Thread 0x00000126549d6bb0 DEOPT PACKING pc=0x0000012666b7c4d4 sp=0x000000126d7fec30
Event: 0.314 Thread 0x00000126549d6bb0 DEOPT UNPACKING pc=0x0000012666607da2 sp=0x000000126d7febf0 mode 2
Event: 0.321 Thread 0x00000126549d6bb0 Uncommon trap: trap_request=0xffffff6e fr.pc=0x0000012666b7a150 relative=0x0000000000000410
Event: 0.321 Thread 0x00000126549d6bb0 Uncommon trap: reason=loop_limit_check action=maybe_recompile pc=0x0000012666b7a150 method=java.lang.StringLatin1.indexOf([BI[BII)I @ 37 c2
Event: 0.321 Thread 0x00000126549d6bb0 DEOPT PACKING pc=0x0000012666b7a150 sp=0x000000126d7fe640
Event: 0.321 Thread 0x00000126549d6bb0 DEOPT UNPACKING pc=0x0000012666607da2 sp=0x000000126d7fe5a0 mode 2
Event: 0.333 Thread 0x00000126549d6bb0 Uncommon trap: trap_request=0xffffff45 fr.pc=0x0000012666b7ec7c relative=0x000000000000023c
Event: 0.333 Thread 0x00000126549d6bb0 Uncommon trap: reason=unstable_if action=reinterpret pc=0x0000012666b7ec7c method=java.lang.String.startsWith(Ljava/lang/String;I)Z @ 1 c2
Event: 0.333 Thread 0x00000126549d6bb0 DEOPT PACKING pc=0x0000012666b7ec7c sp=0x000000126d7fcae0
Event: 0.333 Thread 0x00000126549d6bb0 DEOPT UNPACKING pc=0x0000012666607da2 sp=0x000000126d7fca70 mode 2

Classes loaded (20 events):
Event: 0.332 Loading class jdk/internal/math/FloatingDecimal$PreparedASCIIToBinaryBuffer done
Event: 0.332 Loading class jdk/internal/math/FloatingDecimal$ASCIIToBinaryBuffer
Event: 0.332 Loading class jdk/internal/math/FloatingDecimal$ASCIIToBinaryBuffer done
Event: 0.333 Loading class sun/security/jca/ProviderList$2
Event: 0.333 Loading class sun/security/jca/ProviderList$2 done
Event: 0.333 Loading class java/util/AbstractList$Itr
Event: 0.333 Loading class java/util/AbstractList$Itr done
Event: 0.333 Loading class sun/security/provider/Sun
Event: 0.333 Loading class sun/security/provider/Sun done
Event: 0.333 Loading class sun/security/provider/SunEntries
Event: 0.333 Loading class sun/security/provider/SunEntries done
Event: 0.333 Loading class sun/security/provider/SunEntries$1
Event: 0.333 Loading class sun/security/provider/SunEntries$1 done
Event: 0.333 Loading class sun/security/provider/NativePRNG
Event: 0.334 Loading class sun/security/provider/NativePRNG done
Event: 0.334 Loading class sun/security/provider/NativePRNG$Blocking
Event: 0.334 Loading class sun/security/provider/NativePRNG$Blocking done
Event: 0.334 Loading class sun/security/provider/NativePRNG$NonBlocking
Event: 0.334 Loading class sun/security/provider/NativePRNG$NonBlocking done
Event: 0.334 Loading class java/security/Provider$Service

Classes unloaded (0 events):
No events

Classes redefined (0 events):
No events

Internal exceptions (13 events):
Event: 0.109 Thread 0x00000126549d6bb0 Exception <a 'java/lang/NoSuchMethodError'{0x0000000713b03e08}: 'void java.lang.invoke.DirectMethodHandle$Holder.invokeStatic(java.lang.Object, java.lang.Object, java.lang.Object)'> (0x0000000713b03e08) 
thrown [s\open\src\hotspot\share\interpreter\linkResolver.cpp, line 773]
Event: 0.113 Thread 0x00000126549d6bb0 Exception <a 'java/lang/NoSuchMethodError'{0x0000000713b1b310}: 'java.lang.Object java.lang.invoke.Invokers$Holder.invokeExact_MT(java.lang.Object, java.lang.Object, java.lang.Object, java.lang.Object, java.lang.Object)'> (0x0000000713b1b310) 
thrown [s\open\src\hotspot\share\interpreter\linkResolver.cpp, line 773]
Event: 0.123 Thread 0x000001267a0bcf50 Exception <a 'java/lang/NoSuchMethodError'{0x0000000713b5afe0}: 'void java.lang.invoke.DirectMethodHandle$Holder.invokeStatic(java.lang.Object, java.lang.Object)'> (0x0000000713b5afe0) 
thrown [s\open\src\hotspot\share\interpreter\linkResolver.cpp, line 773]
Event: 0.123 Thread 0x00000126549d6bb0 Exception <a 'java/lang/NoSuchMethodError'{0x0000000713b2fe58}: 'void java.lang.invoke.DirectMethodHandle$Holder.invokeStatic(java.lang.Object, java.lang.Object)'> (0x0000000713b2fe58) 
thrown [s\open\src\hotspot\share\interpreter\linkResolver.cpp, line 773]
Event: 0.172 Thread 0x00000126549d6bb0 Exception <a 'java/lang/NoClassDefFoundError'{0x00000007139daeb8}: org/slf4j/impl/StaticLoggerBinder> (0x00000007139daeb8) 
thrown [s\open\src\hotspot\share\classfile\systemDictionary.cpp, line 301]
Event: 0.187 Thread 0x00000126549d6bb0 Exception <a 'java/lang/NoSuchMethodError'{0x000000071365a700}: 'int java.lang.invoke.DirectMethodHandle$Holder.invokeStaticInit(java.lang.Object, java.lang.Object)'> (0x000000071365a700) 
thrown [s\open\src\hotspot\share\interpreter\linkResolver.cpp, line 773]
Event: 0.251 Thread 0x00000126549d6bb0 Exception <a 'java/lang/NoSuchMethodError'{0x00000007137d7380}: 'int java.lang.invoke.DirectMethodHandle$Holder.invokeSpecial(java.lang.Object, java.lang.Object, java.lang.Object)'> (0x00000007137d7380) 
thrown [s\open\src\hotspot\share\interpreter\linkResolver.cpp, line 773]
Event: 0.252 Thread 0x00000126549d6bb0 Exception <a 'java/lang/NoSuchMethodError'{0x00000007137e18e8}: 'void java.lang.invoke.DelegatingMethodHandle$Holder.reinvoke_L(java.lang.Object, java.lang.Object, int)'> (0x00000007137e18e8) 
thrown [s\open\src\hotspot\share\interpreter\linkResolver.cpp, line 773]
Event: 0.253 Thread 0x00000126549d6bb0 Exception <a 'java/lang/NoSuchMethodError'{0x00000007137e8168}: 'int java.lang.invoke.Invokers$Holder.invokeExact_MT(java.lang.Object, java.lang.Object, java.lang.Object)'> (0x00000007137e8168) 
thrown [s\open\src\hotspot\share\interpreter\linkResolver.cpp, line 773]
Event: 0.261 Thread 0x00000126549d6bb0 Exception <a 'java/lang/NoSuchMethodError'{0x000000071340cd98}: 'void java.lang.invoke.Invokers$Holder.invokeExact_MT(java.lang.Object, java.lang.Object, java.lang.Object, java.lang.Object)'> (0x000000071340cd98) 
thrown [s\open\src\hotspot\share\interpreter\linkResolver.cpp, line 773]
Event: 0.264 Thread 0x00000126549d6bb0 Exception <a 'java/lang/NoSuchMethodError'{0x00000007134128a0}: 'void java.lang.invoke.DirectMethodHandle$Holder.invokeVirtual(java.lang.Object, java.lang.Object, int)'> (0x00000007134128a0) 
thrown [s\open\src\hotspot\share\interpreter\linkResolver.cpp, line 773]
Event: 0.265 Thread 0x00000126549d6bb0 Exception <a 'java/lang/NoSuchMethodError'{0x000000071341a638}: 'void java.lang.invoke.DirectMethodHandle$Holder.invokeSpecial(java.lang.Object, java.lang.Object, java.lang.Object)'> (0x000000071341a638) 
thrown [s\open\src\hotspot\share\interpreter\linkResolver.cpp, line 773]
Event: 0.299 Thread 0x00000126549d6bb0 Exception <a 'java/lang/ClassNotFoundException'{0x00000007134b8bb8}: com/sun/org/apache/xerces/internal/impl/msg/spi/SAXMessagesProvider> (0x00000007134b8bb8) 
thrown [s\open\src\hotspot\share\classfile\systemDictionary.cpp, line 312]

ZGC Phase Switch (0 events):
No events

VM Operations (10 events):
Event: 0.083 Executing VM operation: HandshakeAllThreads (Deoptimize)
Event: 0.083 Executing VM operation: HandshakeAllThreads (Deoptimize) done
Event: 0.289 Executing VM operation: HandshakeAllThreads (Deoptimize)
Event: 0.290 Executing VM operation: HandshakeAllThreads (Deoptimize) done
Event: 0.305 Executing VM operation: HandshakeAllThreads (Deoptimize)
Event: 0.305 Executing VM operation: HandshakeAllThreads (Deoptimize) done
Event: 0.309 Executing VM operation: HandshakeAllThreads (Deoptimize)
Event: 0.309 Executing VM operation: HandshakeAllThreads (Deoptimize) done
Event: 0.330 Executing VM operation: HandshakeAllThreads (Deoptimize)
Event: 0.330 Executing VM operation: HandshakeAllThreads (Deoptimize) done

Events (13 events):
Event: 0.025 Thread 0x00000126549d6bb0 Thread added: 0x00000126549d6bb0
Event: 0.039 Thread 0x0000012675ca05e0 Thread added: 0x0000012675ca05e0
Event: 0.039 Thread 0x0000012675ca1330 Thread added: 0x0000012675ca1330
Event: 0.040 Thread 0x0000012675ca36e0 Thread added: 0x0000012675ca36e0
Event: 0.040 Thread 0x0000012675ca46b0 Thread added: 0x0000012675ca46b0
Event: 0.040 Thread 0x0000012675ca8350 Thread added: 0x0000012675ca8350
Event: 0.040 Thread 0x0000012675ca8db0 Thread added: 0x0000012675ca8db0
Event: 0.040 Thread 0x0000012675ca9c70 Thread added: 0x0000012675ca9c70
Event: 0.040 Thread 0x0000012675cb86d0 Thread added: 0x0000012675cb86d0
Event: 0.076 Thread 0x000001267a0bc230 Thread added: 0x000001267a0bc230
Event: 0.116 Thread 0x000001267a0bcf50 Thread added: 0x000001267a0bcf50
Event: 0.116 Thread 0x000001267a0bbba0 Thread added: 0x000001267a0bbba0
Event: 0.146 Thread 0x000001267a319e60 Thread added: 0x000001267a319e60


Dynamic libraries:
0x00007ff690050000 - 0x00007ff690060000 	C:\Program Files\Java\jdk-21\bin\java.exe
0x00007fff8de70000 - 0x00007fff8e087000 	C:\WINDOWS\SYSTEM32\ntdll.dll
0x00007fff8ca90000 - 0x00007fff8cb54000 	C:\WINDOWS\System32\KERNEL32.DLL
0x00007fff8b3e0000 - 0x00007fff8b78c000 	C:\WINDOWS\System32\KERNELBASE.dll
0x00007fff8ba20000 - 0x00007fff8bb31000 	C:\WINDOWS\System32\ucrtbase.dll
0x00007fff74dd0000 - 0x00007fff74deb000 	C:\Program Files\Java\jdk-21\bin\VCRUNTIME140.dll
0x00007fff7c1d0000 - 0x00007fff7c1e9000 	C:\Program Files\Java\jdk-21\bin\jli.dll
0x00007fff8bca0000 - 0x00007fff8bd52000 	C:\WINDOWS\System32\ADVAPI32.dll
0x00007fff8c7d0000 - 0x00007fff8c877000 	C:\WINDOWS\System32\msvcrt.dll
0x00007fff8db90000 - 0x00007fff8dc38000 	C:\WINDOWS\System32\sechost.dll
0x00007fff8b3b0000 - 0x00007fff8b3d8000 	C:\WINDOWS\System32\bcrypt.dll
0x00007fff8c970000 - 0x00007fff8ca85000 	C:\WINDOWS\System32\RPCRT4.dll
0x00007fff8cfe0000 - 0x00007fff8d18e000 	C:\WINDOWS\System32\USER32.dll
0x00007fff74950000 - 0x00007fff74be3000 	C:\WINDOWS\WinSxS\amd64_microsoft.windows.common-controls_6595b64144ccf1df_6.0.22621.3672_none_2713b9d173822955\COMCTL32.dll
0x00007fff8b380000 - 0x00007fff8b3a6000 	C:\WINDOWS\System32\win32u.dll
0x00007fff8dc40000 - 0x00007fff8dc69000 	C:\WINDOWS\System32\GDI32.dll
0x00007fff8b260000 - 0x00007fff8b379000 	C:\WINDOWS\System32\gdi32full.dll
0x00007fff8b790000 - 0x00007fff8b82a000 	C:\WINDOWS\System32\msvcp_win.dll
0x00007fff82270000 - 0x00007fff8227a000 	C:\WINDOWS\SYSTEM32\VERSION.dll
0x00007fff8d560000 - 0x00007fff8d591000 	C:\WINDOWS\System32\IMM32.DLL
0x00007fff7c1c0000 - 0x00007fff7c1cc000 	C:\Program Files\Java\jdk-21\bin\vcruntime140_1.dll
0x00007fff70b40000 - 0x00007fff70bce000 	C:\Program Files\Java\jdk-21\bin\msvcp140.dll
0x00007ffecdf20000 - 0x00007ffecec37000 	C:\Program Files\Java\jdk-21\bin\server\jvm.dll
0x00007fff8c890000 - 0x00007fff8c901000 	C:\WINDOWS\System32\WS2_32.dll
0x00007fff89ff0000 - 0x00007fff8a03d000 	C:\WINDOWS\SYSTEM32\POWRPROF.dll
0x00007fff81f10000 - 0x00007fff81f44000 	C:\WINDOWS\SYSTEM32\WINMM.dll
0x00007fff89fd0000 - 0x00007fff89fe3000 	C:\WINDOWS\SYSTEM32\UMPDC.dll
0x00007fff8a280000 - 0x00007fff8a298000 	C:\WINDOWS\SYSTEM32\kernel.appcore.dll
0x00007fff74dc0000 - 0x00007fff74dca000 	C:\Program Files\Java\jdk-21\bin\jimage.dll
0x00007fff889b0000 - 0x00007fff88be2000 	C:\WINDOWS\SYSTEM32\DBGHELP.DLL
0x00007fff8cc40000 - 0x00007fff8cfc8000 	C:\WINDOWS\System32\combase.dll
0x00007fff8cb60000 - 0x00007fff8cc37000 	C:\WINDOWS\System32\OLEAUT32.dll
0x00007fff75720000 - 0x00007fff75752000 	C:\WINDOWS\SYSTEM32\dbgcore.DLL
0x00007fff8b830000 - 0x00007fff8b8ab000 	C:\WINDOWS\System32\bcryptPrimitives.dll
0x00007fff74d90000 - 0x00007fff74d9f000 	C:\Program Files\Java\jdk-21\bin\instrument.dll
0x00007fff74da0000 - 0x00007fff74dbf000 	C:\Program Files\Java\jdk-21\bin\java.dll
0x00007fff8bf60000 - 0x00007fff8c7bc000 	C:\WINDOWS\System32\SHELL32.dll
0x00007fff890a0000 - 0x00007fff89997000 	C:\WINDOWS\SYSTEM32\windows.storage.dll
0x00007fff88f60000 - 0x00007fff8909f000 	C:\WINDOWS\SYSTEM32\wintypes.dll
0x00007fff8bd60000 - 0x00007fff8be54000 	C:\WINDOWS\System32\SHCORE.dll
0x00007fff8bf00000 - 0x00007fff8bf5e000 	C:\WINDOWS\System32\shlwapi.dll
0x00007fff8b0d0000 - 0x00007fff8b0f1000 	C:\WINDOWS\SYSTEM32\profapi.dll
0x00007fff6d9e0000 - 0x00007fff6dab7000 	C:\Program Files\Java\jdk-21\bin\jsvml.dll
0x00007fff71140000 - 0x00007fff71158000 	C:\Program Files\Java\jdk-21\bin\zip.dll
0x00007fff74d80000 - 0x00007fff74d90000 	C:\Program Files\Java\jdk-21\bin\net.dll
0x00007fff845d0000 - 0x00007fff84706000 	C:\WINDOWS\SYSTEM32\WINHTTP.dll
0x00007fff8a6e0000 - 0x00007fff8a749000 	C:\WINDOWS\system32\mswsock.dll
0x00007fff71520000 - 0x00007fff71536000 	C:\Program Files\Java\jdk-21\bin\nio.dll
0x00007fff71120000 - 0x00007fff7113a000 	C:\Program Files\JetBrains\IntelliJ IDEA Community Edition 2024.1.1\bin\breakgen64.dll
0x00007fff73d10000 - 0x00007fff73d19000 	C:\Program Files\Java\jdk-21\bin\extnet.dll
0x00007fff73ce0000 - 0x00007fff73cf0000 	C:\Program Files\Java\jdk-21\bin\verify.dll

dbghelp: loaded successfully - version: 4.0.5 - missing functions: none
symbol engine: initialized successfully - sym options: 0x614 - pdb path: .;C:\Program Files\Java\jdk-21\bin;C:\WINDOWS\SYSTEM32;C:\WINDOWS\WinSxS\amd64_microsoft.windows.common-controls_6595b64144ccf1df_6.0.22621.3672_none_2713b9d173822955;C:\Program Files\Java\jdk-21\bin\server;C:\Program Files\JetBrains\IntelliJ IDEA Community Edition 2024.1.1\bin

VM Arguments:
jvm_args: -ea -Didea.test.cyclic.buffer.size=1048576 -javaagent:C:\Program Files\JetBrains\IntelliJ IDEA Community Edition 2024.1.1\lib\idea_rt.jar=55128:C:\Program Files\JetBrains\IntelliJ IDEA Community Edition 2024.1.1\bin -Dfile.encoding=UTF-8 -Dsun.stdout.encoding=UTF-8 -Dsun.stderr.encoding=UTF-8 
java_command: com.intellij.rt.testng.RemoteTestNGStarter -usedefaultlisteners false -socket55127 @w@C:\Users\abdul\AppData\Local\Temp\idea_working_dirs_testng.tmp -temp C:\Users\abdul\AppData\Local\Temp\idea_testng.tmp
java_class_path (initial): C:\Program Files\JetBrains\IntelliJ IDEA Community Edition 2024.1.1\lib\idea_rt.jar;C:\Program Files\JetBrains\IntelliJ IDEA Community Edition 2024.1.1\plugins\testng\lib\testng-rt.jar;C:\Users\abdul\IdeaProjects\EjadaRestAssured\target\test-classes;C:\Users\abdul\IdeaProjects\EjadaRestAssured\target\classes;C:\Users\abdul\.m2\repository\io\rest-assured\rest-assured\5.4.0\rest-assured-5.4.0.jar;C:\Users\abdul\.m2\repository\org\apache\groovy\groovy\4.0.16\groovy-4.0.16.jar;C:\Users\abdul\.m2\repository\org\apache\groovy\groovy-xml\4.0.16\groovy-xml-4.0.16.jar;C:\Users\abdul\.m2\repository\org\apache\httpcomponents\httpclient\4.5.13\httpclient-4.5.13.jar;C:\Users\abdul\.m2\repository\org\apache\httpcomponents\httpcore\4.4.13\httpcore-4.4.13.jar;C:\Users\abdul\.m2\repository\commons-logging\commons-logging\1.2\commons-logging-1.2.jar;C:\Users\abdul\.m2\repository\commons-codec\commons-codec\1.11\commons-codec-1.11.jar;C:\Users\abdul\.m2\repository\org\apache\httpcomponents\httpmime\4.5.13\httpmime-4.5.13.jar;C:\Users\abdul\.m2\repository\org\ccil\cowan\tagsoup\tagsoup\1.2.1\tagsoup-1.2.1.jar;C:\Users\abdul\.m2\repository\io\rest-assured\json-path\5.4.0\json-path-5.4.0.jar;C:\Users\abdul\.m2\repository\org\apache\groovy\groovy-json\4.0.16\groovy-json-4.0.16.jar;C:\Users\abdul\.m2\repository\io\rest-assured\rest-assured-common\5.4.0\rest-assured-common-5.4.0.jar;C:\Users\abdul\.m2\repository\io\rest-assured\xml-path\5.4.0\xml-path-5.4.0.jar;C:\Users\abdul\.m2\repository\org\apache\commons\commons-lang3\3.11\commons-lang3-3.11.jar;C:\Users\abdul\.m2\repository\com\aventstack\extentreports\5.1.1\extentreports-5.1.1.jar;C:\Users\abdul\.m2\repository\io\reactivex\rxjava3\rxjava\3.1.6\rxjava-3.1.6.jar;C:\Users\abdul\.m2\repository\org\reactivestreams\reactive-streams\1.0.4\reactive-streams-1.0.4.jar;C:\Users\abdul\.m2\repository\org\freemarker\freemarker\2.3.32\freemarker-2.3.32.jar;C:\Users\abdul\.m2\repository\org\projectlombok\lombok\1.18.26\lombok-1.18.26.jar;C:\Users\abdul\.m2\repository\com\google\code\gson\gson\2.10.1\gson-2.10.1.jar;C:\Users\abdul\.m2\repository\org\hamcrest\hamcrest\2.2\hamcrest-2.2.jar;C:\Users\abdul\.m2\repository\org\testng\testng\7.10.2\testng-7.10.2.jar;C:\Users\abdul\.m2\repository\org\slf4j\slf4j-api\1.7.36\slf4j-api-1.7.36.jar;C:\Users\abdul\.m2\repository\com\beust\jcommander\1.82\jcommander-1.82.jar;C:\Users\abdul\.m2\repository\org\webjars\jquery\3.7.1\jquery-3.7.1.jar
Launcher Type: SUN_STANDARD

[Global flags]
     intx CICompilerCount                          = 4                                         {product} {ergonomic}
     uint ConcGCThreads                            = 2                                         {product} {ergonomic}
     uint G1ConcRefinementThreads                  = 8                                         {product} {ergonomic}
   size_t G1HeapRegionSize                         = 2097152                                   {product} {ergonomic}
    uintx GCDrainStackTargetSize                   = 64                                        {product} {ergonomic}
   size_t InitialHeapSize                          = 264241152                                 {product} {ergonomic}
   size_t MarkStackSize                            = 4194304                                   {product} {ergonomic}
   size_t MaxHeapSize                              = 4225761280                                {product} {ergonomic}
   size_t MaxNewSize                               = 2535456768                                {product} {ergonomic}
   size_t MinHeapDeltaBytes                        = 2097152                                   {product} {ergonomic}
   size_t MinHeapSize                              = 8388608                                   {product} {ergonomic}
    uintx NonNMethodCodeHeapSize                   = 5839372                                {pd product} {ergonomic}
    uintx NonProfiledCodeHeapSize                  = 122909434                              {pd product} {ergonomic}
    uintx ProfiledCodeHeapSize                     = 122909434                              {pd product} {ergonomic}
    uintx ReservedCodeCacheSize                    = 251658240                              {pd product} {ergonomic}
     bool SegmentedCodeCache                       = true                                      {product} {ergonomic}
   size_t SoftMaxHeapSize                          = 4225761280                             {manageable} {ergonomic}
     bool UseCompressedOops                        = true                           {product lp64_product} {ergonomic}
     bool UseG1GC                                  = true                                      {product} {ergonomic}
     bool UseLargePagesIndividualAllocation        = false                                  {pd product} {ergonomic}

Logging:
Log output configuration:
 #0: stdout all=warning uptime,level,tags foldmultilines=false
 #1: stderr all=off uptime,level,tags foldmultilines=false

Environment Variables:
JAVA_HOME=C:\Program Files\Java\jdk-21
PATH=C:\Program Files\Common Files\Oracle\Java\javapath;C:\WINDOWS\system32;C:\WINDOWS;C:\WINDOWS\System32\Wbem;C:\WINDOWS\System32\WindowsPowerShell\v1.0\;C:\WINDOWS\System32\OpenSSH\;C:\Program Files\dotnet\;C:\Program Files\Microsoft SQL Server\Client SDK\ODBC\170\Tools\Binn\;C:\Program Files (x86)\Microsoft SQL Server\150\Tools\Binn\;C:\Program Files\Microsoft SQL Server\150\Tools\Binn\;C:\Program Files\Microsoft SQL Server\150\DTS\Binn\;C:\Program Files\Java\jdk-21\bin;C:\IDE\apache-maven-3.9.6\bin;C:\Program Files (x86)\NVIDIA Corporation\PhysX\Common;C:\Users\abdul\AppData\Local\Programs\Python\Python311;C:\Program Files\nodejs\;C:\ProgramData\chocolatey\bin;C:\Users\abdul\AppData\Local\Android\SDK\platform-tools;C:\Program Files\PuTTY\;C:\Program Files\Git\cmd;C:\Program Files\Kubernetes\Minikube;;C:\Program Files\Docker\Docker\resources\bin;C:\Users\abdul\AppData\Local\Microsoft\WindowsApps;C:\Program Files\Azure Data Studio\bin;C:\Users\abdul\AppData\Local\GitHubDesktop\bin;;C:\Users\abdul\AppData\Local\Programs\Microsoft VS Code\bin;C:\Program Files\JetBrains\IntelliJ IDEA Community Edition 2023.3.2\bin;;C:\Users\abdul\AppData\Roaming\npm
USERNAME=abdul
OS=Windows_NT
PROCESSOR_IDENTIFIER=Intel64 Family 6 Model 140 Stepping 1, GenuineIntel
TMP=C:\Users\abdul\AppData\Local\Temp
TEMP=C:\Users\abdul\AppData\Local\Temp




Periodic native trim disabled

---------------  S Y S T E M  ---------------

OS:
 Windows 11 , 64 bit Build 22621 (10.0.22621.3672)
OS uptime: 0 days 3:12 hours
Hyper-V role detected

CPU: total 8 (initial active 8) (4 cores per cpu, 2 threads per core) family 6 model 140 stepping 1 microcode 0xb4, cx8, cmov, fxsr, ht, mmx, 3dnowpref, sse, sse2, sse3, ssse3, sse4.1, sse4.2, popcnt, lzcnt, tsc, tscinvbit, avx, avx2, aes, erms, clmul, bmi1, bmi2, adx, avx512f, avx512dq, avx512cd, avx512bw, avx512vl, sha, fma, vzeroupper, avx512_vpopcntdq, avx512_vpclmulqdq, avx512_vaes, avx512_vnni, clflush, clflushopt, clwb, avx512_vbmi2, avx512_vbmi, hv, rdtscp, rdpid, fsrm, gfni, avx512_bitalg, f16c, cet_ibt, cet_ss, avx512_ifma
Processor Information for all 8 processors :
  Max Mhz: 2803, Current Mhz: 2803, Mhz Limit: 2803

Memory: 4k page, system-wide physical 16118M (4008M free)
TotalPageFile size 17938M (AvailPageFile size 4M)
current process WorkingSet (physical memory assigned to process): 53M, peak: 53M
current process commit charge ("private bytes"): 343M, peak: 343M

vm_info: Java HotSpot(TM) 64-Bit Server VM (21.0.2+13-LTS-58) for windows-amd64 JRE (21.0.2+13-LTS-58), built on 2024-01-05T18:32:24Z by "mach5one" with MS VC++ 17.1 (VS2022)

END.
